0.5489 	WARNING 	We strongly recommend you activate the PTB sound engine in PsychoPy prefs as the preferred audio engine. Its timing is vastly superior. Your prefs are currently set to use ['sounddevice', 'PTB', 'pyo', 'pygame'] (in that order).
13.3782 	WARNING 	User requested fullscreen with size [1536  864], but screen is actually [1920, 1080]. Using actual size
14.4918 	EXP 	Created window1 = Window(allowGUI=False, allowStencil=False, args=UNKNOWN, autoLog=True, bitsMode=UNKNOWN, blendMode='avg', bpc=(8, 8, 8), color=array([0., 0., 0.]), colorSpace='rgb', depthBits=8, fullscr=<method-wrapper '__getattribute__' of attributeSetter object at 0x00000194D1E3C470>, gamma=None, gammaErrorPolicy='raise', kwargs=UNKNOWN, lms=UNKNOWN, monitor=<psychopy.monitors.calibTools.Monitor object at 0x00000194D1E89C88>, multiSample=False, name='window1', numSamples=2, pos=[0.0, 0.0], screen=0, size=array([1920, 1080]), stencilBits=0, stereo=False, units='height', useFBO=True, useRetina=False, viewOri=0.0, viewPos=None, viewScale=None, waitBlanking=True, winType='pyglet')
14.4923 	EXP 	window1: mouseVisible = True
14.4924 	EXP 	window1: recordFrameIntervals = False
14.6566 	EXP 	window1: recordFrameIntervals = True
14.8402 	EXP 	window1: recordFrameIntervals = False
15.1075 	EXP 	Created instrTxt1 = TextStim(__class__=<class 'psychopy.visual.text.TextStim'>, alignHoriz=method-wrapper(...), alignText='center', alignVert=method-wrapper(...), anchorHoriz='center', anchorVert='center', antialias=True, autoLog=True, bold=False, color='white', colorSpace='named', contrast=1.0, depth=0.0, flipHoriz=False, flipVert=False, font='Arial', fontFiles=[], height=0.05, italic=False, languageStyle='Arabic', name='instrTxt1', opacity=1.0, ori=0, pos=array([0., 0.]), rgb=array([255., 255., 255.]), text=str(...), units='height', win=Window(...), wrapWidth=1)
15.1107 	EXP 	Created imgStart1 = ImageStim(__class__=<class 'psychopy.visual.image.ImageStim'>, autoLog=True, color=array([1., 1., 1.]), colorSpace='rgb', contrast=1.0, depth=-1.0, flipHoriz=False, flipVert=False, image='Start.jpg', interpolate=True, mask=None, maskParams=None, name='imgStart1', opacity=1.0, ori=0.0, pos=array([-1., -9.]), size=array([5., 5.]), texRes=128, units='deg', win=Window(...))
15.1109 	EXP 	window1: mouseVisible = True
15.1414 	EXP 	Created targetTxt = TextStim(__class__=<class 'psychopy.visual.text.TextStim'>, alignHoriz=method-wrapper(...), alignText='center', alignVert=method-wrapper(...), anchorHoriz='center', anchorVert='center', antialias=True, autoLog=True, bold=False, color='white', colorSpace='named', contrast=1.0, depth=0.0, flipHoriz=False, flipVert=False, font='Arial', fontFiles=[], height=0.1, italic=False, languageStyle='Arabic', name='targetTxt', opacity=1.0, ori=0, pos=array([0., 0.]), rgb=array([255., 255., 255.]), text='default text', units='height', win=Window(...), wrapWidth=1)
15.1438 	EXP 	Created imgRed = ImageStim(__class__=<class 'psychopy.visual.image.ImageStim'>, autoLog=True, color=array([1., 1., 1.]), colorSpace='rgb', contrast=1.0, depth=-1.0, flipHoriz=False, flipVert=False, image='sin', interpolate=True, mask=None, maskParams=None, name='imgRed', opacity=1.0, ori=1.0, pos=array([0., 0.]), size=array([1., 1.]), texRes=128, units='deg', win=Window(...))
15.1460 	EXP 	Created imgBlue = ImageStim(__class__=<class 'psychopy.visual.image.ImageStim'>, autoLog=True, color=array([1., 1., 1.]), colorSpace='rgb', contrast=1.0, depth=-2.0, flipHoriz=False, flipVert=False, image='sin', interpolate=True, mask=None, maskParams=None, name='imgBlue', opacity=1.0, ori=1.0, pos=array([0., 0.]), size=array([1., 1.]), texRes=128, units='deg', win=Window(...))
15.1476 	EXP 	Created imgGreen = ImageStim(__class__=<class 'psychopy.visual.image.ImageStim'>, autoLog=True, color=array([1., 1., 1.]), colorSpace='rgb', contrast=1.0, depth=-3.0, flipHoriz=False, flipVert=False, image='sin', interpolate=True, mask=None, maskParams=None, name='imgGreen', opacity=1.0, ori=1.0, pos=array([0., 0.]), size=array([1., 1.]), texRes=128, units='deg', win=Window(...))
15.1490 	EXP 	Created imgYellow = ImageStim(__class__=<class 'psychopy.visual.image.ImageStim'>, autoLog=True, color=array([1., 1., 1.]), colorSpace='rgb', contrast=1.0, depth=-4.0, flipHoriz=False, flipVert=False, image='sin', interpolate=True, mask=None, maskParams=None, name='imgYellow', opacity=1.0, ori=1.0, pos=array([0., 0.]), size=array([1., 1.]), texRes=128, units='deg', win=Window(...))
15.1491 	EXP 	window1: mouseVisible = True
15.1548 	EXP 	Created feedbackTxt = TextStim(__class__=<class 'psychopy.visual.text.TextStim'>, alignHoriz=method-wrapper(...), alignText='center', alignVert=method-wrapper(...), anchorHoriz='center', anchorVert='center', antialias=True, autoLog=True, bold=False, color=array([1., 1., 1.]), colorSpace='rgb', contrast=1.0, depth=-1.0, flipHoriz=False, flipVert=False, font='Arial', fontFiles=[], height=0.1, italic=False, languageStyle='Arabic', name='feedbackTxt', opacity=1.0, ori=0, pos=array([0., 0.]), rgb=array([1., 1., 1.]), text='default text', units='height', win=Window(...), wrapWidth=1)
15.1806 	EXP 	Created instrTxt = TextStim(__class__=<class 'psychopy.visual.text.TextStim'>, alignHoriz=method-wrapper(...), alignText='center', alignVert=method-wrapper(...), anchorHoriz='center', anchorVert='center', antialias=True, autoLog=True, bold=False, color=array([1., 1., 1.]), colorSpace='rgb', contrast=1.0, depth=0.0, flipHoriz=False, flipVert=False, font='Arial', fontFiles=[], height=0.05, italic=False, languageStyle='Arabic', name='instrTxt', opacity=1.0, ori=0, pos=array([0., 0.]), rgb=array([1., 1., 1.]), text=str(...), units='height', win=Window(...), wrapWidth=1)
15.1825 	EXP 	Created imgStart = ImageStim(__class__=<class 'psychopy.visual.image.ImageStim'>, autoLog=True, color=array([1., 1., 1.]), colorSpace='rgb', contrast=1.0, depth=-1.0, flipHoriz=False, flipVert=False, image='Start.jpg', interpolate=True, mask=None, maskParams=None, name='imgStart', opacity=1.0, ori=0.0, pos=array([-1., -9.]), size=array([5., 5.]), texRes=128, units='deg', win=Window(...))
15.1826 	EXP 	window1: mouseVisible = True
15.1918 	EXP 	Created targetTxt = TextStim(__class__=<class 'psychopy.visual.text.TextStim'>, alignHoriz=method-wrapper(...), alignText='center', alignVert=method-wrapper(...), anchorHoriz='center', anchorVert='center', antialias=True, autoLog=True, bold=False, color='white', colorSpace='named', contrast=1.0, depth=0.0, flipHoriz=False, flipVert=False, font='Arial', fontFiles=[], height=0.1, italic=False, languageStyle='Arabic', name='targetTxt', opacity=1.0, ori=0, pos=array([0., 0.]), rgb=array([255., 255., 255.]), text='default text', units='height', win=Window(...), wrapWidth=1)
15.1934 	EXP 	Created imgRed = ImageStim(__class__=<class 'psychopy.visual.image.ImageStim'>, autoLog=True, color=array([1., 1., 1.]), colorSpace='rgb', contrast=1.0, depth=-1.0, flipHoriz=False, flipVert=False, image='sin', interpolate=True, mask=None, maskParams=None, name='imgRed', opacity=1.0, ori=1.0, pos=array([0., 0.]), size=array([1., 1.]), texRes=128, units='deg', win=Window(...))
15.1951 	EXP 	Created imgBlue = ImageStim(__class__=<class 'psychopy.visual.image.ImageStim'>, autoLog=True, color=array([1., 1., 1.]), colorSpace='rgb', contrast=1.0, depth=-2.0, flipHoriz=False, flipVert=False, image='sin', interpolate=True, mask=None, maskParams=None, name='imgBlue', opacity=1.0, ori=1.0, pos=array([0., 0.]), size=array([1., 1.]), texRes=128, units='deg', win=Window(...))
15.1965 	EXP 	Created imgGreen = ImageStim(__class__=<class 'psychopy.visual.image.ImageStim'>, autoLog=True, color=array([1., 1., 1.]), colorSpace='rgb', contrast=1.0, depth=-3.0, flipHoriz=False, flipVert=False, image='sin', interpolate=True, mask=None, maskParams=None, name='imgGreen', opacity=1.0, ori=1.0, pos=array([0., 0.]), size=array([1., 1.]), texRes=128, units='deg', win=Window(...))
15.1982 	EXP 	Created imgYellow = ImageStim(__class__=<class 'psychopy.visual.image.ImageStim'>, autoLog=True, color=array([1., 1., 1.]), colorSpace='rgb', contrast=1.0, depth=-4.0, flipHoriz=False, flipVert=False, image='sin', interpolate=True, mask=None, maskParams=None, name='imgYellow', opacity=1.0, ori=1.0, pos=array([0., 0.]), size=array([1., 1.]), texRes=128, units='deg', win=Window(...))
15.1984 	EXP 	window1: mouseVisible = True
15.2358 	EXP 	Created thanksText = TextStim(__class__=<class 'psychopy.visual.text.TextStim'>, alignHoriz=method-wrapper(...), alignText='center', alignVert=method-wrapper(...), anchorHoriz='center', anchorVert='center', antialias=True, autoLog=True, bold=False, color=array([1., 1., 1.]), colorSpace='rgb', contrast=1.0, depth=0.0, flipHoriz=False, flipVert=False, font='Arial', fontFiles=[], height=0.1, italic=False, languageStyle='Arabic', name='thanksText', opacity=1.0, ori=0, pos=array([0., 0.]), rgb=array([1., 1., 1.]), text='ﻥﻮﻣﺯﺁ ﻥﺎﯾﺎﭘ\n\n!ﻢﯾﺭﺍﺰﮕﺳﺎﭙﺳ ﺭﺎﯿﺴﺑ ﺎﻤﺷ ﺯﺍ', units='height', win=Window(...), wrapWidth=1)
15.2895 	EXP 	instrTxt1: autoDraw = True
15.2895 	EXP 	imgStart1: autoDraw = True
15.9087 	DATA 	Mouse: Left button down, pos=(947,249)
15.9471 	EXP 	Imported practice.xlsx as conditions, 8 conditions, 4 params
15.9477 	EXP 	Created sequence: random, trialTypes=8, nReps=1, seed=None
15.9482 	EXP 	New trial (rep=0, index=0): OrderedDict([('word', 'زرد'), ('colour', 'green'), ('congruent', 0), ('corrAns', 'imgGreen')])
15.9894 	EXP 	instrTxt1: autoDraw = False
15.9894 	EXP 	imgStart1: autoDraw = False
15.9894 	EXP 	targetTxt: color = 'green (named)'
15.9894 	EXP 	targetTxt: text = 'زرد'
15.9894 	EXP 	imgRed: opacity = 1.0
15.9894 	EXP 	imgRed: pos = array([-1., -5.])
15.9894 	EXP 	imgRed: size = array([0.6, 0.6])
15.9894 	EXP 	imgRed: ori = 0.0
15.9894 	EXP 	imgRed: image = 'Red.jpg'
15.9894 	EXP 	imgBlue: opacity = 1.0
15.9894 	EXP 	imgBlue: pos = array([ 0., -5.])
15.9894 	EXP 	imgBlue: size = array([0.6, 0.6])
15.9894 	EXP 	imgBlue: ori = 1.0
15.9894 	EXP 	imgBlue: image = 'Blue.jpg'
15.9894 	EXP 	imgGreen: opacity = 1.0
15.9894 	EXP 	imgGreen: pos = array([ 1., -5.])
15.9894 	EXP 	imgGreen: size = array([0.6, 0.6])
15.9894 	EXP 	imgGreen: ori = 2.0
15.9894 	EXP 	imgGreen: image = 'Green.jpg'
15.9894 	EXP 	imgYellow: opacity = 1.0
15.9894 	EXP 	imgYellow: pos = array([ 2., -5.])
15.9894 	EXP 	imgYellow: size = array([0.6, 0.6])
15.9894 	EXP 	imgYellow: ori = 3.0
15.9894 	EXP 	imgYellow: image = 'Yellow.jpg'
15.9894 	EXP 	targetTxt: autoDraw = True
15.9894 	EXP 	imgRed: autoDraw = True
15.9894 	EXP 	imgBlue: autoDraw = True
15.9894 	EXP 	imgGreen: autoDraw = True
15.9894 	EXP 	imgYellow: autoDraw = True
16.0237 	DATA 	Mouse:  Left button up, pos=(947,249)
16.9570 	DATA 	Mouse: Left button down, pos=(992,375)
17.1853 	EXP 	window1: mouseVisible = True
