0.7496 	WARNING 	We strongly recommend you activate the PTB sound engine in PsychoPy prefs as the preferred audio engine. Its timing is vastly superior. Your prefs are currently set to use ['sounddevice', 'PTB', 'pyo', 'pygame'] (in that order).
14.3239 	WARNING 	User requested fullscreen with size [1536  864], but screen is actually [1920, 1080]. Using actual size
15.3869 	EXP 	Created window1 = Window(allowGUI=False, allowStencil=False, args=UNKNOWN, autoLog=True, bitsMode=UNKNOWN, blendMode='avg', bpc=(8, 8, 8), color=array([0., 0., 0.]), colorSpace='rgb', depthBits=8, fullscr=<method-wrapper '__getattribute__' of attributeSetter object at 0x00000243A4C794E0>, gamma=None, gammaErrorPolicy='raise', kwargs=UNKNOWN, lms=UNKNOWN, monitor=<psychopy.monitors.calibTools.Monitor object at 0x00000243A4CC8CF8>, multiSample=False, name='window1', numSamples=2, pos=[0.0, 0.0], screen=0, size=array([1920, 1080]), stencilBits=0, stereo=False, units='height', useFBO=True, useRetina=False, viewOri=0.0, viewPos=None, viewScale=None, waitBlanking=True, winType='pyglet')
15.3874 	EXP 	window1: mouseVisible = True
15.3874 	EXP 	window1: recordFrameIntervals = False
15.5532 	EXP 	window1: recordFrameIntervals = True
15.7360 	EXP 	window1: recordFrameIntervals = False
16.0099 	EXP 	Created instrTxt1 = TextStim(__class__=<class 'psychopy.visual.text.TextStim'>, alignHoriz=method-wrapper(...), alignText='center', alignVert=method-wrapper(...), anchorHoriz='center', anchorVert='center', antialias=True, autoLog=True, bold=False, color='white', colorSpace='named', contrast=1.0, depth=0.0, flipHoriz=False, flipVert=False, font='Arial', fontFiles=[], height=0.05, italic=False, languageStyle='Arabic', name='instrTxt1', opacity=1.0, ori=0, pos=array([0., 0.]), rgb=array([255., 255., 255.]), text=str(...), units='height', win=Window(...), wrapWidth=1)
16.0132 	EXP 	Created imgStart1 = ImageStim(__class__=<class 'psychopy.visual.image.ImageStim'>, autoLog=True, color=array([1., 1., 1.]), colorSpace='rgb', contrast=1.0, depth=-1.0, flipHoriz=False, flipVert=False, image='Start.jpg', interpolate=True, mask=None, maskParams=None, name='imgStart1', opacity=1.0, ori=0.0, pos=array([-1., -9.]), size=array([5., 5.]), texRes=128, units='deg', win=Window(...))
16.0133 	EXP 	window1: mouseVisible = True
16.0413 	EXP 	Created targetTxt = TextStim(__class__=<class 'psychopy.visual.text.TextStim'>, alignHoriz=method-wrapper(...), alignText='center', alignVert=method-wrapper(...), anchorHoriz='center', anchorVert='center', antialias=True, autoLog=True, bold=False, color='white', colorSpace='named', contrast=1.0, depth=0.0, flipHoriz=False, flipVert=False, font='Arial', fontFiles=[], height=0.1, italic=False, languageStyle='Arabic', name='targetTxt', opacity=1.0, ori=0, pos=array([0., 0.]), rgb=array([255., 255., 255.]), text='default text', units='height', win=Window(...), wrapWidth=1)
16.0428 	EXP 	Created imgRed = ImageStim(__class__=<class 'psychopy.visual.image.ImageStim'>, autoLog=True, color=array([1., 1., 1.]), colorSpace='rgb', contrast=1.0, depth=-1.0, flipHoriz=False, flipVert=False, image='sin', interpolate=True, mask=None, maskParams=None, name='imgRed', opacity=1.0, ori=1.0, pos=array([0., 0.]), size=array([1., 1.]), texRes=128, units='deg', win=Window(...))
16.0444 	EXP 	Created imgBlue = ImageStim(__class__=<class 'psychopy.visual.image.ImageStim'>, autoLog=True, color=array([1., 1., 1.]), colorSpace='rgb', contrast=1.0, depth=-2.0, flipHoriz=False, flipVert=False, image='sin', interpolate=True, mask=None, maskParams=None, name='imgBlue', opacity=1.0, ori=1.0, pos=array([0., 0.]), size=array([1., 1.]), texRes=128, units='deg', win=Window(...))
16.0462 	EXP 	Created imgGreen = ImageStim(__class__=<class 'psychopy.visual.image.ImageStim'>, autoLog=True, color=array([1., 1., 1.]), colorSpace='rgb', contrast=1.0, depth=-3.0, flipHoriz=False, flipVert=False, image='sin', interpolate=True, mask=None, maskParams=None, name='imgGreen', opacity=1.0, ori=1.0, pos=array([0., 0.]), size=array([1., 1.]), texRes=128, units='deg', win=Window(...))
16.0478 	EXP 	Created imgYellow = ImageStim(__class__=<class 'psychopy.visual.image.ImageStim'>, autoLog=True, color=array([1., 1., 1.]), colorSpace='rgb', contrast=1.0, depth=-4.0, flipHoriz=False, flipVert=False, image='sin', interpolate=True, mask=None, maskParams=None, name='imgYellow', opacity=1.0, ori=1.0, pos=array([0., 0.]), size=array([1., 1.]), texRes=128, units='deg', win=Window(...))
16.0479 	EXP 	window1: mouseVisible = True
16.0539 	EXP 	Created feedbackTxt = TextStim(__class__=<class 'psychopy.visual.text.TextStim'>, alignHoriz=method-wrapper(...), alignText='center', alignVert=method-wrapper(...), anchorHoriz='center', anchorVert='center', antialias=True, autoLog=True, bold=False, color=array([1., 1., 1.]), colorSpace='rgb', contrast=1.0, depth=-1.0, flipHoriz=False, flipVert=False, font='Arial', fontFiles=[], height=0.1, italic=False, languageStyle='Arabic', name='feedbackTxt', opacity=1.0, ori=0, pos=array([0., 0.]), rgb=array([1., 1., 1.]), text='default text', units='height', win=Window(...), wrapWidth=1)
16.0793 	EXP 	Created instrTxt = TextStim(__class__=<class 'psychopy.visual.text.TextStim'>, alignHoriz=method-wrapper(...), alignText='center', alignVert=method-wrapper(...), anchorHoriz='center', anchorVert='center', antialias=True, autoLog=True, bold=False, color=array([1., 1., 1.]), colorSpace='rgb', contrast=1.0, depth=0.0, flipHoriz=False, flipVert=False, font='Arial', fontFiles=[], height=0.05, italic=False, languageStyle='Arabic', name='instrTxt', opacity=1.0, ori=0, pos=array([0., 0.]), rgb=array([1., 1., 1.]), text=str(...), units='height', win=Window(...), wrapWidth=1)
16.0812 	EXP 	Created imgStart = ImageStim(__class__=<class 'psychopy.visual.image.ImageStim'>, autoLog=True, color=array([1., 1., 1.]), colorSpace='rgb', contrast=1.0, depth=-1.0, flipHoriz=False, flipVert=False, image='Start.jpg', interpolate=True, mask=None, maskParams=None, name='imgStart', opacity=1.0, ori=0.0, pos=array([-1., -9.]), size=array([5., 5.]), texRes=128, units='deg', win=Window(...))
16.0813 	EXP 	window1: mouseVisible = True
16.0871 	EXP 	Created targetTxt = TextStim(__class__=<class 'psychopy.visual.text.TextStim'>, alignHoriz=method-wrapper(...), alignText='center', alignVert=method-wrapper(...), anchorHoriz='center', anchorVert='center', antialias=True, autoLog=True, bold=False, color='white', colorSpace='named', contrast=1.0, depth=0.0, flipHoriz=False, flipVert=False, font='Arial', fontFiles=[], height=0.1, italic=False, languageStyle='Arabic', name='targetTxt', opacity=1.0, ori=0, pos=array([0., 0.]), rgb=array([255., 255., 255.]), text='default text', units='height', win=Window(...), wrapWidth=1)
16.0887 	EXP 	Created imgRed = ImageStim(__class__=<class 'psychopy.visual.image.ImageStim'>, autoLog=True, color=array([1., 1., 1.]), colorSpace='rgb', contrast=1.0, depth=-1.0, flipHoriz=False, flipVert=False, image='sin', interpolate=True, mask=None, maskParams=None, name='imgRed', opacity=1.0, ori=1.0, pos=array([0., 0.]), size=array([1., 1.]), texRes=128, units='deg', win=Window(...))
16.0908 	EXP 	Created imgBlue = ImageStim(__class__=<class 'psychopy.visual.image.ImageStim'>, autoLog=True, color=array([1., 1., 1.]), colorSpace='rgb', contrast=1.0, depth=-2.0, flipHoriz=False, flipVert=False, image='sin', interpolate=True, mask=None, maskParams=None, name='imgBlue', opacity=1.0, ori=1.0, pos=array([0., 0.]), size=array([1., 1.]), texRes=128, units='deg', win=Window(...))
16.0923 	EXP 	Created imgGreen = ImageStim(__class__=<class 'psychopy.visual.image.ImageStim'>, autoLog=True, color=array([1., 1., 1.]), colorSpace='rgb', contrast=1.0, depth=-3.0, flipHoriz=False, flipVert=False, image='sin', interpolate=True, mask=None, maskParams=None, name='imgGreen', opacity=1.0, ori=1.0, pos=array([0., 0.]), size=array([1., 1.]), texRes=128, units='deg', win=Window(...))
16.0944 	EXP 	Created imgYellow = ImageStim(__class__=<class 'psychopy.visual.image.ImageStim'>, autoLog=True, color=array([1., 1., 1.]), colorSpace='rgb', contrast=1.0, depth=-4.0, flipHoriz=False, flipVert=False, image='sin', interpolate=True, mask=None, maskParams=None, name='imgYellow', opacity=1.0, ori=1.0, pos=array([0., 0.]), size=array([1., 1.]), texRes=128, units='deg', win=Window(...))
16.0945 	EXP 	window1: mouseVisible = True
16.1324 	EXP 	Created thanksText = TextStim(__class__=<class 'psychopy.visual.text.TextStim'>, alignHoriz=method-wrapper(...), alignText='center', alignVert=method-wrapper(...), anchorHoriz='center', anchorVert='center', antialias=True, autoLog=True, bold=False, color=array([1., 1., 1.]), colorSpace='rgb', contrast=1.0, depth=0.0, flipHoriz=False, flipVert=False, font='Arial', fontFiles=[], height=0.1, italic=False, languageStyle='Arabic', name='thanksText', opacity=1.0, ori=0, pos=array([0., 0.]), rgb=array([1., 1., 1.]), text='ﻥﻮﻣﺯﺁ ﻥﺎﯾﺎﭘ\n\n!ﻢﯾﺭﺍﺰﮕﺳﺎﭙﺳ ﺭﺎﯿﺴﺑ ﺎﻤﺷ ﺯﺍ', units='height', win=Window(...), wrapWidth=1)
16.1854 	EXP 	instrTxt1: autoDraw = True
16.1854 	EXP 	imgStart1: autoDraw = True
16.9035 	DATA 	Mouse: Left button down, pos=(960,255)
16.9442 	EXP 	Imported practice.xlsx as conditions, 8 conditions, 4 params
16.9448 	EXP 	Created sequence: random, trialTypes=8, nReps=1, seed=None
16.9454 	EXP 	New trial (rep=0, index=0): OrderedDict([('word', 'آبی'), ('colour', 'blue'), ('congruent', 1), ('corrAns', 'imgBlue')])
16.9850 	EXP 	instrTxt1: autoDraw = False
16.9850 	EXP 	imgStart1: autoDraw = False
16.9850 	EXP 	targetTxt: color = 'blue (named)'
16.9850 	EXP 	targetTxt: text = 'آبی'
16.9850 	EXP 	imgRed: opacity = 1.0
16.9850 	EXP 	imgRed: pos = array([-1., -5.])
16.9850 	EXP 	imgRed: size = array([0.6, 0.6])
16.9850 	EXP 	imgRed: ori = 0.0
16.9850 	EXP 	imgRed: image = 'Red.jpg'
16.9850 	EXP 	imgBlue: opacity = 1.0
16.9850 	EXP 	imgBlue: pos = array([ 0., -5.])
16.9850 	EXP 	imgBlue: size = array([0.6, 0.6])
16.9850 	EXP 	imgBlue: ori = 1.0
16.9850 	EXP 	imgBlue: image = 'Blue.jpg'
16.9850 	EXP 	imgGreen: opacity = 1.0
16.9850 	EXP 	imgGreen: pos = array([ 1., -5.])
16.9850 	EXP 	imgGreen: size = array([0.6, 0.6])
16.9850 	EXP 	imgGreen: ori = 2.0
16.9850 	EXP 	imgGreen: image = 'Green.jpg'
16.9850 	EXP 	imgYellow: opacity = 1.0
16.9850 	EXP 	imgYellow: pos = array([ 2., -5.])
16.9850 	EXP 	imgYellow: size = array([0.6, 0.6])
16.9850 	EXP 	imgYellow: ori = 3.0
16.9850 	EXP 	imgYellow: image = 'Yellow.jpg'
16.9850 	EXP 	targetTxt: autoDraw = True
16.9850 	EXP 	imgRed: autoDraw = True
16.9850 	EXP 	imgBlue: autoDraw = True
16.9850 	EXP 	imgGreen: autoDraw = True
16.9850 	EXP 	imgYellow: autoDraw = True
17.0191 	DATA 	Mouse:  Left button up, pos=(960,255)
17.8025 	DATA 	Mouse: Left button down, pos=(993,367)
17.8849 	EXP 	targetTxt: autoDraw = False
17.8849 	EXP 	imgRed: autoDraw = False
17.8849 	EXP 	imgBlue: autoDraw = False
17.8849 	EXP 	imgGreen: autoDraw = False
17.8849 	EXP 	imgYellow: autoDraw = False
17.8849 	EXP 	feedbackTxt: text = 'mos:imgGreen txt:imgblue'
17.8849 	EXP 	feedbackTxt: autoDraw = True
17.9210 	DATA 	Mouse:  Left button up, pos=(993,368)
18.8712 	EXP 	New trial (rep=0, index=1): OrderedDict([('word', 'قرمز'), ('colour', 'red'), ('congruent', 1), ('corrAns', 'imgRed')])
18.9182 	EXP 	feedbackTxt: autoDraw = False
18.9182 	EXP 	feedbackTxt: autoDraw = False
18.9182 	EXP 	targetTxt: color = 'red (named)'
18.9182 	EXP 	targetTxt: text = 'قرمز'
18.9182 	EXP 	imgRed: opacity = 1.0
18.9182 	EXP 	imgRed: pos = array([-1., -5.])
18.9182 	EXP 	imgRed: size = array([0.6, 0.6])
18.9182 	EXP 	imgRed: ori = 0.0
18.9182 	EXP 	imgRed: image = 'Red.jpg'
18.9182 	EXP 	imgBlue: opacity = 1.0
18.9182 	EXP 	imgBlue: pos = array([ 0., -5.])
18.9182 	EXP 	imgBlue: size = array([0.6, 0.6])
18.9182 	EXP 	imgBlue: ori = 1.0
18.9182 	EXP 	imgBlue: image = 'Blue.jpg'
18.9182 	EXP 	imgGreen: opacity = 1.0
18.9182 	EXP 	imgGreen: pos = array([ 1., -5.])
18.9182 	EXP 	imgGreen: size = array([0.6, 0.6])
18.9182 	EXP 	imgGreen: ori = 2.0
18.9182 	EXP 	imgGreen: image = 'Green.jpg'
18.9182 	EXP 	imgYellow: opacity = 1.0
18.9182 	EXP 	imgYellow: pos = array([ 2., -5.])
18.9182 	EXP 	imgYellow: size = array([0.6, 0.6])
18.9182 	EXP 	imgYellow: ori = 3.0
18.9182 	EXP 	imgYellow: image = 'Yellow.jpg'
18.9182 	EXP 	targetTxt: autoDraw = True
18.9182 	EXP 	imgRed: autoDraw = True
18.9182 	EXP 	imgBlue: autoDraw = True
18.9182 	EXP 	imgGreen: autoDraw = True
18.9182 	EXP 	imgYellow: autoDraw = True
19.9908 	DATA 	Mouse: Left button down, pos=(993,368)
20.0356 	EXP 	targetTxt: autoDraw = False
20.0356 	EXP 	imgRed: autoDraw = False
20.0356 	EXP 	imgBlue: autoDraw = False
20.0356 	EXP 	imgGreen: autoDraw = False
20.0356 	EXP 	imgYellow: autoDraw = False
20.0356 	EXP 	feedbackTxt: text = 'mos:imgGreen txt:imgred'
20.0356 	EXP 	feedbackTxt: autoDraw = True
20.0892 	DATA 	Mouse:  Left button up, pos=(993,368)
21.0214 	EXP 	New trial (rep=0, index=2): OrderedDict([('word', 'قرمز'), ('colour', 'blue'), ('congruent', 0), ('corrAns', 'imgBlue')])
21.0689 	EXP 	feedbackTxt: autoDraw = False
21.0689 	EXP 	feedbackTxt: autoDraw = False
21.0689 	EXP 	targetTxt: color = 'blue (named)'
21.0689 	EXP 	targetTxt: text = 'قرمز'
21.0689 	EXP 	imgRed: opacity = 1.0
21.0689 	EXP 	imgRed: pos = array([-1., -5.])
21.0689 	EXP 	imgRed: size = array([0.6, 0.6])
21.0689 	EXP 	imgRed: ori = 0.0
21.0689 	EXP 	imgRed: image = 'Red.jpg'
21.0689 	EXP 	imgBlue: opacity = 1.0
21.0689 	EXP 	imgBlue: pos = array([ 0., -5.])
21.0689 	EXP 	imgBlue: size = array([0.6, 0.6])
21.0689 	EXP 	imgBlue: ori = 1.0
21.0689 	EXP 	imgBlue: image = 'Blue.jpg'
21.0689 	EXP 	imgGreen: opacity = 1.0
21.0689 	EXP 	imgGreen: pos = array([ 1., -5.])
21.0689 	EXP 	imgGreen: size = array([0.6, 0.6])
21.0689 	EXP 	imgGreen: ori = 2.0
21.0689 	EXP 	imgGreen: image = 'Green.jpg'
21.0689 	EXP 	imgYellow: opacity = 1.0
21.0689 	EXP 	imgYellow: pos = array([ 2., -5.])
21.0689 	EXP 	imgYellow: size = array([0.6, 0.6])
21.0689 	EXP 	imgYellow: ori = 3.0
21.0689 	EXP 	imgYellow: image = 'Yellow.jpg'
21.0689 	EXP 	targetTxt: autoDraw = True
21.0689 	EXP 	imgRed: autoDraw = True
21.0689 	EXP 	imgBlue: autoDraw = True
21.0689 	EXP 	imgGreen: autoDraw = True
21.0689 	EXP 	imgYellow: autoDraw = True
22.1856 	DATA 	Mouse: Left button down, pos=(993,368)
22.2182 	EXP 	targetTxt: autoDraw = False
22.2182 	EXP 	imgRed: autoDraw = False
22.2182 	EXP 	imgBlue: autoDraw = False
22.2182 	EXP 	imgGreen: autoDraw = False
22.2182 	EXP 	imgYellow: autoDraw = False
22.2182 	EXP 	feedbackTxt: text = 'mos:imgGreen txt:imgblue'
22.2182 	EXP 	feedbackTxt: autoDraw = True
22.2887 	DATA 	Mouse:  Left button up, pos=(993,368)
23.2042 	EXP 	New trial (rep=0, index=3): OrderedDict([('word', 'سبز'), ('colour', 'yellow'), ('congruent', 0), ('corrAns', 'imgYellow')])
23.2508 	EXP 	feedbackTxt: autoDraw = False
23.2508 	EXP 	feedbackTxt: autoDraw = False
23.2508 	EXP 	targetTxt: color = 'yellow (named)'
23.2508 	EXP 	targetTxt: text = 'سبز'
23.2508 	EXP 	imgRed: opacity = 1.0
23.2508 	EXP 	imgRed: pos = array([-1., -5.])
23.2508 	EXP 	imgRed: size = array([0.6, 0.6])
23.2508 	EXP 	imgRed: ori = 0.0
23.2508 	EXP 	imgRed: image = 'Red.jpg'
23.2508 	EXP 	imgBlue: opacity = 1.0
23.2508 	EXP 	imgBlue: pos = array([ 0., -5.])
23.2508 	EXP 	imgBlue: size = array([0.6, 0.6])
23.2508 	EXP 	imgBlue: ori = 1.0
23.2508 	EXP 	imgBlue: image = 'Blue.jpg'
23.2508 	EXP 	imgGreen: opacity = 1.0
23.2508 	EXP 	imgGreen: pos = array([ 1., -5.])
23.2508 	EXP 	imgGreen: size = array([0.6, 0.6])
23.2508 	EXP 	imgGreen: ori = 2.0
23.2508 	EXP 	imgGreen: image = 'Green.jpg'
23.2508 	EXP 	imgYellow: opacity = 1.0
23.2508 	EXP 	imgYellow: pos = array([ 2., -5.])
23.2508 	EXP 	imgYellow: size = array([0.6, 0.6])
23.2508 	EXP 	imgYellow: ori = 3.0
23.2508 	EXP 	imgYellow: image = 'Yellow.jpg'
23.2508 	EXP 	targetTxt: autoDraw = True
23.2508 	EXP 	imgRed: autoDraw = True
23.2508 	EXP 	imgBlue: autoDraw = True
23.2508 	EXP 	imgGreen: autoDraw = True
23.2508 	EXP 	imgYellow: autoDraw = True
24.8847 	DATA 	Mouse: Left button down, pos=(993,368)
24.9339 	EXP 	targetTxt: autoDraw = False
24.9339 	EXP 	imgRed: autoDraw = False
24.9339 	EXP 	imgBlue: autoDraw = False
24.9339 	EXP 	imgGreen: autoDraw = False
24.9339 	EXP 	imgYellow: autoDraw = False
24.9339 	EXP 	feedbackTxt: text = 'mos:imgGreen txt:imgyellow'
24.9339 	EXP 	feedbackTxt: autoDraw = True
24.9876 	DATA 	Mouse:  Left button up, pos=(993,368)
25.9206 	EXP 	New trial (rep=0, index=4): OrderedDict([('word', 'زرد'), ('colour', 'green'), ('congruent', 0), ('corrAns', 'imgGreen')])
25.9671 	EXP 	feedbackTxt: autoDraw = False
25.9671 	EXP 	feedbackTxt: autoDraw = False
25.9671 	EXP 	targetTxt: color = 'green (named)'
25.9671 	EXP 	targetTxt: text = 'زرد'
25.9671 	EXP 	imgRed: opacity = 1.0
25.9671 	EXP 	imgRed: pos = array([-1., -5.])
25.9671 	EXP 	imgRed: size = array([0.6, 0.6])
25.9671 	EXP 	imgRed: ori = 0.0
25.9671 	EXP 	imgRed: image = 'Red.jpg'
25.9671 	EXP 	imgBlue: opacity = 1.0
25.9671 	EXP 	imgBlue: pos = array([ 0., -5.])
25.9671 	EXP 	imgBlue: size = array([0.6, 0.6])
25.9671 	EXP 	imgBlue: ori = 1.0
25.9671 	EXP 	imgBlue: image = 'Blue.jpg'
25.9671 	EXP 	imgGreen: opacity = 1.0
25.9671 	EXP 	imgGreen: pos = array([ 1., -5.])
25.9671 	EXP 	imgGreen: size = array([0.6, 0.6])
25.9671 	EXP 	imgGreen: ori = 2.0
25.9671 	EXP 	imgGreen: image = 'Green.jpg'
25.9671 	EXP 	imgYellow: opacity = 1.0
25.9671 	EXP 	imgYellow: pos = array([ 2., -5.])
25.9671 	EXP 	imgYellow: size = array([0.6, 0.6])
25.9671 	EXP 	imgYellow: ori = 3.0
25.9671 	EXP 	imgYellow: image = 'Yellow.jpg'
25.9671 	EXP 	targetTxt: autoDraw = True
25.9671 	EXP 	imgRed: autoDraw = True
25.9671 	EXP 	imgBlue: autoDraw = True
25.9671 	EXP 	imgGreen: autoDraw = True
25.9671 	EXP 	imgYellow: autoDraw = True
27.1511 	DATA 	Mouse: Left button down, pos=(993,368)
27.1846 	EXP 	targetTxt: autoDraw = False
27.1846 	EXP 	imgRed: autoDraw = False
27.1846 	EXP 	imgBlue: autoDraw = False
27.1846 	EXP 	imgGreen: autoDraw = False
27.1846 	EXP 	imgYellow: autoDraw = False
27.1846 	EXP 	feedbackTxt: text = 'mos:imgGreen txt:imggreen'
27.1846 	EXP 	feedbackTxt: autoDraw = True
27.2374 	DATA 	Mouse:  Left button up, pos=(993,368)
28.1702 	EXP 	New trial (rep=0, index=5): OrderedDict([('word', 'آبی'), ('colour', 'red'), ('congruent', 0), ('corrAns', 'imgRed')])
28.1998 	EXP 	feedbackTxt: autoDraw = False
28.1998 	EXP 	feedbackTxt: autoDraw = False
28.1998 	EXP 	targetTxt: color = 'red (named)'
28.1998 	EXP 	targetTxt: text = 'آبی'
28.1998 	EXP 	imgRed: opacity = 1.0
28.1998 	EXP 	imgRed: pos = array([-1., -5.])
28.1998 	EXP 	imgRed: size = array([0.6, 0.6])
28.1998 	EXP 	imgRed: ori = 0.0
28.1998 	EXP 	imgRed: image = 'Red.jpg'
28.1998 	EXP 	imgBlue: opacity = 1.0
28.1998 	EXP 	imgBlue: pos = array([ 0., -5.])
28.1998 	EXP 	imgBlue: size = array([0.6, 0.6])
28.1998 	EXP 	imgBlue: ori = 1.0
28.1998 	EXP 	imgBlue: image = 'Blue.jpg'
28.1998 	EXP 	imgGreen: opacity = 1.0
28.1998 	EXP 	imgGreen: pos = array([ 1., -5.])
28.1998 	EXP 	imgGreen: size = array([0.6, 0.6])
28.1998 	EXP 	imgGreen: ori = 2.0
28.1998 	EXP 	imgGreen: image = 'Green.jpg'
28.1998 	EXP 	imgYellow: opacity = 1.0
28.1998 	EXP 	imgYellow: pos = array([ 2., -5.])
28.1998 	EXP 	imgYellow: size = array([0.6, 0.6])
28.1998 	EXP 	imgYellow: ori = 3.0
28.1998 	EXP 	imgYellow: image = 'Yellow.jpg'
28.1998 	EXP 	targetTxt: autoDraw = True
28.1998 	EXP 	imgRed: autoDraw = True
28.1998 	EXP 	imgBlue: autoDraw = True
28.1998 	EXP 	imgGreen: autoDraw = True
28.1998 	EXP 	imgYellow: autoDraw = True
29.1681 	DATA 	Mouse: Left button down, pos=(993,368)
29.1997 	EXP 	targetTxt: autoDraw = False
29.1997 	EXP 	imgRed: autoDraw = False
29.1997 	EXP 	imgBlue: autoDraw = False
29.1997 	EXP 	imgGreen: autoDraw = False
29.1997 	EXP 	imgYellow: autoDraw = False
29.1997 	EXP 	feedbackTxt: text = 'mos:imgGreen txt:imgred'
29.1997 	EXP 	feedbackTxt: autoDraw = True
29.2707 	DATA 	Mouse:  Left button up, pos=(993,368)
30.1862 	EXP 	New trial (rep=0, index=6): OrderedDict([('word', 'زرد'), ('colour', 'yellow'), ('congruent', 1), ('corrAns', 'imgYellow')])
30.2340 	EXP 	feedbackTxt: autoDraw = False
30.2340 	EXP 	feedbackTxt: autoDraw = False
30.2340 	EXP 	targetTxt: color = 'yellow (named)'
30.2340 	EXP 	targetTxt: text = 'زرد'
30.2340 	EXP 	imgRed: opacity = 1.0
30.2340 	EXP 	imgRed: pos = array([-1., -5.])
30.2340 	EXP 	imgRed: size = array([0.6, 0.6])
30.2340 	EXP 	imgRed: ori = 0.0
30.2340 	EXP 	imgRed: image = 'Red.jpg'
30.2340 	EXP 	imgBlue: opacity = 1.0
30.2340 	EXP 	imgBlue: pos = array([ 0., -5.])
30.2340 	EXP 	imgBlue: size = array([0.6, 0.6])
30.2340 	EXP 	imgBlue: ori = 1.0
30.2340 	EXP 	imgBlue: image = 'Blue.jpg'
30.2340 	EXP 	imgGreen: opacity = 1.0
30.2340 	EXP 	imgGreen: pos = array([ 1., -5.])
30.2340 	EXP 	imgGreen: size = array([0.6, 0.6])
30.2340 	EXP 	imgGreen: ori = 2.0
30.2340 	EXP 	imgGreen: image = 'Green.jpg'
30.2340 	EXP 	imgYellow: opacity = 1.0
30.2340 	EXP 	imgYellow: pos = array([ 2., -5.])
30.2340 	EXP 	imgYellow: size = array([0.6, 0.6])
30.2340 	EXP 	imgYellow: ori = 3.0
30.2340 	EXP 	imgYellow: image = 'Yellow.jpg'
30.2340 	EXP 	targetTxt: autoDraw = True
30.2340 	EXP 	imgRed: autoDraw = True
30.2340 	EXP 	imgBlue: autoDraw = True
30.2340 	EXP 	imgGreen: autoDraw = True
30.2340 	EXP 	imgYellow: autoDraw = True
31.3510 	DATA 	Mouse: Left button down, pos=(993,368)
31.3827 	EXP 	targetTxt: autoDraw = False
31.3827 	EXP 	imgRed: autoDraw = False
31.3827 	EXP 	imgBlue: autoDraw = False
31.3827 	EXP 	imgGreen: autoDraw = False
31.3827 	EXP 	imgYellow: autoDraw = False
31.3827 	EXP 	feedbackTxt: text = 'mos:imgGreen txt:imgyellow'
31.3827 	EXP 	feedbackTxt: autoDraw = True
31.4529 	DATA 	Mouse:  Left button up, pos=(993,368)
32.3687 	EXP 	New trial (rep=0, index=7): OrderedDict([('word', 'سبز'), ('colour', 'green'), ('congruent', 1), ('corrAns', 'imgGreen')])
32.3991 	EXP 	feedbackTxt: autoDraw = False
32.3991 	EXP 	feedbackTxt: autoDraw = False
32.3991 	EXP 	targetTxt: color = 'green (named)'
32.3991 	EXP 	targetTxt: text = 'سبز'
32.3991 	EXP 	imgRed: opacity = 1.0
32.3991 	EXP 	imgRed: pos = array([-1., -5.])
32.3991 	EXP 	imgRed: size = array([0.6, 0.6])
32.3991 	EXP 	imgRed: ori = 0.0
32.3991 	EXP 	imgRed: image = 'Red.jpg'
32.3991 	EXP 	imgBlue: opacity = 1.0
32.3991 	EXP 	imgBlue: pos = array([ 0., -5.])
32.3991 	EXP 	imgBlue: size = array([0.6, 0.6])
32.3991 	EXP 	imgBlue: ori = 1.0
32.3991 	EXP 	imgBlue: image = 'Blue.jpg'
32.3991 	EXP 	imgGreen: opacity = 1.0
32.3991 	EXP 	imgGreen: pos = array([ 1., -5.])
32.3991 	EXP 	imgGreen: size = array([0.6, 0.6])
32.3991 	EXP 	imgGreen: ori = 2.0
32.3991 	EXP 	imgGreen: image = 'Green.jpg'
32.3991 	EXP 	imgYellow: opacity = 1.0
32.3991 	EXP 	imgYellow: pos = array([ 2., -5.])
32.3991 	EXP 	imgYellow: size = array([0.6, 0.6])
32.3991 	EXP 	imgYellow: ori = 3.0
32.3991 	EXP 	imgYellow: image = 'Yellow.jpg'
32.3991 	EXP 	targetTxt: autoDraw = True
32.3991 	EXP 	imgRed: autoDraw = True
32.3991 	EXP 	imgBlue: autoDraw = True
32.3991 	EXP 	imgGreen: autoDraw = True
32.3991 	EXP 	imgYellow: autoDraw = True
33.4502 	DATA 	Mouse: Left button down, pos=(993,368)
33.4825 	EXP 	targetTxt: autoDraw = False
33.4825 	EXP 	imgRed: autoDraw = False
33.4825 	EXP 	imgBlue: autoDraw = False
33.4825 	EXP 	imgGreen: autoDraw = False
33.4825 	EXP 	imgYellow: autoDraw = False
33.4825 	EXP 	feedbackTxt: text = 'mos:imgGreen txt:imggreen'
33.4825 	EXP 	feedbackTxt: autoDraw = True
33.5524 	DATA 	Mouse:  Left button up, pos=(993,368)
34.5986 	EXP 	feedbackTxt: autoDraw = False
34.5986 	EXP 	feedbackTxt: autoDraw = False
34.5986 	EXP 	instrTxt: autoDraw = True
34.5986 	EXP 	imgStart: autoDraw = True
37.2849 	DATA 	Keypress: escape
37.7269 	EXP 	window1: mouseVisible = True
