1.0071 	WARNING 	We strongly recommend you activate the PTB sound engine in PsychoPy prefs as the preferred audio engine. Its timing is vastly superior. Your prefs are currently set to use ['sounddevice', 'PTB', 'pyo', 'pygame'] (in that order).
14.2628 	WARNING 	User requested fullscreen with size [1536  864], but screen is actually [1920, 1080]. Using actual size
15.6512 	EXP 	Created window1 = Window(allowGUI=False, allowStencil=False, args=UNKNOWN, autoLog=True, bitsMode=UNKNOWN, blendMode='avg', bpc=(8, 8, 8), color=array([0., 0., 0.]), colorSpace='rgb', depthBits=8, fullscr=<method-wrapper '__getattribute__' of attributeSetter object at 0x0000029B5A514828>, gamma=None, gammaErrorPolicy='raise', kwargs=UNKNOWN, lms=UNKNOWN, monitor=<psychopy.monitors.calibTools.Monitor object at 0x0000029B5A54D080>, multiSample=False, name='window1', numSamples=2, pos=[0.0, 0.0], screen=0, size=array([1920, 1080]), stencilBits=0, stereo=False, units='height', useFBO=True, useRetina=False, viewOri=0.0, viewPos=None, viewScale=None, waitBlanking=True, winType='pyglet')
15.6516 	EXP 	window1: mouseVisible = True
15.6517 	EXP 	window1: recordFrameIntervals = False
15.8181 	EXP 	window1: recordFrameIntervals = True
16.0010 	EXP 	window1: recordFrameIntervals = False
16.2864 	EXP 	Created instrTxt1 = TextStim(__class__=<class 'psychopy.visual.text.TextStim'>, alignHoriz=method-wrapper(...), alignText='center', alignVert=method-wrapper(...), anchorHoriz='center', anchorVert='center', antialias=True, autoLog=True, bold=False, color='white', colorSpace='named', contrast=1.0, depth=0.0, flipHoriz=False, flipVert=False, font='Arial', fontFiles=[], height=0.05, italic=False, languageStyle='Arabic', name='instrTxt1', opacity=1.0, ori=0, pos=array([0., 0.]), rgb=array([255., 255., 255.]), text=str(...), units='height', win=Window(...), wrapWidth=1)
16.2902 	EXP 	Created imgStart1 = ImageStim(__class__=<class 'psychopy.visual.image.ImageStim'>, autoLog=True, color=array([1., 1., 1.]), colorSpace='rgb', contrast=1.0, depth=-1.0, flipHoriz=False, flipVert=False, image='Start.jpg', interpolate=True, mask=None, maskParams=None, name='imgStart1', opacity=1.0, ori=0.0, pos=array([   0., -310.]), size=array([125., 125.]), texRes=128, units='pix', win=Window(...))
16.2903 	EXP 	window1: mouseVisible = True
16.3406 	EXP 	Created targetTxt = TextStim(__class__=<class 'psychopy.visual.text.TextStim'>, alignHoriz=method-wrapper(...), alignText='center', alignVert=method-wrapper(...), anchorHoriz='center', anchorVert='center', antialias=True, autoLog=True, bold=False, color='white', colorSpace='named', contrast=1.0, depth=0.0, flipHoriz=False, flipVert=False, font='Arial', fontFiles=[], height=0.1, italic=False, languageStyle='Arabic', name='targetTxt', opacity=1.0, ori=0, pos=array([0., 0.]), rgb=array([255., 255., 255.]), text='default text', units='height', win=Window(...), wrapWidth=1)
16.3431 	EXP 	Created imgRed = ImageStim(__class__=<class 'psychopy.visual.image.ImageStim'>, autoLog=True, color=array([1., 1., 1.]), colorSpace='rgb', contrast=1.0, depth=-1.0, flipHoriz=False, flipVert=False, image='sin', interpolate=True, mask=None, maskParams=None, name='imgRed', opacity=1.0, ori=1.0, pos=array([0., 0.]), size=array([1., 1.]), texRes=128, units='pix', win=Window(...))
16.3454 	EXP 	Created imgBlue = ImageStim(__class__=<class 'psychopy.visual.image.ImageStim'>, autoLog=True, color=array([1., 1., 1.]), colorSpace='rgb', contrast=1.0, depth=-2.0, flipHoriz=False, flipVert=False, image='sin', interpolate=True, mask=None, maskParams=None, name='imgBlue', opacity=1.0, ori=1.0, pos=array([0., 0.]), size=array([1., 1.]), texRes=128, units='pix', win=Window(...))
16.3477 	EXP 	Created imgGreen = ImageStim(__class__=<class 'psychopy.visual.image.ImageStim'>, autoLog=True, color=array([1., 1., 1.]), colorSpace='rgb', contrast=1.0, depth=-3.0, flipHoriz=False, flipVert=False, image='sin', interpolate=True, mask=None, maskParams=None, name='imgGreen', opacity=1.0, ori=1.0, pos=array([0., 0.]), size=array([1., 1.]), texRes=128, units='pix', win=Window(...))
16.3500 	EXP 	Created imgYellow = ImageStim(__class__=<class 'psychopy.visual.image.ImageStim'>, autoLog=True, color=array([1., 1., 1.]), colorSpace='rgb', contrast=1.0, depth=-4.0, flipHoriz=False, flipVert=False, image='sin', interpolate=True, mask=None, maskParams=None, name='imgYellow', opacity=1.0, ori=1.0, pos=array([0., 0.]), size=array([1., 1.]), texRes=128, units='pix', win=Window(...))
16.3501 	EXP 	window1: mouseVisible = True
16.3595 	EXP 	Created feedbackTxt = TextStim(__class__=<class 'psychopy.visual.text.TextStim'>, alignHoriz=method-wrapper(...), alignText='center', alignVert=method-wrapper(...), anchorHoriz='center', anchorVert='center', antialias=True, autoLog=True, bold=False, color=array([1., 1., 1.]), colorSpace='rgb', contrast=1.0, depth=-1.0, flipHoriz=False, flipVert=False, font='Arial', fontFiles=[], height=0.1, italic=False, languageStyle='Arabic', name='feedbackTxt', opacity=1.0, ori=0, pos=array([0., 0.]), rgb=array([1., 1., 1.]), text='default text', units='height', win=Window(...), wrapWidth=1)
16.4033 	EXP 	Created instrTxt = TextStim(__class__=<class 'psychopy.visual.text.TextStim'>, alignHoriz=method-wrapper(...), alignText='center', alignVert=method-wrapper(...), anchorHoriz='center', anchorVert='center', antialias=True, autoLog=True, bold=False, color=array([1., 1., 1.]), colorSpace='rgb', contrast=1.0, depth=0.0, flipHoriz=False, flipVert=False, font='Arial', fontFiles=[], height=0.05, italic=False, languageStyle='Arabic', name='instrTxt', opacity=1.0, ori=0, pos=array([0., 0.]), rgb=array([1., 1., 1.]), text=str(...), units='height', win=Window(...), wrapWidth=1)
16.4069 	EXP 	Created imgStart = ImageStim(__class__=<class 'psychopy.visual.image.ImageStim'>, autoLog=True, color=array([1., 1., 1.]), colorSpace='rgb', contrast=1.0, depth=-1.0, flipHoriz=False, flipVert=False, image='Start.jpg', interpolate=True, mask=None, maskParams=None, name='imgStart', opacity=1.0, ori=0.0, pos=array([   0., -310.]), size=array([125., 125.]), texRes=128, units='pix', win=Window(...))
16.4070 	EXP 	window1: mouseVisible = True
16.4184 	EXP 	Created targetTxt = TextStim(__class__=<class 'psychopy.visual.text.TextStim'>, alignHoriz=method-wrapper(...), alignText='center', alignVert=method-wrapper(...), anchorHoriz='center', anchorVert='center', antialias=True, autoLog=True, bold=False, color='white', colorSpace='named', contrast=1.0, depth=0.0, flipHoriz=False, flipVert=False, font='Arial', fontFiles=[], height=0.1, italic=False, languageStyle='Arabic', name='targetTxt', opacity=1.0, ori=0, pos=array([0., 0.]), rgb=array([255., 255., 255.]), text='default text', units='height', win=Window(...), wrapWidth=1)
16.4212 	EXP 	Created imgRed = ImageStim(__class__=<class 'psychopy.visual.image.ImageStim'>, autoLog=True, color=array([1., 1., 1.]), colorSpace='rgb', contrast=1.0, depth=-1.0, flipHoriz=False, flipVert=False, image='sin', interpolate=True, mask=None, maskParams=None, name='imgRed', opacity=1.0, ori=1.0, pos=array([0., 0.]), size=array([1., 1.]), texRes=128, units='pix', win=Window(...))
16.4238 	EXP 	Created imgBlue = ImageStim(__class__=<class 'psychopy.visual.image.ImageStim'>, autoLog=True, color=array([1., 1., 1.]), colorSpace='rgb', contrast=1.0, depth=-2.0, flipHoriz=False, flipVert=False, image='sin', interpolate=True, mask=None, maskParams=None, name='imgBlue', opacity=1.0, ori=1.0, pos=array([0., 0.]), size=array([1., 1.]), texRes=128, units='pix', win=Window(...))
16.4262 	EXP 	Created imgGreen = ImageStim(__class__=<class 'psychopy.visual.image.ImageStim'>, autoLog=True, color=array([1., 1., 1.]), colorSpace='rgb', contrast=1.0, depth=-3.0, flipHoriz=False, flipVert=False, image='sin', interpolate=True, mask=None, maskParams=None, name='imgGreen', opacity=1.0, ori=1.0, pos=array([0., 0.]), size=array([1., 1.]), texRes=128, units='pix', win=Window(...))
16.4290 	EXP 	Created imgYellow = ImageStim(__class__=<class 'psychopy.visual.image.ImageStim'>, autoLog=True, color=array([1., 1., 1.]), colorSpace='rgb', contrast=1.0, depth=-4.0, flipHoriz=False, flipVert=False, image='sin', interpolate=True, mask=None, maskParams=None, name='imgYellow', opacity=1.0, ori=1.0, pos=array([0., 0.]), size=array([1., 1.]), texRes=128, units='pix', win=Window(...))
16.4292 	EXP 	window1: mouseVisible = True
16.4923 	EXP 	Created thanksText = TextStim(__class__=<class 'psychopy.visual.text.TextStim'>, alignHoriz=method-wrapper(...), alignText='center', alignVert=method-wrapper(...), anchorHoriz='center', anchorVert='center', antialias=True, autoLog=True, bold=False, color=array([1., 1., 1.]), colorSpace='rgb', contrast=1.0, depth=0.0, flipHoriz=False, flipVert=False, font='Arial', fontFiles=[], height=0.1, italic=False, languageStyle='Arabic', name='thanksText', opacity=1.0, ori=0, pos=array([0., 0.]), rgb=array([1., 1., 1.]), text='ﻥﻮﻣﺯﺁ ﻥﺎﯾﺎﭘ\n\n!ﻢﯾﺭﺍﺰﮕﺳﺎﭙﺳ ﺭﺎﯿﺴﺑ ﺎﻤﺷ ﺯﺍ', units='height', win=Window(...), wrapWidth=1)
16.5331 	EXP 	instrTxt1: autoDraw = True
16.5331 	EXP 	imgStart1: autoDraw = True
17.6506 	DATA 	Mouse: Left button down, pos=(977,243)
17.6914 	EXP 	Imported practice.xlsx as conditions, 8 conditions, 4 params
17.6918 	EXP 	Created sequence: random, trialTypes=8, nReps=1, seed=None
17.6923 	EXP 	New trial (rep=0, index=0): OrderedDict([('word', 'زرد'), ('colour', 'yellow'), ('congruent', 1), ('corrAns', 'imgYellow')])
17.7338 	EXP 	instrTxt1: autoDraw = False
17.7338 	EXP 	imgStart1: autoDraw = False
17.7338 	EXP 	targetTxt: color = 'yellow (named)'
17.7338 	EXP 	targetTxt: text = 'زرد'
17.7338 	EXP 	imgRed: opacity = 1.0
17.7338 	EXP 	imgRed: pos = array([-250., -200.])
17.7338 	EXP 	imgRed: size = array([125., 125.])
17.7338 	EXP 	imgRed: ori = 0.0
17.7338 	EXP 	imgRed: image = 'Red.jpg'
17.7338 	EXP 	imgBlue: opacity = 1.0
17.7338 	EXP 	imgBlue: pos = array([-100., -200.])
17.7338 	EXP 	imgBlue: size = array([125., 125.])
17.7338 	EXP 	imgBlue: ori = 1.0
17.7338 	EXP 	imgBlue: image = 'Blue.jpg'
17.7338 	EXP 	imgGreen: opacity = 1.0
17.7338 	EXP 	imgGreen: pos = array([  50., -200.])
17.7338 	EXP 	imgGreen: size = array([125., 125.])
17.7338 	EXP 	imgGreen: ori = 2.0
17.7338 	EXP 	imgGreen: image = 'Green.jpg'
17.7338 	EXP 	imgYellow: opacity = 1.0
17.7338 	EXP 	imgYellow: pos = array([ 200., -200.])
17.7338 	EXP 	imgYellow: size = array([125., 125.])
17.7338 	EXP 	imgYellow: ori = 3.0
17.7338 	EXP 	imgYellow: image = 'Yellow.jpg'
17.7338 	EXP 	targetTxt: autoDraw = True
17.7338 	EXP 	imgRed: autoDraw = True
17.7338 	EXP 	imgBlue: autoDraw = True
17.7338 	EXP 	imgGreen: autoDraw = True
17.7338 	EXP 	imgYellow: autoDraw = True
17.7844 	DATA 	Mouse:  Left button up, pos=(977,243)
18.5505 	DATA 	Mouse: Left button down, pos=(1153,297)
18.6163 	EXP 	targetTxt: autoDraw = False
18.6163 	EXP 	imgRed: autoDraw = False
18.6163 	EXP 	imgBlue: autoDraw = False
18.6163 	EXP 	imgGreen: autoDraw = False
18.6163 	EXP 	imgYellow: autoDraw = False
18.6163 	EXP 	feedbackTxt: text = 'آفرین, زمان=0.846'
18.6163 	EXP 	feedbackTxt: autoDraw = True
18.6864 	DATA 	Mouse:  Left button up, pos=(1153,297)
19.6027 	EXP 	New trial (rep=0, index=1): OrderedDict([('word', 'سبز'), ('colour', 'yellow'), ('congruent', 0), ('corrAns', 'imgYellow')])
19.6500 	EXP 	feedbackTxt: autoDraw = False
19.6500 	EXP 	feedbackTxt: autoDraw = False
19.6500 	EXP 	targetTxt: color = 'yellow (named)'
19.6500 	EXP 	targetTxt: text = 'سبز'
19.6500 	EXP 	imgRed: opacity = 1.0
19.6500 	EXP 	imgRed: pos = array([-250., -200.])
19.6500 	EXP 	imgRed: size = array([125., 125.])
19.6500 	EXP 	imgRed: ori = 0.0
19.6500 	EXP 	imgRed: image = 'Red.jpg'
19.6500 	EXP 	imgBlue: opacity = 1.0
19.6500 	EXP 	imgBlue: pos = array([-100., -200.])
19.6500 	EXP 	imgBlue: size = array([125., 125.])
19.6500 	EXP 	imgBlue: ori = 1.0
19.6500 	EXP 	imgBlue: image = 'Blue.jpg'
19.6500 	EXP 	imgGreen: opacity = 1.0
19.6500 	EXP 	imgGreen: pos = array([  50., -200.])
19.6500 	EXP 	imgGreen: size = array([125., 125.])
19.6500 	EXP 	imgGreen: ori = 2.0
19.6500 	EXP 	imgGreen: image = 'Green.jpg'
19.6500 	EXP 	imgYellow: opacity = 1.0
19.6500 	EXP 	imgYellow: pos = array([ 200., -200.])
19.6500 	EXP 	imgYellow: size = array([125., 125.])
19.6500 	EXP 	imgYellow: ori = 3.0
19.6500 	EXP 	imgYellow: image = 'Yellow.jpg'
19.6500 	EXP 	targetTxt: autoDraw = True
19.6500 	EXP 	imgRed: autoDraw = True
19.6500 	EXP 	imgBlue: autoDraw = True
19.6500 	EXP 	imgGreen: autoDraw = True
19.6500 	EXP 	imgYellow: autoDraw = True
19.9388 	DATA 	Mouse: Left button down, pos=(1033,336)
20.0160 	EXP 	targetTxt: autoDraw = False
20.0160 	EXP 	imgRed: autoDraw = False
20.0160 	EXP 	imgBlue: autoDraw = False
20.0160 	EXP 	imgGreen: autoDraw = False
20.0160 	EXP 	imgYellow: autoDraw = False
20.0160 	EXP 	feedbackTxt: text = 'وای! دقت لطفا!'
20.0160 	EXP 	feedbackTxt: autoDraw = True
20.0704 	DATA 	Mouse:  Left button up, pos=(1033,336)
21.0019 	EXP 	New trial (rep=0, index=2): OrderedDict([('word', 'زرد'), ('colour', 'green'), ('congruent', 0), ('corrAns', 'imgGreen')])
21.0490 	EXP 	feedbackTxt: autoDraw = False
21.0490 	EXP 	feedbackTxt: autoDraw = False
21.0490 	EXP 	targetTxt: color = 'green (named)'
21.0490 	EXP 	targetTxt: text = 'زرد'
21.0490 	EXP 	imgRed: opacity = 1.0
21.0490 	EXP 	imgRed: pos = array([-250., -200.])
21.0490 	EXP 	imgRed: size = array([125., 125.])
21.0490 	EXP 	imgRed: ori = 0.0
21.0490 	EXP 	imgRed: image = 'Red.jpg'
21.0490 	EXP 	imgBlue: opacity = 1.0
21.0490 	EXP 	imgBlue: pos = array([-100., -200.])
21.0490 	EXP 	imgBlue: size = array([125., 125.])
21.0490 	EXP 	imgBlue: ori = 1.0
21.0490 	EXP 	imgBlue: image = 'Blue.jpg'
21.0490 	EXP 	imgGreen: opacity = 1.0
21.0490 	EXP 	imgGreen: pos = array([  50., -200.])
21.0490 	EXP 	imgGreen: size = array([125., 125.])
21.0490 	EXP 	imgGreen: ori = 2.0
21.0490 	EXP 	imgGreen: image = 'Green.jpg'
21.0490 	EXP 	imgYellow: opacity = 1.0
21.0490 	EXP 	imgYellow: pos = array([ 200., -200.])
21.0490 	EXP 	imgYellow: size = array([125., 125.])
21.0490 	EXP 	imgYellow: ori = 3.0
21.0490 	EXP 	imgYellow: image = 'Yellow.jpg'
21.0490 	EXP 	targetTxt: autoDraw = True
21.0490 	EXP 	imgRed: autoDraw = True
21.0490 	EXP 	imgBlue: autoDraw = True
21.0490 	EXP 	imgGreen: autoDraw = True
21.0490 	EXP 	imgYellow: autoDraw = True
21.3335 	DATA 	Mouse: Left button down, pos=(1033,338)
21.3834 	EXP 	targetTxt: autoDraw = False
21.3834 	EXP 	imgRed: autoDraw = False
21.3834 	EXP 	imgBlue: autoDraw = False
21.3834 	EXP 	imgGreen: autoDraw = False
21.3834 	EXP 	imgYellow: autoDraw = False
21.3834 	EXP 	feedbackTxt: text = 'آفرین, زمان=0.308'
21.3834 	EXP 	feedbackTxt: autoDraw = True
21.4538 	DATA 	Mouse:  Left button up, pos=(1033,338)
22.3694 	EXP 	New trial (rep=0, index=3): OrderedDict([('word', 'آبی'), ('colour', 'blue'), ('congruent', 1), ('corrAns', 'imgBlue')])
22.4164 	EXP 	feedbackTxt: autoDraw = False
22.4164 	EXP 	feedbackTxt: autoDraw = False
22.4164 	EXP 	targetTxt: color = 'blue (named)'
22.4164 	EXP 	targetTxt: text = 'آبی'
22.4164 	EXP 	imgRed: opacity = 1.0
22.4164 	EXP 	imgRed: pos = array([-250., -200.])
22.4164 	EXP 	imgRed: size = array([125., 125.])
22.4164 	EXP 	imgRed: ori = 0.0
22.4164 	EXP 	imgRed: image = 'Red.jpg'
22.4164 	EXP 	imgBlue: opacity = 1.0
22.4164 	EXP 	imgBlue: pos = array([-100., -200.])
22.4164 	EXP 	imgBlue: size = array([125., 125.])
22.4164 	EXP 	imgBlue: ori = 1.0
22.4164 	EXP 	imgBlue: image = 'Blue.jpg'
22.4164 	EXP 	imgGreen: opacity = 1.0
22.4164 	EXP 	imgGreen: pos = array([  50., -200.])
22.4164 	EXP 	imgGreen: size = array([125., 125.])
22.4164 	EXP 	imgGreen: ori = 2.0
22.4164 	EXP 	imgGreen: image = 'Green.jpg'
22.4164 	EXP 	imgYellow: opacity = 1.0
22.4164 	EXP 	imgYellow: pos = array([ 200., -200.])
22.4164 	EXP 	imgYellow: size = array([125., 125.])
22.4164 	EXP 	imgYellow: ori = 3.0
22.4164 	EXP 	imgYellow: image = 'Yellow.jpg'
22.4164 	EXP 	targetTxt: autoDraw = True
22.4164 	EXP 	imgRed: autoDraw = True
22.4164 	EXP 	imgBlue: autoDraw = True
22.4164 	EXP 	imgGreen: autoDraw = True
22.4164 	EXP 	imgYellow: autoDraw = True
23.1333 	DATA 	Mouse: Left button down, pos=(867,357)
23.1824 	EXP 	targetTxt: autoDraw = False
23.1824 	EXP 	imgRed: autoDraw = False
23.1824 	EXP 	imgBlue: autoDraw = False
23.1824 	EXP 	imgGreen: autoDraw = False
23.1824 	EXP 	imgYellow: autoDraw = False
23.1824 	EXP 	feedbackTxt: text = 'آفرین, زمان=0.742'
23.1824 	EXP 	feedbackTxt: autoDraw = True
23.2695 	DATA 	Mouse:  Left button up, pos=(867,357)
24.1684 	EXP 	New trial (rep=0, index=4): OrderedDict([('word', 'سبز'), ('colour', 'green'), ('congruent', 1), ('corrAns', 'imgGreen')])
24.2159 	EXP 	feedbackTxt: autoDraw = False
24.2159 	EXP 	feedbackTxt: autoDraw = False
24.2159 	EXP 	targetTxt: color = 'green (named)'
24.2159 	EXP 	targetTxt: text = 'سبز'
24.2159 	EXP 	imgRed: opacity = 1.0
24.2159 	EXP 	imgRed: pos = array([-250., -200.])
24.2159 	EXP 	imgRed: size = array([125., 125.])
24.2159 	EXP 	imgRed: ori = 0.0
24.2159 	EXP 	imgRed: image = 'Red.jpg'
24.2159 	EXP 	imgBlue: opacity = 1.0
24.2159 	EXP 	imgBlue: pos = array([-100., -200.])
24.2159 	EXP 	imgBlue: size = array([125., 125.])
24.2159 	EXP 	imgBlue: ori = 1.0
24.2159 	EXP 	imgBlue: image = 'Blue.jpg'
24.2159 	EXP 	imgGreen: opacity = 1.0
24.2159 	EXP 	imgGreen: pos = array([  50., -200.])
24.2159 	EXP 	imgGreen: size = array([125., 125.])
24.2159 	EXP 	imgGreen: ori = 2.0
24.2159 	EXP 	imgGreen: image = 'Green.jpg'
24.2159 	EXP 	imgYellow: opacity = 1.0
24.2159 	EXP 	imgYellow: pos = array([ 200., -200.])
24.2159 	EXP 	imgYellow: size = array([125., 125.])
24.2159 	EXP 	imgYellow: ori = 3.0
24.2159 	EXP 	imgYellow: image = 'Yellow.jpg'
24.2159 	EXP 	targetTxt: autoDraw = True
24.2159 	EXP 	imgRed: autoDraw = True
24.2159 	EXP 	imgBlue: autoDraw = True
24.2159 	EXP 	imgGreen: autoDraw = True
24.2159 	EXP 	imgYellow: autoDraw = True
25.0160 	DATA 	Mouse: Left button down, pos=(949,357)
25.0484 	EXP 	targetTxt: autoDraw = False
25.0484 	EXP 	imgRed: autoDraw = False
25.0484 	EXP 	imgBlue: autoDraw = False
25.0484 	EXP 	imgGreen: autoDraw = False
25.0484 	EXP 	imgYellow: autoDraw = False
25.0484 	EXP 	feedbackTxt: text = 'آفرین, زمان=0.829'
25.0484 	EXP 	feedbackTxt: autoDraw = True
25.1704 	DATA 	Mouse:  Left button up, pos=(950,357)
26.0349 	EXP 	New trial (rep=0, index=5): OrderedDict([('word', 'قرمز'), ('colour', 'red'), ('congruent', 1), ('corrAns', 'imgRed')])
26.0816 	EXP 	feedbackTxt: autoDraw = False
26.0816 	EXP 	feedbackTxt: autoDraw = False
26.0816 	EXP 	targetTxt: color = 'red (named)'
26.0816 	EXP 	targetTxt: text = 'قرمز'
26.0816 	EXP 	imgRed: opacity = 1.0
26.0816 	EXP 	imgRed: pos = array([-250., -200.])
26.0816 	EXP 	imgRed: size = array([125., 125.])
26.0816 	EXP 	imgRed: ori = 0.0
26.0816 	EXP 	imgRed: image = 'Red.jpg'
26.0816 	EXP 	imgBlue: opacity = 1.0
26.0816 	EXP 	imgBlue: pos = array([-100., -200.])
26.0816 	EXP 	imgBlue: size = array([125., 125.])
26.0816 	EXP 	imgBlue: ori = 1.0
26.0816 	EXP 	imgBlue: image = 'Blue.jpg'
26.0816 	EXP 	imgGreen: opacity = 1.0
26.0816 	EXP 	imgGreen: pos = array([  50., -200.])
26.0816 	EXP 	imgGreen: size = array([125., 125.])
26.0816 	EXP 	imgGreen: ori = 2.0
26.0816 	EXP 	imgGreen: image = 'Green.jpg'
26.0816 	EXP 	imgYellow: opacity = 1.0
26.0816 	EXP 	imgYellow: pos = array([ 200., -200.])
26.0816 	EXP 	imgYellow: size = array([125., 125.])
26.0816 	EXP 	imgYellow: ori = 3.0
26.0816 	EXP 	imgYellow: image = 'Yellow.jpg'
26.0816 	EXP 	targetTxt: autoDraw = True
26.0816 	EXP 	imgRed: autoDraw = True
26.0816 	EXP 	imgBlue: autoDraw = True
26.0816 	EXP 	imgGreen: autoDraw = True
26.0816 	EXP 	imgYellow: autoDraw = True
26.9666 	DATA 	Mouse: Left button down, pos=(711,368)
26.9989 	EXP 	targetTxt: autoDraw = False
26.9989 	EXP 	imgRed: autoDraw = False
26.9989 	EXP 	imgBlue: autoDraw = False
26.9989 	EXP 	imgGreen: autoDraw = False
26.9989 	EXP 	imgYellow: autoDraw = False
26.9989 	EXP 	feedbackTxt: text = 'آفرین, زمان=0.913'
26.9989 	EXP 	feedbackTxt: autoDraw = True
27.1175 	DATA 	Mouse:  Left button up, pos=(710,368)
28.0015 	EXP 	New trial (rep=0, index=6): OrderedDict([('word', 'آبی'), ('colour', 'red'), ('congruent', 0), ('corrAns', 'imgRed')])
28.0312 	EXP 	feedbackTxt: autoDraw = False
28.0312 	EXP 	feedbackTxt: autoDraw = False
28.0312 	EXP 	targetTxt: color = 'red (named)'
28.0312 	EXP 	targetTxt: text = 'آبی'
28.0312 	EXP 	imgRed: opacity = 1.0
28.0312 	EXP 	imgRed: pos = array([-250., -200.])
28.0312 	EXP 	imgRed: size = array([125., 125.])
28.0312 	EXP 	imgRed: ori = 0.0
28.0312 	EXP 	imgRed: image = 'Red.jpg'
28.0312 	EXP 	imgBlue: opacity = 1.0
28.0312 	EXP 	imgBlue: pos = array([-100., -200.])
28.0312 	EXP 	imgBlue: size = array([125., 125.])
28.0312 	EXP 	imgBlue: ori = 1.0
28.0312 	EXP 	imgBlue: image = 'Blue.jpg'
28.0312 	EXP 	imgGreen: opacity = 1.0
28.0312 	EXP 	imgGreen: pos = array([  50., -200.])
28.0312 	EXP 	imgGreen: size = array([125., 125.])
28.0312 	EXP 	imgGreen: ori = 2.0
28.0312 	EXP 	imgGreen: image = 'Green.jpg'
28.0312 	EXP 	imgYellow: opacity = 1.0
28.0312 	EXP 	imgYellow: pos = array([ 200., -200.])
28.0312 	EXP 	imgYellow: size = array([125., 125.])
28.0312 	EXP 	imgYellow: ori = 3.0
28.0312 	EXP 	imgYellow: image = 'Yellow.jpg'
28.0312 	EXP 	targetTxt: autoDraw = True
28.0312 	EXP 	imgRed: autoDraw = True
28.0312 	EXP 	imgBlue: autoDraw = True
28.0312 	EXP 	imgGreen: autoDraw = True
28.0312 	EXP 	imgYellow: autoDraw = True
28.6523 	DATA 	Mouse: Left button down, pos=(710,368)
28.6978 	EXP 	targetTxt: autoDraw = False
28.6978 	EXP 	imgRed: autoDraw = False
28.6978 	EXP 	imgBlue: autoDraw = False
28.6978 	EXP 	imgGreen: autoDraw = False
28.6978 	EXP 	imgYellow: autoDraw = False
28.6978 	EXP 	feedbackTxt: text = 'آفرین, زمان=0.646'
28.6978 	EXP 	feedbackTxt: autoDraw = True
28.7688 	DATA 	Mouse:  Left button up, pos=(710,368)
29.6846 	EXP 	New trial (rep=0, index=7): OrderedDict([('word', 'قرمز'), ('colour', 'blue'), ('congruent', 0), ('corrAns', 'imgBlue')])
29.7143 	EXP 	feedbackTxt: autoDraw = False
29.7143 	EXP 	feedbackTxt: autoDraw = False
29.7143 	EXP 	targetTxt: color = 'blue (named)'
29.7143 	EXP 	targetTxt: text = 'قرمز'
29.7143 	EXP 	imgRed: opacity = 1.0
29.7143 	EXP 	imgRed: pos = array([-250., -200.])
29.7143 	EXP 	imgRed: size = array([125., 125.])
29.7143 	EXP 	imgRed: ori = 0.0
29.7143 	EXP 	imgRed: image = 'Red.jpg'
29.7143 	EXP 	imgBlue: opacity = 1.0
29.7143 	EXP 	imgBlue: pos = array([-100., -200.])
29.7143 	EXP 	imgBlue: size = array([125., 125.])
29.7143 	EXP 	imgBlue: ori = 1.0
29.7143 	EXP 	imgBlue: image = 'Blue.jpg'
29.7143 	EXP 	imgGreen: opacity = 1.0
29.7143 	EXP 	imgGreen: pos = array([  50., -200.])
29.7143 	EXP 	imgGreen: size = array([125., 125.])
29.7143 	EXP 	imgGreen: ori = 2.0
29.7143 	EXP 	imgGreen: image = 'Green.jpg'
29.7143 	EXP 	imgYellow: opacity = 1.0
29.7143 	EXP 	imgYellow: pos = array([ 200., -200.])
29.7143 	EXP 	imgYellow: size = array([125., 125.])
29.7143 	EXP 	imgYellow: ori = 3.0
29.7143 	EXP 	imgYellow: image = 'Yellow.jpg'
29.7143 	EXP 	targetTxt: autoDraw = True
29.7143 	EXP 	imgRed: autoDraw = True
29.7143 	EXP 	imgBlue: autoDraw = True
29.7143 	EXP 	imgGreen: autoDraw = True
29.7143 	EXP 	imgYellow: autoDraw = True
30.6677 	DATA 	Mouse: Left button down, pos=(841,366)
30.6975 	EXP 	targetTxt: autoDraw = False
30.6975 	EXP 	imgRed: autoDraw = False
30.6975 	EXP 	imgBlue: autoDraw = False
30.6975 	EXP 	imgGreen: autoDraw = False
30.6975 	EXP 	imgYellow: autoDraw = False
30.6975 	EXP 	feedbackTxt: text = 'آفرین, زمان=0.966'
30.6975 	EXP 	feedbackTxt: autoDraw = True
30.8188 	DATA 	Mouse:  Left button up, pos=(842,365)
31.8305 	EXP 	feedbackTxt: autoDraw = False
31.8305 	EXP 	feedbackTxt: autoDraw = False
31.8305 	EXP 	instrTxt: autoDraw = True
31.8305 	EXP 	imgStart: autoDraw = True
35.4677 	DATA 	Mouse: Left button down, pos=(984,232)
35.4967 	EXP 	Imported conditions.xlsx as conditions, 16 conditions, 4 params
35.4978 	EXP 	Created sequence: random, trialTypes=16, nReps=6, seed=None
35.4987 	EXP 	New trial (rep=0, index=0): OrderedDict([('word', 'آبی'), ('colour', 'yellow'), ('congruent', 0), ('corrAns', 'imgYellow')])
35.5474 	EXP 	instrTxt: autoDraw = False
35.5474 	EXP 	imgStart: autoDraw = False
35.5474 	EXP 	targetTxt: color = 'yellow (named)'
35.5474 	EXP 	targetTxt: text = 'آبی'
35.5474 	EXP 	imgRed: opacity = 1.0
35.5474 	EXP 	imgRed: pos = array([-250., -200.])
35.5474 	EXP 	imgRed: size = array([125., 125.])
35.5474 	EXP 	imgRed: ori = 0.0
35.5474 	EXP 	imgRed: image = 'Red.jpg'
35.5474 	EXP 	imgBlue: opacity = 1.0
35.5474 	EXP 	imgBlue: pos = array([-100., -200.])
35.5474 	EXP 	imgBlue: size = array([125., 125.])
35.5474 	EXP 	imgBlue: ori = 1.0
35.5474 	EXP 	imgBlue: image = 'Blue.jpg'
35.5474 	EXP 	imgGreen: opacity = 1.0
35.5474 	EXP 	imgGreen: pos = array([  50., -200.])
35.5474 	EXP 	imgGreen: size = array([125., 125.])
35.5474 	EXP 	imgGreen: ori = 2.0
35.5474 	EXP 	imgGreen: image = 'Green.jpg'
35.5474 	EXP 	imgYellow: opacity = 1.0
35.5474 	EXP 	imgYellow: pos = array([ 200., -200.])
35.5474 	EXP 	imgYellow: size = array([125., 125.])
35.5474 	EXP 	imgYellow: ori = 3.0
35.5474 	EXP 	imgYellow: image = 'Yellow.jpg'
35.5474 	EXP 	targetTxt: autoDraw = True
35.5474 	EXP 	imgRed: autoDraw = True
35.5474 	EXP 	imgBlue: autoDraw = True
35.5474 	EXP 	imgGreen: autoDraw = True
35.5474 	EXP 	imgYellow: autoDraw = True
35.5649 	DATA 	Mouse:  Left button up, pos=(984,232)
36.4145 	DATA 	Mouse: Left button down, pos=(1158,379)
36.4237 	EXP 	New trial (rep=0, index=1): OrderedDict([('word', 'سبز'), ('colour', 'red'), ('congruent', 0), ('corrAns', 'imgRed')])
36.4632 	EXP 	targetTxt: autoDraw = False
36.4632 	EXP 	imgRed: autoDraw = False
36.4632 	EXP 	imgBlue: autoDraw = False
36.4632 	EXP 	imgGreen: autoDraw = False
36.4632 	EXP 	imgYellow: autoDraw = False
36.4632 	EXP 	targetTxt: color = 'red (named)'
36.4632 	EXP 	targetTxt: text = 'سبز'
36.4632 	EXP 	imgRed: opacity = 1.0
36.4632 	EXP 	imgRed: pos = array([-250., -200.])
36.4632 	EXP 	imgRed: size = array([125., 125.])
36.4632 	EXP 	imgRed: ori = 0.0
36.4632 	EXP 	imgRed: image = 'Red.jpg'
36.4632 	EXP 	imgBlue: opacity = 1.0
36.4632 	EXP 	imgBlue: pos = array([-100., -200.])
36.4632 	EXP 	imgBlue: size = array([125., 125.])
36.4632 	EXP 	imgBlue: ori = 1.0
36.4632 	EXP 	imgBlue: image = 'Blue.jpg'
36.4632 	EXP 	imgGreen: opacity = 1.0
36.4632 	EXP 	imgGreen: pos = array([  50., -200.])
36.4632 	EXP 	imgGreen: size = array([125., 125.])
36.4632 	EXP 	imgGreen: ori = 2.0
36.4632 	EXP 	imgGreen: image = 'Green.jpg'
36.4632 	EXP 	imgYellow: opacity = 1.0
36.4632 	EXP 	imgYellow: pos = array([ 200., -200.])
36.4632 	EXP 	imgYellow: size = array([125., 125.])
36.4632 	EXP 	imgYellow: ori = 3.0
36.4632 	EXP 	imgYellow: image = 'Yellow.jpg'
36.4632 	EXP 	targetTxt: autoDraw = True
36.4632 	EXP 	imgRed: autoDraw = True
36.4632 	EXP 	imgBlue: autoDraw = True
36.4632 	EXP 	imgGreen: autoDraw = True
36.4632 	EXP 	imgYellow: autoDraw = True
36.5472 	DATA 	Mouse:  Left button up, pos=(1158,379)
37.5318 	DATA 	Mouse: Left button down, pos=(731,340)
37.5381 	EXP 	New trial (rep=0, index=2): OrderedDict([('word', 'زرد'), ('colour', 'yellow'), ('congruent', 1), ('corrAns', 'imgYellow')])
37.5796 	EXP 	targetTxt: autoDraw = False
37.5796 	EXP 	imgRed: autoDraw = False
37.5796 	EXP 	imgBlue: autoDraw = False
37.5796 	EXP 	imgGreen: autoDraw = False
37.5796 	EXP 	imgYellow: autoDraw = False
37.5796 	EXP 	targetTxt: color = 'yellow (named)'
37.5796 	EXP 	targetTxt: text = 'زرد'
37.5796 	EXP 	imgRed: opacity = 1.0
37.5796 	EXP 	imgRed: pos = array([-250., -200.])
37.5796 	EXP 	imgRed: size = array([125., 125.])
37.5796 	EXP 	imgRed: ori = 0.0
37.5796 	EXP 	imgRed: image = 'Red.jpg'
37.5796 	EXP 	imgBlue: opacity = 1.0
37.5796 	EXP 	imgBlue: pos = array([-100., -200.])
37.5796 	EXP 	imgBlue: size = array([125., 125.])
37.5796 	EXP 	imgBlue: ori = 1.0
37.5796 	EXP 	imgBlue: image = 'Blue.jpg'
37.5796 	EXP 	imgGreen: opacity = 1.0
37.5796 	EXP 	imgGreen: pos = array([  50., -200.])
37.5796 	EXP 	imgGreen: size = array([125., 125.])
37.5796 	EXP 	imgGreen: ori = 2.0
37.5796 	EXP 	imgGreen: image = 'Green.jpg'
37.5796 	EXP 	imgYellow: opacity = 1.0
37.5796 	EXP 	imgYellow: pos = array([ 200., -200.])
37.5796 	EXP 	imgYellow: size = array([125., 125.])
37.5796 	EXP 	imgYellow: ori = 3.0
37.5796 	EXP 	imgYellow: image = 'Yellow.jpg'
37.5796 	EXP 	targetTxt: autoDraw = True
37.5796 	EXP 	imgRed: autoDraw = True
37.5796 	EXP 	imgBlue: autoDraw = True
37.5796 	EXP 	imgGreen: autoDraw = True
37.5796 	EXP 	imgYellow: autoDraw = True
37.6841 	DATA 	Mouse:  Left button up, pos=(731,340)
38.4359 	DATA 	Mouse: Left button down, pos=(1148,318)
38.4527 	EXP 	New trial (rep=0, index=3): OrderedDict([('word', 'آبی'), ('colour', 'green'), ('congruent', 0), ('corrAns', 'imgGreen')])
38.4961 	EXP 	targetTxt: autoDraw = False
38.4961 	EXP 	imgRed: autoDraw = False
38.4961 	EXP 	imgBlue: autoDraw = False
38.4961 	EXP 	imgGreen: autoDraw = False
38.4961 	EXP 	imgYellow: autoDraw = False
38.4961 	EXP 	targetTxt: color = 'green (named)'
38.4961 	EXP 	targetTxt: text = 'آبی'
38.4961 	EXP 	imgRed: opacity = 1.0
38.4961 	EXP 	imgRed: pos = array([-250., -200.])
38.4961 	EXP 	imgRed: size = array([125., 125.])
38.4961 	EXP 	imgRed: ori = 0.0
38.4961 	EXP 	imgRed: image = 'Red.jpg'
38.4961 	EXP 	imgBlue: opacity = 1.0
38.4961 	EXP 	imgBlue: pos = array([-100., -200.])
38.4961 	EXP 	imgBlue: size = array([125., 125.])
38.4961 	EXP 	imgBlue: ori = 1.0
38.4961 	EXP 	imgBlue: image = 'Blue.jpg'
38.4961 	EXP 	imgGreen: opacity = 1.0
38.4961 	EXP 	imgGreen: pos = array([  50., -200.])
38.4961 	EXP 	imgGreen: size = array([125., 125.])
38.4961 	EXP 	imgGreen: ori = 2.0
38.4961 	EXP 	imgGreen: image = 'Green.jpg'
38.4961 	EXP 	imgYellow: opacity = 1.0
38.4961 	EXP 	imgYellow: pos = array([ 200., -200.])
38.4961 	EXP 	imgYellow: size = array([125., 125.])
38.4961 	EXP 	imgYellow: ori = 3.0
38.4961 	EXP 	imgYellow: image = 'Yellow.jpg'
38.4961 	EXP 	targetTxt: autoDraw = True
38.4961 	EXP 	imgRed: autoDraw = True
38.4961 	EXP 	imgBlue: autoDraw = True
38.4961 	EXP 	imgGreen: autoDraw = True
38.4961 	EXP 	imgYellow: autoDraw = True
38.6349 	DATA 	Mouse:  Left button up, pos=(1160,316)
39.0681 	DATA 	Mouse: Left button down, pos=(1054,321)
39.0857 	EXP 	New trial (rep=0, index=4): OrderedDict([('word', 'زرد'), ('colour', 'red'), ('congruent', 0), ('corrAns', 'imgRed')])
39.1295 	EXP 	targetTxt: autoDraw = False
39.1295 	EXP 	imgRed: autoDraw = False
39.1295 	EXP 	imgBlue: autoDraw = False
39.1295 	EXP 	imgGreen: autoDraw = False
39.1295 	EXP 	imgYellow: autoDraw = False
39.1295 	EXP 	targetTxt: color = 'red (named)'
39.1295 	EXP 	targetTxt: text = 'زرد'
39.1295 	EXP 	imgRed: opacity = 1.0
39.1295 	EXP 	imgRed: pos = array([-250., -200.])
39.1295 	EXP 	imgRed: size = array([125., 125.])
39.1295 	EXP 	imgRed: ori = 0.0
39.1295 	EXP 	imgRed: image = 'Red.jpg'
39.1295 	EXP 	imgBlue: opacity = 1.0
39.1295 	EXP 	imgBlue: pos = array([-100., -200.])
39.1295 	EXP 	imgBlue: size = array([125., 125.])
39.1295 	EXP 	imgBlue: ori = 1.0
39.1295 	EXP 	imgBlue: image = 'Blue.jpg'
39.1295 	EXP 	imgGreen: opacity = 1.0
39.1295 	EXP 	imgGreen: pos = array([  50., -200.])
39.1295 	EXP 	imgGreen: size = array([125., 125.])
39.1295 	EXP 	imgGreen: ori = 2.0
39.1295 	EXP 	imgGreen: image = 'Green.jpg'
39.1295 	EXP 	imgYellow: opacity = 1.0
39.1295 	EXP 	imgYellow: pos = array([ 200., -200.])
39.1295 	EXP 	imgYellow: size = array([125., 125.])
39.1295 	EXP 	imgYellow: ori = 3.0
39.1295 	EXP 	imgYellow: image = 'Yellow.jpg'
39.1295 	EXP 	targetTxt: autoDraw = True
39.1295 	EXP 	imgRed: autoDraw = True
39.1295 	EXP 	imgBlue: autoDraw = True
39.1295 	EXP 	imgGreen: autoDraw = True
39.1295 	EXP 	imgYellow: autoDraw = True
39.2307 	DATA 	Mouse:  Left button up, pos=(1049,321)
40.0634 	DATA 	Mouse: Left button down, pos=(742,321)
40.0703 	EXP 	New trial (rep=0, index=5): OrderedDict([('word', 'آبی'), ('colour', 'blue'), ('congruent', 1), ('corrAns', 'imgBlue')])
40.1130 	EXP 	targetTxt: autoDraw = False
40.1130 	EXP 	imgRed: autoDraw = False
40.1130 	EXP 	imgBlue: autoDraw = False
40.1130 	EXP 	imgGreen: autoDraw = False
40.1130 	EXP 	imgYellow: autoDraw = False
40.1130 	EXP 	targetTxt: color = 'blue (named)'
40.1130 	EXP 	targetTxt: text = 'آبی'
40.1130 	EXP 	imgRed: opacity = 1.0
40.1130 	EXP 	imgRed: pos = array([-250., -200.])
40.1130 	EXP 	imgRed: size = array([125., 125.])
40.1130 	EXP 	imgRed: ori = 0.0
40.1130 	EXP 	imgRed: image = 'Red.jpg'
40.1130 	EXP 	imgBlue: opacity = 1.0
40.1130 	EXP 	imgBlue: pos = array([-100., -200.])
40.1130 	EXP 	imgBlue: size = array([125., 125.])
40.1130 	EXP 	imgBlue: ori = 1.0
40.1130 	EXP 	imgBlue: image = 'Blue.jpg'
40.1130 	EXP 	imgGreen: opacity = 1.0
40.1130 	EXP 	imgGreen: pos = array([  50., -200.])
40.1130 	EXP 	imgGreen: size = array([125., 125.])
40.1130 	EXP 	imgGreen: ori = 2.0
40.1130 	EXP 	imgGreen: image = 'Green.jpg'
40.1130 	EXP 	imgYellow: opacity = 1.0
40.1130 	EXP 	imgYellow: pos = array([ 200., -200.])
40.1130 	EXP 	imgYellow: size = array([125., 125.])
40.1130 	EXP 	imgYellow: ori = 3.0
40.1130 	EXP 	imgYellow: image = 'Yellow.jpg'
40.1130 	EXP 	targetTxt: autoDraw = True
40.1130 	EXP 	imgRed: autoDraw = True
40.1130 	EXP 	imgBlue: autoDraw = True
40.1130 	EXP 	imgGreen: autoDraw = True
40.1130 	EXP 	imgYellow: autoDraw = True
40.2303 	DATA 	Mouse:  Left button up, pos=(742,321)
40.7481 	DATA 	Mouse: Left button down, pos=(833,314)
40.7539 	EXP 	New trial (rep=0, index=6): OrderedDict([('word', 'سبز'), ('colour', 'yellow'), ('congruent', 0), ('corrAns', 'imgYellow')])
40.7957 	EXP 	targetTxt: autoDraw = False
40.7957 	EXP 	imgRed: autoDraw = False
40.7957 	EXP 	imgBlue: autoDraw = False
40.7957 	EXP 	imgGreen: autoDraw = False
40.7957 	EXP 	imgYellow: autoDraw = False
40.7957 	EXP 	targetTxt: color = 'yellow (named)'
40.7957 	EXP 	targetTxt: text = 'سبز'
40.7957 	EXP 	imgRed: opacity = 1.0
40.7957 	EXP 	imgRed: pos = array([-250., -200.])
40.7957 	EXP 	imgRed: size = array([125., 125.])
40.7957 	EXP 	imgRed: ori = 0.0
40.7957 	EXP 	imgRed: image = 'Red.jpg'
40.7957 	EXP 	imgBlue: opacity = 1.0
40.7957 	EXP 	imgBlue: pos = array([-100., -200.])
40.7957 	EXP 	imgBlue: size = array([125., 125.])
40.7957 	EXP 	imgBlue: ori = 1.0
40.7957 	EXP 	imgBlue: image = 'Blue.jpg'
40.7957 	EXP 	imgGreen: opacity = 1.0
40.7957 	EXP 	imgGreen: pos = array([  50., -200.])
40.7957 	EXP 	imgGreen: size = array([125., 125.])
40.7957 	EXP 	imgGreen: ori = 2.0
40.7957 	EXP 	imgGreen: image = 'Green.jpg'
40.7957 	EXP 	imgYellow: opacity = 1.0
40.7957 	EXP 	imgYellow: pos = array([ 200., -200.])
40.7957 	EXP 	imgYellow: size = array([125., 125.])
40.7957 	EXP 	imgYellow: ori = 3.0
40.7957 	EXP 	imgYellow: image = 'Yellow.jpg'
40.7957 	EXP 	targetTxt: autoDraw = True
40.7957 	EXP 	imgRed: autoDraw = True
40.7957 	EXP 	imgBlue: autoDraw = True
40.7957 	EXP 	imgGreen: autoDraw = True
40.7957 	EXP 	imgYellow: autoDraw = True
40.9309 	DATA 	Mouse:  Left button up, pos=(837,313)
41.6304 	DATA 	Mouse: Left button down, pos=(1151,317)
41.6370 	EXP 	New trial (rep=0, index=7): OrderedDict([('word', 'سبز'), ('colour', 'green'), ('congruent', 1), ('corrAns', 'imgGreen')])
41.6794 	EXP 	targetTxt: autoDraw = False
41.6794 	EXP 	imgRed: autoDraw = False
41.6794 	EXP 	imgBlue: autoDraw = False
41.6794 	EXP 	imgGreen: autoDraw = False
41.6794 	EXP 	imgYellow: autoDraw = False
41.6794 	EXP 	targetTxt: color = 'green (named)'
41.6794 	EXP 	targetTxt: text = 'سبز'
41.6794 	EXP 	imgRed: opacity = 1.0
41.6794 	EXP 	imgRed: pos = array([-250., -200.])
41.6794 	EXP 	imgRed: size = array([125., 125.])
41.6794 	EXP 	imgRed: ori = 0.0
41.6794 	EXP 	imgRed: image = 'Red.jpg'
41.6794 	EXP 	imgBlue: opacity = 1.0
41.6794 	EXP 	imgBlue: pos = array([-100., -200.])
41.6794 	EXP 	imgBlue: size = array([125., 125.])
41.6794 	EXP 	imgBlue: ori = 1.0
41.6794 	EXP 	imgBlue: image = 'Blue.jpg'
41.6794 	EXP 	imgGreen: opacity = 1.0
41.6794 	EXP 	imgGreen: pos = array([  50., -200.])
41.6794 	EXP 	imgGreen: size = array([125., 125.])
41.6794 	EXP 	imgGreen: ori = 2.0
41.6794 	EXP 	imgGreen: image = 'Green.jpg'
41.6794 	EXP 	imgYellow: opacity = 1.0
41.6794 	EXP 	imgYellow: pos = array([ 200., -200.])
41.6794 	EXP 	imgYellow: size = array([125., 125.])
41.6794 	EXP 	imgYellow: ori = 3.0
41.6794 	EXP 	imgYellow: image = 'Yellow.jpg'
41.6794 	EXP 	targetTxt: autoDraw = True
41.6794 	EXP 	imgRed: autoDraw = True
41.6794 	EXP 	imgBlue: autoDraw = True
41.6794 	EXP 	imgGreen: autoDraw = True
41.6794 	EXP 	imgYellow: autoDraw = True
41.8296 	DATA 	Mouse:  Left button up, pos=(1151,317)
42.2846 	DATA 	Mouse: Left button down, pos=(1048,317)
42.3022 	EXP 	New trial (rep=0, index=8): OrderedDict([('word', 'سبز'), ('colour', 'blue'), ('congruent', 0), ('corrAns', 'imgBlue')])
42.3456 	EXP 	targetTxt: autoDraw = False
42.3456 	EXP 	imgRed: autoDraw = False
42.3456 	EXP 	imgBlue: autoDraw = False
42.3456 	EXP 	imgGreen: autoDraw = False
42.3456 	EXP 	imgYellow: autoDraw = False
42.3456 	EXP 	targetTxt: color = 'blue (named)'
42.3456 	EXP 	targetTxt: text = 'سبز'
42.3456 	EXP 	imgRed: opacity = 1.0
42.3456 	EXP 	imgRed: pos = array([-250., -200.])
42.3456 	EXP 	imgRed: size = array([125., 125.])
42.3456 	EXP 	imgRed: ori = 0.0
42.3456 	EXP 	imgRed: image = 'Red.jpg'
42.3456 	EXP 	imgBlue: opacity = 1.0
42.3456 	EXP 	imgBlue: pos = array([-100., -200.])
42.3456 	EXP 	imgBlue: size = array([125., 125.])
42.3456 	EXP 	imgBlue: ori = 1.0
42.3456 	EXP 	imgBlue: image = 'Blue.jpg'
42.3456 	EXP 	imgGreen: opacity = 1.0
42.3456 	EXP 	imgGreen: pos = array([  50., -200.])
42.3456 	EXP 	imgGreen: size = array([125., 125.])
42.3456 	EXP 	imgGreen: ori = 2.0
42.3456 	EXP 	imgGreen: image = 'Green.jpg'
42.3456 	EXP 	imgYellow: opacity = 1.0
42.3456 	EXP 	imgYellow: pos = array([ 200., -200.])
42.3456 	EXP 	imgYellow: size = array([125., 125.])
42.3456 	EXP 	imgYellow: ori = 3.0
42.3456 	EXP 	imgYellow: image = 'Yellow.jpg'
42.3456 	EXP 	targetTxt: autoDraw = True
42.3456 	EXP 	imgRed: autoDraw = True
42.3456 	EXP 	imgBlue: autoDraw = True
42.3456 	EXP 	imgGreen: autoDraw = True
42.3456 	EXP 	imgYellow: autoDraw = True
42.4632 	DATA 	Mouse:  Left button up, pos=(1048,317)
42.9962 	DATA 	Mouse: Left button down, pos=(893,316)
43.0030 	EXP 	New trial (rep=0, index=9): OrderedDict([('word', 'قرمز'), ('colour', 'yellow'), ('congruent', 0), ('corrAns', 'imgYellow')])
43.0453 	EXP 	targetTxt: autoDraw = False
43.0453 	EXP 	imgRed: autoDraw = False
43.0453 	EXP 	imgBlue: autoDraw = False
43.0453 	EXP 	imgGreen: autoDraw = False
43.0453 	EXP 	imgYellow: autoDraw = False
43.0453 	EXP 	targetTxt: color = 'yellow (named)'
43.0453 	EXP 	targetTxt: text = 'قرمز'
43.0453 	EXP 	imgRed: opacity = 1.0
43.0453 	EXP 	imgRed: pos = array([-250., -200.])
43.0453 	EXP 	imgRed: size = array([125., 125.])
43.0453 	EXP 	imgRed: ori = 0.0
43.0453 	EXP 	imgRed: image = 'Red.jpg'
43.0453 	EXP 	imgBlue: opacity = 1.0
43.0453 	EXP 	imgBlue: pos = array([-100., -200.])
43.0453 	EXP 	imgBlue: size = array([125., 125.])
43.0453 	EXP 	imgBlue: ori = 1.0
43.0453 	EXP 	imgBlue: image = 'Blue.jpg'
43.0453 	EXP 	imgGreen: opacity = 1.0
43.0453 	EXP 	imgGreen: pos = array([  50., -200.])
43.0453 	EXP 	imgGreen: size = array([125., 125.])
43.0453 	EXP 	imgGreen: ori = 2.0
43.0453 	EXP 	imgGreen: image = 'Green.jpg'
43.0453 	EXP 	imgYellow: opacity = 1.0
43.0453 	EXP 	imgYellow: pos = array([ 200., -200.])
43.0453 	EXP 	imgYellow: size = array([125., 125.])
43.0453 	EXP 	imgYellow: ori = 3.0
43.0453 	EXP 	imgYellow: image = 'Yellow.jpg'
43.0453 	EXP 	targetTxt: autoDraw = True
43.0453 	EXP 	imgRed: autoDraw = True
43.0453 	EXP 	imgBlue: autoDraw = True
43.0453 	EXP 	imgGreen: autoDraw = True
43.0453 	EXP 	imgYellow: autoDraw = True
43.1463 	DATA 	Mouse:  Left button up, pos=(887,316)
43.8135 	DATA 	Mouse: Left button down, pos=(1146,305)
43.8210 	EXP 	New trial (rep=0, index=10): OrderedDict([('word', 'قرمز'), ('colour', 'red'), ('congruent', 1), ('corrAns', 'imgRed')])
43.8627 	EXP 	targetTxt: autoDraw = False
43.8627 	EXP 	imgRed: autoDraw = False
43.8627 	EXP 	imgBlue: autoDraw = False
43.8627 	EXP 	imgGreen: autoDraw = False
43.8627 	EXP 	imgYellow: autoDraw = False
43.8627 	EXP 	targetTxt: color = 'red (named)'
43.8627 	EXP 	targetTxt: text = 'قرمز'
43.8627 	EXP 	imgRed: opacity = 1.0
43.8627 	EXP 	imgRed: pos = array([-250., -200.])
43.8627 	EXP 	imgRed: size = array([125., 125.])
43.8627 	EXP 	imgRed: ori = 0.0
43.8627 	EXP 	imgRed: image = 'Red.jpg'
43.8627 	EXP 	imgBlue: opacity = 1.0
43.8627 	EXP 	imgBlue: pos = array([-100., -200.])
43.8627 	EXP 	imgBlue: size = array([125., 125.])
43.8627 	EXP 	imgBlue: ori = 1.0
43.8627 	EXP 	imgBlue: image = 'Blue.jpg'
43.8627 	EXP 	imgGreen: opacity = 1.0
43.8627 	EXP 	imgGreen: pos = array([  50., -200.])
43.8627 	EXP 	imgGreen: size = array([125., 125.])
43.8627 	EXP 	imgGreen: ori = 2.0
43.8627 	EXP 	imgGreen: image = 'Green.jpg'
43.8627 	EXP 	imgYellow: opacity = 1.0
43.8627 	EXP 	imgYellow: pos = array([ 200., -200.])
43.8627 	EXP 	imgYellow: size = array([125., 125.])
43.8627 	EXP 	imgYellow: ori = 3.0
43.8627 	EXP 	imgYellow: image = 'Yellow.jpg'
43.8627 	EXP 	targetTxt: autoDraw = True
43.8627 	EXP 	imgRed: autoDraw = True
43.8627 	EXP 	imgBlue: autoDraw = True
43.8627 	EXP 	imgGreen: autoDraw = True
43.8627 	EXP 	imgYellow: autoDraw = True
43.9798 	DATA 	Mouse:  Left button up, pos=(1152,304)
44.6294 	DATA 	Mouse: Left button down, pos=(743,313)
44.6397 	EXP 	New trial (rep=0, index=11): OrderedDict([('word', 'زرد'), ('colour', 'green'), ('congruent', 0), ('corrAns', 'imgGreen')])
44.6792 	EXP 	targetTxt: autoDraw = False
44.6792 	EXP 	imgRed: autoDraw = False
44.6792 	EXP 	imgBlue: autoDraw = False
44.6792 	EXP 	imgGreen: autoDraw = False
44.6792 	EXP 	imgYellow: autoDraw = False
44.6792 	EXP 	targetTxt: color = 'green (named)'
44.6792 	EXP 	targetTxt: text = 'زرد'
44.6792 	EXP 	imgRed: opacity = 1.0
44.6792 	EXP 	imgRed: pos = array([-250., -200.])
44.6792 	EXP 	imgRed: size = array([125., 125.])
44.6792 	EXP 	imgRed: ori = 0.0
44.6792 	EXP 	imgRed: image = 'Red.jpg'
44.6792 	EXP 	imgBlue: opacity = 1.0
44.6792 	EXP 	imgBlue: pos = array([-100., -200.])
44.6792 	EXP 	imgBlue: size = array([125., 125.])
44.6792 	EXP 	imgBlue: ori = 1.0
44.6792 	EXP 	imgBlue: image = 'Blue.jpg'
44.6792 	EXP 	imgGreen: opacity = 1.0
44.6792 	EXP 	imgGreen: pos = array([  50., -200.])
44.6792 	EXP 	imgGreen: size = array([125., 125.])
44.6792 	EXP 	imgGreen: ori = 2.0
44.6792 	EXP 	imgGreen: image = 'Green.jpg'
44.6792 	EXP 	imgYellow: opacity = 1.0
44.6792 	EXP 	imgYellow: pos = array([ 200., -200.])
44.6792 	EXP 	imgYellow: size = array([125., 125.])
44.6792 	EXP 	imgYellow: ori = 3.0
44.6792 	EXP 	imgYellow: image = 'Yellow.jpg'
44.6792 	EXP 	targetTxt: autoDraw = True
44.6792 	EXP 	imgRed: autoDraw = True
44.6792 	EXP 	imgBlue: autoDraw = True
44.6792 	EXP 	imgGreen: autoDraw = True
44.6792 	EXP 	imgYellow: autoDraw = True
44.7798 	DATA 	Mouse:  Left button up, pos=(743,313)
45.3643 	DATA 	Mouse: Left button down, pos=(1024,320)
45.3709 	EXP 	New trial (rep=0, index=12): OrderedDict([('word', 'زرد'), ('colour', 'blue'), ('congruent', 0), ('corrAns', 'imgBlue')])
45.4116 	EXP 	targetTxt: autoDraw = False
45.4116 	EXP 	imgRed: autoDraw = False
45.4116 	EXP 	imgBlue: autoDraw = False
45.4116 	EXP 	imgGreen: autoDraw = False
45.4116 	EXP 	imgYellow: autoDraw = False
45.4116 	EXP 	targetTxt: color = 'blue (named)'
45.4116 	EXP 	targetTxt: text = 'زرد'
45.4116 	EXP 	imgRed: opacity = 1.0
45.4116 	EXP 	imgRed: pos = array([-250., -200.])
45.4116 	EXP 	imgRed: size = array([125., 125.])
45.4116 	EXP 	imgRed: ori = 0.0
45.4116 	EXP 	imgRed: image = 'Red.jpg'
45.4116 	EXP 	imgBlue: opacity = 1.0
45.4116 	EXP 	imgBlue: pos = array([-100., -200.])
45.4116 	EXP 	imgBlue: size = array([125., 125.])
45.4116 	EXP 	imgBlue: ori = 1.0
45.4116 	EXP 	imgBlue: image = 'Blue.jpg'
45.4116 	EXP 	imgGreen: opacity = 1.0
45.4116 	EXP 	imgGreen: pos = array([  50., -200.])
45.4116 	EXP 	imgGreen: size = array([125., 125.])
45.4116 	EXP 	imgGreen: ori = 2.0
45.4116 	EXP 	imgGreen: image = 'Green.jpg'
45.4116 	EXP 	imgYellow: opacity = 1.0
45.4116 	EXP 	imgYellow: pos = array([ 200., -200.])
45.4116 	EXP 	imgYellow: size = array([125., 125.])
45.4116 	EXP 	imgYellow: ori = 3.0
45.4116 	EXP 	imgYellow: image = 'Yellow.jpg'
45.4116 	EXP 	targetTxt: autoDraw = True
45.4116 	EXP 	imgRed: autoDraw = True
45.4116 	EXP 	imgBlue: autoDraw = True
45.4116 	EXP 	imgGreen: autoDraw = True
45.4116 	EXP 	imgYellow: autoDraw = True
45.5458 	DATA 	Mouse:  Left button up, pos=(1027,320)
46.9002 	DATA 	Keypress: escape
47.2688 	EXP 	window1: mouseVisible = True
