0.9835 	WARNING 	We strongly recommend you activate the PTB sound engine in PsychoPy prefs as the preferred audio engine. Its timing is vastly superior. Your prefs are currently set to use ['sounddevice', 'PTB', 'pyo', 'pygame'] (in that order).
14.1359 	WARNING 	User requested fullscreen with size [1536  864], but screen is actually [1920, 1080]. Using actual size
15.5568 	EXP 	Created window1 = Window(allowGUI=False, allowStencil=False, args=UNKNOWN, autoLog=True, bitsMode=UNKNOWN, blendMode='avg', bpc=(8, 8, 8), color=array([0., 0., 0.]), colorSpace='rgb', depthBits=8, fullscr=<method-wrapper '__getattribute__' of attributeSetter object at 0x0000027DA7FD3CF8>, gamma=None, gammaErrorPolicy='raise', kwargs=UNKNOWN, lms=UNKNOWN, monitor=<psychopy.monitors.calibTools.Monitor object at 0x0000027DA802A550>, multiSample=False, name='window1', numSamples=2, pos=[0.0, 0.0], screen=0, size=array([1920, 1080]), stencilBits=0, stereo=False, units='height', useFBO=True, useRetina=False, viewOri=0.0, viewPos=None, viewScale=None, waitBlanking=True, winType='pyglet')
15.5572 	EXP 	window1: mouseVisible = True
15.5573 	EXP 	window1: recordFrameIntervals = False
15.7224 	EXP 	window1: recordFrameIntervals = True
15.9054 	EXP 	window1: recordFrameIntervals = False
16.2208 	EXP 	Created instrTxt = TextStim(__class__=<class 'psychopy.visual.text.TextStim'>, alignHoriz=method-wrapper(...), alignText='center', alignVert=method-wrapper(...), anchorHoriz='center', anchorVert='center', antialias=True, autoLog=True, bold=False, color=array([1., 1., 1.]), colorSpace='rgb', contrast=1.0, depth=0.0, flipHoriz=False, flipVert=False, font='Arial', fontFiles=[], height=0.05, italic=False, languageStyle='Arabic', name='instrTxt', opacity=1.0, ori=0, pos=array([0., 0.]), rgb=array([1., 1., 1.]), text=str(...), units='height', win=Window(...), wrapWidth=1)
16.2275 	EXP 	Created imgStart = ImageStim(__class__=<class 'psychopy.visual.image.ImageStim'>, autoLog=True, color=array([1., 1., 1.]), colorSpace='rgb', contrast=1.0, depth=-1.0, flipHoriz=False, flipVert=False, image='Start.jpg', interpolate=True, mask=None, maskParams=None, name='imgStart', opacity=1.0, ori=0.0, pos=array([   0., -310.]), size=array([125., 125.]), texRes=128, units='pix', win=Window(...))
16.2277 	EXP 	window1: mouseVisible = True
16.2819 	EXP 	Created targetTxt = TextStim(__class__=<class 'psychopy.visual.text.TextStim'>, alignHoriz=method-wrapper(...), alignText='center', alignVert=method-wrapper(...), anchorHoriz='center', anchorVert='center', antialias=True, autoLog=True, bold=False, color='white', colorSpace='named', contrast=1.0, depth=0.0, flipHoriz=False, flipVert=False, font='Arial', fontFiles=[], height=0.1, italic=False, languageStyle='Arabic', name='targetTxt', opacity=1.0, ori=0, pos=array([10.,  0.]), rgb=array([255., 255., 255.]), text='default text', units='height', win=Window(...), wrapWidth=1)
16.2842 	EXP 	Created imgRed = ImageStim(__class__=<class 'psychopy.visual.image.ImageStim'>, autoLog=True, color=array([1., 1., 1.]), colorSpace='rgb', contrast=1.0, depth=-1.0, flipHoriz=False, flipVert=False, image='sin', interpolate=True, mask=None, maskParams=None, name='imgRed', opacity=1.0, ori=1.0, pos=array([0., 0.]), size=array([1., 1.]), texRes=128, units='pix', win=Window(...))
16.2861 	EXP 	Created imgBlue = ImageStim(__class__=<class 'psychopy.visual.image.ImageStim'>, autoLog=True, color=array([1., 1., 1.]), colorSpace='rgb', contrast=1.0, depth=-2.0, flipHoriz=False, flipVert=False, image='sin', interpolate=True, mask=None, maskParams=None, name='imgBlue', opacity=1.0, ori=1.0, pos=array([0., 0.]), size=array([1., 1.]), texRes=128, units='pix', win=Window(...))
16.2882 	EXP 	Created imgGreen = ImageStim(__class__=<class 'psychopy.visual.image.ImageStim'>, autoLog=True, color=array([1., 1., 1.]), colorSpace='rgb', contrast=1.0, depth=-3.0, flipHoriz=False, flipVert=False, image='sin', interpolate=True, mask=None, maskParams=None, name='imgGreen', opacity=1.0, ori=1.0, pos=array([0., 0.]), size=array([1., 1.]), texRes=128, units='pix', win=Window(...))
16.2900 	EXP 	Created imgYellow = ImageStim(__class__=<class 'psychopy.visual.image.ImageStim'>, autoLog=True, color=array([1., 1., 1.]), colorSpace='rgb', contrast=1.0, depth=-4.0, flipHoriz=False, flipVert=False, image='sin', interpolate=True, mask=None, maskParams=None, name='imgYellow', opacity=1.0, ori=1.0, pos=array([0., 0.]), size=array([1., 1.]), texRes=128, units='pix', win=Window(...))
16.2902 	EXP 	window1: mouseVisible = True
16.3666 	EXP 	Created thanksText = TextStim(__class__=<class 'psychopy.visual.text.TextStim'>, alignHoriz=method-wrapper(...), alignText='center', alignVert=method-wrapper(...), anchorHoriz='center', anchorVert='center', antialias=True, autoLog=True, bold=False, color=array([1., 1., 1.]), colorSpace='rgb', contrast=1.0, depth=0.0, flipHoriz=False, flipVert=False, font='Arial', fontFiles=[], height=0.1, italic=False, languageStyle='Arabic', name='thanksText', opacity=1.0, ori=0, pos=array([0., 0.]), rgb=array([1., 1., 1.]), text='ﻥﻮﻣﺯﺁ ﻥﺎﯾﺎﭘ\n\n!ﻢﯾﺭﺍﺰﮕﺳﺎﭙﺳ ﺭﺎﯿﺴﺑ ﺎﻤﺷ ﺯﺍ', units='height', win=Window(...), wrapWidth=1)
16.4210 	EXP 	instrTxt: autoDraw = True
16.4210 	EXP 	imgStart: autoDraw = True
17.3559 	DATA 	Mouse: Left button down, pos=(909,279)
17.4029 	EXP 	Imported conditions.xlsx as conditions, 16 conditions, 4 params
17.4037 	EXP 	Created sequence: random, trialTypes=16, nReps=6, seed=None
17.4045 	EXP 	New trial (rep=0, index=0): OrderedDict([('word', 'سبز'), ('colour', 'green'), ('congruent', 1), ('corrAns', 'imgGreen')])
17.4542 	EXP 	instrTxt: autoDraw = False
17.4542 	EXP 	imgStart: autoDraw = False
17.4542 	EXP 	targetTxt: color = 'green (named)'
17.4542 	EXP 	targetTxt: text = 'سبز'
17.4542 	EXP 	imgRed: opacity = 1.0
17.4542 	EXP 	imgRed: pos = array([-250., -150.])
17.4542 	EXP 	imgRed: size = array([100., 100.])
17.4542 	EXP 	imgRed: ori = 0.0
17.4542 	EXP 	imgRed: image = 'Red.jpg'
17.4542 	EXP 	imgBlue: opacity = 1.0
17.4542 	EXP 	imgBlue: pos = array([-100., -150.])
17.4542 	EXP 	imgBlue: size = array([100., 100.])
17.4542 	EXP 	imgBlue: ori = 1.0
17.4542 	EXP 	imgBlue: image = 'Blue.jpg'
17.4542 	EXP 	imgGreen: opacity = 1.0
17.4542 	EXP 	imgGreen: pos = array([  50., -150.])
17.4542 	EXP 	imgGreen: size = array([100., 100.])
17.4542 	EXP 	imgGreen: ori = 2.0
17.4542 	EXP 	imgGreen: image = 'Green.jpg'
17.4542 	EXP 	imgYellow: opacity = 1.0
17.4542 	EXP 	imgYellow: pos = array([ 200., -150.])
17.4542 	EXP 	imgYellow: size = array([100., 100.])
17.4542 	EXP 	imgYellow: ori = 3.0
17.4542 	EXP 	imgYellow: image = 'Yellow.jpg'
17.4542 	EXP 	targetTxt: autoDraw = True
17.4542 	EXP 	imgRed: autoDraw = True
17.4542 	EXP 	imgBlue: autoDraw = True
17.4542 	EXP 	imgGreen: autoDraw = True
17.4542 	EXP 	imgYellow: autoDraw = True
17.5385 	DATA 	Mouse:  Left button up, pos=(919,264)
19.3045 	DATA 	Keypress: escape
19.3767 	EXP 	New trial (rep=0, index=1): OrderedDict([('word', 'سبز'), ('colour', 'yellow'), ('congruent', 0), ('corrAns', 'imgYellow')])
19.4210 	EXP 	targetTxt: autoDraw = False
19.4210 	EXP 	imgRed: autoDraw = False
19.4210 	EXP 	imgBlue: autoDraw = False
19.4210 	EXP 	imgGreen: autoDraw = False
19.4210 	EXP 	imgYellow: autoDraw = False
19.4210 	EXP 	targetTxt: color = 'yellow (named)'
19.4210 	EXP 	targetTxt: text = 'سبز'
19.4210 	EXP 	imgRed: opacity = 1.0
19.4210 	EXP 	imgRed: pos = array([-250., -150.])
19.4210 	EXP 	imgRed: size = array([100., 100.])
19.4210 	EXP 	imgRed: ori = 0.0
19.4210 	EXP 	imgRed: image = 'Red.jpg'
19.4210 	EXP 	imgBlue: opacity = 1.0
19.4210 	EXP 	imgBlue: pos = array([-100., -150.])
19.4210 	EXP 	imgBlue: size = array([100., 100.])
19.4210 	EXP 	imgBlue: ori = 1.0
19.4210 	EXP 	imgBlue: image = 'Blue.jpg'
19.4210 	EXP 	imgGreen: opacity = 1.0
19.4210 	EXP 	imgGreen: pos = array([  50., -150.])
19.4210 	EXP 	imgGreen: size = array([100., 100.])
19.4210 	EXP 	imgGreen: ori = 2.0
19.4210 	EXP 	imgGreen: image = 'Green.jpg'
19.4210 	EXP 	imgYellow: opacity = 1.0
19.4210 	EXP 	imgYellow: pos = array([ 200., -150.])
19.4210 	EXP 	imgYellow: size = array([100., 100.])
19.4210 	EXP 	imgYellow: ori = 3.0
19.4210 	EXP 	imgYellow: image = 'Yellow.jpg'
19.4210 	EXP 	targetTxt: autoDraw = True
19.4210 	EXP 	imgRed: autoDraw = True
19.4210 	EXP 	imgBlue: autoDraw = True
19.4210 	EXP 	imgGreen: autoDraw = True
19.4210 	EXP 	imgYellow: autoDraw = True
19.6818 	EXP 	window1: mouseVisible = True
