0.5537 	WARNING 	We strongly recommend you activate the PTB sound engine in PsychoPy prefs as the preferred audio engine. Its timing is vastly superior. Your prefs are currently set to use ['sounddevice', 'PTB', 'pyo', 'pygame'] (in that order).
11.5607 	WARNING 	User requested fullscreen with size [1536  864], but screen is actually [1920, 1080]. Using actual size
12.8140 	EXP 	Created window1 = Window(allowGUI=False, allowStencil=False, args=UNKNOWN, autoLog=True, bitsMode=UNKNOWN, blendMode='avg', bpc=(8, 8, 8), color=array([0., 0., 0.]), colorSpace='rgb', depthBits=8, fullscr=<method-wrapper '__getattribute__' of attributeSetter object at 0x0000012EE8F194E0>, gamma=None, gammaErrorPolicy='raise', kwargs=UNKNOWN, lms=UNKNOWN, monitor=<psychopy.monitors.calibTools.Monitor object at 0x0000012EE8F68CF8>, multiSample=False, name='window1', numSamples=2, pos=[0.0, 0.0], screen=0, size=array([1920, 1080]), stencilBits=0, stereo=False, units='height', useFBO=True, useRetina=False, viewOri=0.0, viewPos=None, viewScale=None, waitBlanking=True, winType='pyglet')
12.8146 	EXP 	window1: mouseVisible = True
12.8147 	EXP 	window1: recordFrameIntervals = False
12.9806 	EXP 	window1: recordFrameIntervals = True
13.1629 	EXP 	window1: recordFrameIntervals = False
13.4140 	EXP 	Created instrTxt1 = TextStim(__class__=<class 'psychopy.visual.text.TextStim'>, alignHoriz=method-wrapper(...), alignText='center', alignVert=method-wrapper(...), anchorHoriz='center', anchorVert='center', antialias=True, autoLog=True, bold=False, color='white', colorSpace='named', contrast=1.0, depth=0.0, flipHoriz=False, flipVert=False, font='Arial', fontFiles=[], height=0.05, italic=False, languageStyle='Arabic', name='instrTxt1', opacity=1.0, ori=0, pos=array([0., 0.]), rgb=array([255., 255., 255.]), text=str(...), units='height', win=Window(...), wrapWidth=1)
13.4168 	EXP 	Created imgStart1 = ImageStim(__class__=<class 'psychopy.visual.image.ImageStim'>, autoLog=True, color=array([1., 1., 1.]), colorSpace='rgb', contrast=1.0, depth=-1.0, flipHoriz=False, flipVert=False, image='Start.jpg', interpolate=True, mask=None, maskParams=None, name='imgStart1', opacity=1.0, ori=0.0, pos=array([-1., -9.]), size=array([5., 5.]), texRes=128, units='deg', win=Window(...))
13.4170 	EXP 	window1: mouseVisible = True
13.4428 	EXP 	Created targetTxt = TextStim(__class__=<class 'psychopy.visual.text.TextStim'>, alignHoriz=method-wrapper(...), alignText='center', alignVert=method-wrapper(...), anchorHoriz='center', anchorVert='center', antialias=True, autoLog=True, bold=False, color='white', colorSpace='named', contrast=1.0, depth=0.0, flipHoriz=False, flipVert=False, font='Arial', fontFiles=[], height=0.1, italic=False, languageStyle='Arabic', name='targetTxt', opacity=1.0, ori=0, pos=array([0., 0.]), rgb=array([255., 255., 255.]), text='default text', units='height', win=Window(...), wrapWidth=1)
13.4446 	EXP 	Created imgRed = ImageStim(__class__=<class 'psychopy.visual.image.ImageStim'>, autoLog=True, color=array([1., 1., 1.]), colorSpace='rgb', contrast=1.0, depth=-1.0, flipHoriz=False, flipVert=False, image='sin', interpolate=True, mask=None, maskParams=None, name='imgRed', opacity=1.0, ori=1.0, pos=array([0., 0.]), size=array([1., 1.]), texRes=128, units='deg', win=Window(...))
13.4461 	EXP 	Created imgBlue = ImageStim(__class__=<class 'psychopy.visual.image.ImageStim'>, autoLog=True, color=array([1., 1., 1.]), colorSpace='rgb', contrast=1.0, depth=-2.0, flipHoriz=False, flipVert=False, image='sin', interpolate=True, mask=None, maskParams=None, name='imgBlue', opacity=1.0, ori=1.0, pos=array([0., 0.]), size=array([1., 1.]), texRes=128, units='deg', win=Window(...))
13.4476 	EXP 	Created imgGreen = ImageStim(__class__=<class 'psychopy.visual.image.ImageStim'>, autoLog=True, color=array([1., 1., 1.]), colorSpace='rgb', contrast=1.0, depth=-3.0, flipHoriz=False, flipVert=False, image='sin', interpolate=True, mask=None, maskParams=None, name='imgGreen', opacity=1.0, ori=1.0, pos=array([0., 0.]), size=array([1., 1.]), texRes=128, units='deg', win=Window(...))
13.4489 	EXP 	Created imgYellow = ImageStim(__class__=<class 'psychopy.visual.image.ImageStim'>, autoLog=True, color=array([1., 1., 1.]), colorSpace='rgb', contrast=1.0, depth=-4.0, flipHoriz=False, flipVert=False, image='sin', interpolate=True, mask=None, maskParams=None, name='imgYellow', opacity=1.0, ori=1.0, pos=array([0., 0.]), size=array([1., 1.]), texRes=128, units='deg', win=Window(...))
13.4490 	EXP 	window1: mouseVisible = True
13.4547 	EXP 	Created feedbackTxt = TextStim(__class__=<class 'psychopy.visual.text.TextStim'>, alignHoriz=method-wrapper(...), alignText='center', alignVert=method-wrapper(...), anchorHoriz='center', anchorVert='center', antialias=True, autoLog=True, bold=False, color=array([1., 1., 1.]), colorSpace='rgb', contrast=1.0, depth=-1.0, flipHoriz=False, flipVert=False, font='Arial', fontFiles=[], height=0.1, italic=False, languageStyle='Arabic', name='feedbackTxt', opacity=1.0, ori=0, pos=array([0., 0.]), rgb=array([1., 1., 1.]), text='default text', units='height', win=Window(...), wrapWidth=1)
13.4790 	EXP 	Created instrTxt = TextStim(__class__=<class 'psychopy.visual.text.TextStim'>, alignHoriz=method-wrapper(...), alignText='center', alignVert=method-wrapper(...), anchorHoriz='center', anchorVert='center', antialias=True, autoLog=True, bold=False, color=array([1., 1., 1.]), colorSpace='rgb', contrast=1.0, depth=0.0, flipHoriz=False, flipVert=False, font='Arial', fontFiles=[], height=0.05, italic=False, languageStyle='Arabic', name='instrTxt', opacity=1.0, ori=0, pos=array([0., 0.]), rgb=array([1., 1., 1.]), text=str(...), units='height', win=Window(...), wrapWidth=1)
13.4810 	EXP 	Created imgStart = ImageStim(__class__=<class 'psychopy.visual.image.ImageStim'>, autoLog=True, color=array([1., 1., 1.]), colorSpace='rgb', contrast=1.0, depth=-1.0, flipHoriz=False, flipVert=False, image='Start.jpg', interpolate=True, mask=None, maskParams=None, name='imgStart', opacity=1.0, ori=0.0, pos=array([-1., -9.]), size=array([5., 5.]), texRes=128, units='deg', win=Window(...))
13.4811 	EXP 	window1: mouseVisible = True
13.4866 	EXP 	Created targetTxt = TextStim(__class__=<class 'psychopy.visual.text.TextStim'>, alignHoriz=method-wrapper(...), alignText='center', alignVert=method-wrapper(...), anchorHoriz='center', anchorVert='center', antialias=True, autoLog=True, bold=False, color='white', colorSpace='named', contrast=1.0, depth=0.0, flipHoriz=False, flipVert=False, font='Arial', fontFiles=[], height=0.1, italic=False, languageStyle='Arabic', name='targetTxt', opacity=1.0, ori=0, pos=array([0., 0.]), rgb=array([255., 255., 255.]), text='default text', units='height', win=Window(...), wrapWidth=1)
13.4883 	EXP 	Created imgRed = ImageStim(__class__=<class 'psychopy.visual.image.ImageStim'>, autoLog=True, color=array([1., 1., 1.]), colorSpace='rgb', contrast=1.0, depth=-1.0, flipHoriz=False, flipVert=False, image='sin', interpolate=True, mask=None, maskParams=None, name='imgRed', opacity=1.0, ori=1.0, pos=array([0., 0.]), size=array([1., 1.]), texRes=128, units='deg', win=Window(...))
13.4898 	EXP 	Created imgBlue = ImageStim(__class__=<class 'psychopy.visual.image.ImageStim'>, autoLog=True, color=array([1., 1., 1.]), colorSpace='rgb', contrast=1.0, depth=-2.0, flipHoriz=False, flipVert=False, image='sin', interpolate=True, mask=None, maskParams=None, name='imgBlue', opacity=1.0, ori=1.0, pos=array([0., 0.]), size=array([1., 1.]), texRes=128, units='deg', win=Window(...))
13.4912 	EXP 	Created imgGreen = ImageStim(__class__=<class 'psychopy.visual.image.ImageStim'>, autoLog=True, color=array([1., 1., 1.]), colorSpace='rgb', contrast=1.0, depth=-3.0, flipHoriz=False, flipVert=False, image='sin', interpolate=True, mask=None, maskParams=None, name='imgGreen', opacity=1.0, ori=1.0, pos=array([0., 0.]), size=array([1., 1.]), texRes=128, units='deg', win=Window(...))
13.4931 	EXP 	Created imgYellow = ImageStim(__class__=<class 'psychopy.visual.image.ImageStim'>, autoLog=True, color=array([1., 1., 1.]), colorSpace='rgb', contrast=1.0, depth=-4.0, flipHoriz=False, flipVert=False, image='sin', interpolate=True, mask=None, maskParams=None, name='imgYellow', opacity=1.0, ori=1.0, pos=array([0., 0.]), size=array([1., 1.]), texRes=128, units='deg', win=Window(...))
13.4932 	EXP 	window1: mouseVisible = True
13.5302 	EXP 	Created thanksText = TextStim(__class__=<class 'psychopy.visual.text.TextStim'>, alignHoriz=method-wrapper(...), alignText='center', alignVert=method-wrapper(...), anchorHoriz='center', anchorVert='center', antialias=True, autoLog=True, bold=False, color=array([1., 1., 1.]), colorSpace='rgb', contrast=1.0, depth=0.0, flipHoriz=False, flipVert=False, font='Arial', fontFiles=[], height=0.1, italic=False, languageStyle='Arabic', name='thanksText', opacity=1.0, ori=0, pos=array([0., 0.]), rgb=array([1., 1., 1.]), text='ﻥﻮﻣﺯﺁ ﻥﺎﯾﺎﭘ\n\n!ﻢﯾﺭﺍﺰﮕﺳﺎﭙﺳ ﺭﺎﯿﺴﺑ ﺎﻤﺷ ﺯﺍ', units='height', win=Window(...), wrapWidth=1)
13.5789 	EXP 	instrTxt1: autoDraw = True
13.5789 	EXP 	imgStart1: autoDraw = True
14.2652 	DATA 	Mouse: Left button down, pos=(949,269)
14.3079 	EXP 	Imported practice.xlsx as conditions, 8 conditions, 4 params
14.3085 	EXP 	Created sequence: random, trialTypes=8, nReps=1, seed=None
14.3091 	EXP 	New trial (rep=0, index=0): OrderedDict([('word', 'زرد'), ('colour', 'green'), ('congruent', 0), ('corrAns', 'imgGreen')])
14.3455 	EXP 	instrTxt1: autoDraw = False
14.3455 	EXP 	imgStart1: autoDraw = False
14.3455 	EXP 	targetTxt: color = 'green (named)'
14.3455 	EXP 	targetTxt: text = 'زرد'
14.3455 	EXP 	imgRed: opacity = 1.0
14.3455 	EXP 	imgRed: pos = array([-1., -5.])
14.3455 	EXP 	imgRed: size = array([0.6, 0.6])
14.3455 	EXP 	imgRed: ori = 0.0
14.3455 	EXP 	imgRed: image = 'Red.jpg'
14.3455 	EXP 	imgBlue: opacity = 1.0
14.3455 	EXP 	imgBlue: pos = array([ 0., -5.])
14.3455 	EXP 	imgBlue: size = array([0.6, 0.6])
14.3455 	EXP 	imgBlue: ori = 1.0
14.3455 	EXP 	imgBlue: image = 'Blue.jpg'
14.3455 	EXP 	imgGreen: opacity = 1.0
14.3455 	EXP 	imgGreen: pos = array([ 1., -5.])
14.3455 	EXP 	imgGreen: size = array([0.6, 0.6])
14.3455 	EXP 	imgGreen: ori = 2.0
14.3455 	EXP 	imgGreen: image = 'Green.jpg'
14.3455 	EXP 	imgYellow: opacity = 1.0
14.3455 	EXP 	imgYellow: pos = array([ 2., -5.])
14.3455 	EXP 	imgYellow: size = array([0.6, 0.6])
14.3455 	EXP 	imgYellow: ori = 3.0
14.3455 	EXP 	imgYellow: image = 'Yellow.jpg'
14.3455 	EXP 	targetTxt: autoDraw = True
14.3455 	EXP 	imgRed: autoDraw = True
14.3455 	EXP 	imgBlue: autoDraw = True
14.3455 	EXP 	imgGreen: autoDraw = True
14.3455 	EXP 	imgYellow: autoDraw = True
14.3995 	DATA 	Mouse:  Left button up, pos=(949,269)
15.2472 	DATA 	Mouse: Left button down, pos=(982,366)
15.4165 	DATA 	Mouse:  Left button up, pos=(983,367)
16.1799 	DATA 	Mouse: Left button down, pos=(994,370)
16.3571 	EXP 	window1: mouseVisible = True
0.5429 	WARNING 	We strongly recommend you activate the PTB sound engine in PsychoPy prefs as the preferred audio engine. Its timing is vastly superior. Your prefs are currently set to use ['sounddevice', 'PTB', 'pyo', 'pygame'] (in that order).
14.9263 	WARNING 	User requested fullscreen with size [1536  864], but screen is actually [1920, 1080]. Using actual size
16.0054 	EXP 	Created window1 = Window(allowGUI=False, allowStencil=False, args=UNKNOWN, autoLog=True, bitsMode=UNKNOWN, blendMode='avg', bpc=(8, 8, 8), color=array([0., 0., 0.]), colorSpace='rgb', depthBits=8, fullscr=<method-wrapper '__getattribute__' of attributeSetter object at 0x000002980C1694E0>, gamma=None, gammaErrorPolicy='raise', kwargs=UNKNOWN, lms=UNKNOWN, monitor=<psychopy.monitors.calibTools.Monitor object at 0x000002980C1B8CF8>, multiSample=False, name='window1', numSamples=2, pos=[0.0, 0.0], screen=0, size=array([1920, 1080]), stencilBits=0, stereo=False, units='height', useFBO=True, useRetina=False, viewOri=0.0, viewPos=None, viewScale=None, waitBlanking=True, winType='pyglet')
16.0059 	EXP 	window1: mouseVisible = True
16.0060 	EXP 	window1: recordFrameIntervals = False
16.1694 	EXP 	window1: recordFrameIntervals = True
16.3530 	EXP 	window1: recordFrameIntervals = False
16.6770 	EXP 	Created instrTxt1 = TextStim(__class__=<class 'psychopy.visual.text.TextStim'>, alignHoriz=method-wrapper(...), alignText='center', alignVert=method-wrapper(...), anchorHoriz='center', anchorVert='center', antialias=True, autoLog=True, bold=False, color='white', colorSpace='named', contrast=1.0, depth=0.0, flipHoriz=False, flipVert=False, font='Arial', fontFiles=[], height=0.05, italic=False, languageStyle='Arabic', name='instrTxt1', opacity=1.0, ori=0, pos=array([0., 0.]), rgb=array([255., 255., 255.]), text=str(...), units='height', win=Window(...), wrapWidth=1)
16.6812 	EXP 	Created imgStart1 = ImageStim(__class__=<class 'psychopy.visual.image.ImageStim'>, autoLog=True, color=array([1., 1., 1.]), colorSpace='rgb', contrast=1.0, depth=-1.0, flipHoriz=False, flipVert=False, image='Start.jpg', interpolate=True, mask=None, maskParams=None, name='imgStart1', opacity=1.0, ori=0.0, pos=array([-1., -9.]), size=array([5., 5.]), texRes=128, units='deg', win=Window(...))
16.6815 	EXP 	window1: mouseVisible = True
16.7222 	EXP 	Created targetTxt = TextStim(__class__=<class 'psychopy.visual.text.TextStim'>, alignHoriz=method-wrapper(...), alignText='center', alignVert=method-wrapper(...), anchorHoriz='center', anchorVert='center', antialias=True, autoLog=True, bold=False, color='white', colorSpace='named', contrast=1.0, depth=0.0, flipHoriz=False, flipVert=False, font='Arial', fontFiles=[], height=0.1, italic=False, languageStyle='Arabic', name='targetTxt', opacity=1.0, ori=0, pos=array([0., 0.]), rgb=array([255., 255., 255.]), text='default text', units='height', win=Window(...), wrapWidth=1)
16.7250 	EXP 	Created imgRed = ImageStim(__class__=<class 'psychopy.visual.image.ImageStim'>, autoLog=True, color=array([1., 1., 1.]), colorSpace='rgb', contrast=1.0, depth=-1.0, flipHoriz=False, flipVert=False, image='sin', interpolate=True, mask=None, maskParams=None, name='imgRed', opacity=1.0, ori=1.0, pos=array([0., 0.]), size=array([1., 1.]), texRes=128, units='deg', win=Window(...))
16.7276 	EXP 	Created imgBlue = ImageStim(__class__=<class 'psychopy.visual.image.ImageStim'>, autoLog=True, color=array([1., 1., 1.]), colorSpace='rgb', contrast=1.0, depth=-2.0, flipHoriz=False, flipVert=False, image='sin', interpolate=True, mask=None, maskParams=None, name='imgBlue', opacity=1.0, ori=1.0, pos=array([0., 0.]), size=array([1., 1.]), texRes=128, units='deg', win=Window(...))
16.7296 	EXP 	Created imgGreen = ImageStim(__class__=<class 'psychopy.visual.image.ImageStim'>, autoLog=True, color=array([1., 1., 1.]), colorSpace='rgb', contrast=1.0, depth=-3.0, flipHoriz=False, flipVert=False, image='sin', interpolate=True, mask=None, maskParams=None, name='imgGreen', opacity=1.0, ori=1.0, pos=array([0., 0.]), size=array([1., 1.]), texRes=128, units='deg', win=Window(...))
16.7314 	EXP 	Created imgYellow = ImageStim(__class__=<class 'psychopy.visual.image.ImageStim'>, autoLog=True, color=array([1., 1., 1.]), colorSpace='rgb', contrast=1.0, depth=-4.0, flipHoriz=False, flipVert=False, image='sin', interpolate=True, mask=None, maskParams=None, name='imgYellow', opacity=1.0, ori=1.0, pos=array([0., 0.]), size=array([1., 1.]), texRes=128, units='deg', win=Window(...))
16.7315 	EXP 	window1: mouseVisible = True
16.7448 	EXP 	Created feedbackTxt = TextStim(__class__=<class 'psychopy.visual.text.TextStim'>, alignHoriz=method-wrapper(...), alignText='center', alignVert=method-wrapper(...), anchorHoriz='center', anchorVert='center', antialias=True, autoLog=True, bold=False, color=array([1., 1., 1.]), colorSpace='rgb', contrast=1.0, depth=-1.0, flipHoriz=False, flipVert=False, font='Arial', fontFiles=[], height=0.1, italic=False, languageStyle='Arabic', name='feedbackTxt', opacity=1.0, ori=0, pos=array([0., 0.]), rgb=array([1., 1., 1.]), text='default text', units='height', win=Window(...), wrapWidth=1)
16.7865 	EXP 	Created instrTxt = TextStim(__class__=<class 'psychopy.visual.text.TextStim'>, alignHoriz=method-wrapper(...), alignText='center', alignVert=method-wrapper(...), anchorHoriz='center', anchorVert='center', antialias=True, autoLog=True, bold=False, color=array([1., 1., 1.]), colorSpace='rgb', contrast=1.0, depth=0.0, flipHoriz=False, flipVert=False, font='Arial', fontFiles=[], height=0.05, italic=False, languageStyle='Arabic', name='instrTxt', opacity=1.0, ori=0, pos=array([0., 0.]), rgb=array([1., 1., 1.]), text=str(...), units='height', win=Window(...), wrapWidth=1)
16.7888 	EXP 	Created imgStart = ImageStim(__class__=<class 'psychopy.visual.image.ImageStim'>, autoLog=True, color=array([1., 1., 1.]), colorSpace='rgb', contrast=1.0, depth=-1.0, flipHoriz=False, flipVert=False, image='Start.jpg', interpolate=True, mask=None, maskParams=None, name='imgStart', opacity=1.0, ori=0.0, pos=array([-1., -9.]), size=array([5., 5.]), texRes=128, units='deg', win=Window(...))
16.7890 	EXP 	window1: mouseVisible = True
16.7982 	EXP 	Created targetTxt = TextStim(__class__=<class 'psychopy.visual.text.TextStim'>, alignHoriz=method-wrapper(...), alignText='center', alignVert=method-wrapper(...), anchorHoriz='center', anchorVert='center', antialias=True, autoLog=True, bold=False, color='white', colorSpace='named', contrast=1.0, depth=0.0, flipHoriz=False, flipVert=False, font='Arial', fontFiles=[], height=0.1, italic=False, languageStyle='Arabic', name='targetTxt', opacity=1.0, ori=0, pos=array([0., 0.]), rgb=array([255., 255., 255.]), text='default text', units='height', win=Window(...), wrapWidth=1)
16.8003 	EXP 	Created imgRed = ImageStim(__class__=<class 'psychopy.visual.image.ImageStim'>, autoLog=True, color=array([1., 1., 1.]), colorSpace='rgb', contrast=1.0, depth=-1.0, flipHoriz=False, flipVert=False, image='sin', interpolate=True, mask=None, maskParams=None, name='imgRed', opacity=1.0, ori=1.0, pos=array([0., 0.]), size=array([1., 1.]), texRes=128, units='deg', win=Window(...))
16.8028 	EXP 	Created imgBlue = ImageStim(__class__=<class 'psychopy.visual.image.ImageStim'>, autoLog=True, color=array([1., 1., 1.]), colorSpace='rgb', contrast=1.0, depth=-2.0, flipHoriz=False, flipVert=False, image='sin', interpolate=True, mask=None, maskParams=None, name='imgBlue', opacity=1.0, ori=1.0, pos=array([0., 0.]), size=array([1., 1.]), texRes=128, units='deg', win=Window(...))
16.8048 	EXP 	Created imgGreen = ImageStim(__class__=<class 'psychopy.visual.image.ImageStim'>, autoLog=True, color=array([1., 1., 1.]), colorSpace='rgb', contrast=1.0, depth=-3.0, flipHoriz=False, flipVert=False, image='sin', interpolate=True, mask=None, maskParams=None, name='imgGreen', opacity=1.0, ori=1.0, pos=array([0., 0.]), size=array([1., 1.]), texRes=128, units='deg', win=Window(...))
16.8072 	EXP 	Created imgYellow = ImageStim(__class__=<class 'psychopy.visual.image.ImageStim'>, autoLog=True, color=array([1., 1., 1.]), colorSpace='rgb', contrast=1.0, depth=-4.0, flipHoriz=False, flipVert=False, image='sin', interpolate=True, mask=None, maskParams=None, name='imgYellow', opacity=1.0, ori=1.0, pos=array([0., 0.]), size=array([1., 1.]), texRes=128, units='deg', win=Window(...))
16.8074 	EXP 	window1: mouseVisible = True
16.8739 	EXP 	Created thanksText = TextStim(__class__=<class 'psychopy.visual.text.TextStim'>, alignHoriz=method-wrapper(...), alignText='center', alignVert=method-wrapper(...), anchorHoriz='center', anchorVert='center', antialias=True, autoLog=True, bold=False, color=array([1., 1., 1.]), colorSpace='rgb', contrast=1.0, depth=0.0, flipHoriz=False, flipVert=False, font='Arial', fontFiles=[], height=0.1, italic=False, languageStyle='Arabic', name='thanksText', opacity=1.0, ori=0, pos=array([0., 0.]), rgb=array([1., 1., 1.]), text='ﻥﻮﻣﺯﺁ ﻥﺎﯾﺎﭘ\n\n!ﻢﯾﺭﺍﺰﮕﺳﺎﭙﺳ ﺭﺎﯿﺴﺑ ﺎﻤﺷ ﺯﺍ', units='height', win=Window(...), wrapWidth=1)
16.9203 	EXP 	instrTxt1: autoDraw = True
16.9203 	EXP 	imgStart1: autoDraw = True
17.8534 	DATA 	Mouse: Left button down, pos=(928,278)
17.8985 	EXP 	Imported practice.xlsx as conditions, 8 conditions, 4 params
17.8993 	EXP 	Created sequence: random, trialTypes=8, nReps=1, seed=None
17.8999 	EXP 	New trial (rep=0, index=0): OrderedDict([('word', 'زرد'), ('colour', 'yellow'), ('congruent', 1), ('corrAns', 'imgYellow')])
17.9354 	EXP 	instrTxt1: autoDraw = False
17.9354 	EXP 	imgStart1: autoDraw = False
17.9354 	EXP 	targetTxt: color = 'yellow (named)'
17.9354 	EXP 	targetTxt: text = 'زرد'
17.9354 	EXP 	imgRed: opacity = 1.0
17.9354 	EXP 	imgRed: pos = array([-1., -5.])
17.9354 	EXP 	imgRed: size = array([0.6, 0.6])
17.9354 	EXP 	imgRed: ori = 0.0
17.9354 	EXP 	imgRed: image = 'Red.jpg'
17.9354 	EXP 	imgBlue: opacity = 1.0
17.9354 	EXP 	imgBlue: pos = array([ 0., -5.])
17.9354 	EXP 	imgBlue: size = array([0.6, 0.6])
17.9354 	EXP 	imgBlue: ori = 1.0
17.9354 	EXP 	imgBlue: image = 'Blue.jpg'
17.9354 	EXP 	imgGreen: opacity = 1.0
17.9354 	EXP 	imgGreen: pos = array([ 1., -5.])
17.9354 	EXP 	imgGreen: size = array([0.6, 0.6])
17.9354 	EXP 	imgGreen: ori = 2.0
17.9354 	EXP 	imgGreen: image = 'Green.jpg'
17.9354 	EXP 	imgYellow: opacity = 1.0
17.9354 	EXP 	imgYellow: pos = array([ 2., -5.])
17.9354 	EXP 	imgYellow: size = array([0.6, 0.6])
17.9354 	EXP 	imgYellow: ori = 3.0
17.9354 	EXP 	imgYellow: image = 'Yellow.jpg'
17.9354 	EXP 	targetTxt: autoDraw = True
17.9354 	EXP 	imgRed: autoDraw = True
17.9354 	EXP 	imgBlue: autoDraw = True
17.9354 	EXP 	imgGreen: autoDraw = True
17.9354 	EXP 	imgYellow: autoDraw = True
17.9863 	DATA 	Mouse:  Left button up, pos=(928,277)
18.9035 	DATA 	Mouse: Left button down, pos=(1027,370)
18.9687 	EXP 	targetTxt: autoDraw = False
18.9687 	EXP 	imgRed: autoDraw = False
18.9687 	EXP 	imgBlue: autoDraw = False
18.9687 	EXP 	imgGreen: autoDraw = False
18.9687 	EXP 	imgYellow: autoDraw = False
18.9687 	EXP 	feedbackTxt: text = 'mos:1 txt:imgyellow'
18.9687 	EXP 	feedbackTxt: autoDraw = True
19.0229 	DATA 	Mouse:  Left button up, pos=(1027,370)
19.9551 	EXP 	New trial (rep=0, index=1): OrderedDict([('word', 'زرد'), ('colour', 'green'), ('congruent', 0), ('corrAns', 'imgGreen')])
19.9852 	EXP 	feedbackTxt: autoDraw = False
19.9852 	EXP 	feedbackTxt: autoDraw = False
19.9852 	EXP 	targetTxt: color = 'green (named)'
19.9852 	EXP 	targetTxt: text = 'زرد'
19.9852 	EXP 	imgRed: opacity = 1.0
19.9852 	EXP 	imgRed: pos = array([-1., -5.])
19.9852 	EXP 	imgRed: size = array([0.6, 0.6])
19.9852 	EXP 	imgRed: ori = 0.0
19.9852 	EXP 	imgRed: image = 'Red.jpg'
19.9852 	EXP 	imgBlue: opacity = 1.0
19.9852 	EXP 	imgBlue: pos = array([ 0., -5.])
19.9852 	EXP 	imgBlue: size = array([0.6, 0.6])
19.9852 	EXP 	imgBlue: ori = 1.0
19.9852 	EXP 	imgBlue: image = 'Blue.jpg'
19.9852 	EXP 	imgGreen: opacity = 1.0
19.9852 	EXP 	imgGreen: pos = array([ 1., -5.])
19.9852 	EXP 	imgGreen: size = array([0.6, 0.6])
19.9852 	EXP 	imgGreen: ori = 2.0
19.9852 	EXP 	imgGreen: image = 'Green.jpg'
19.9852 	EXP 	imgYellow: opacity = 1.0
19.9852 	EXP 	imgYellow: pos = array([ 2., -5.])
19.9852 	EXP 	imgYellow: size = array([0.6, 0.6])
19.9852 	EXP 	imgYellow: ori = 3.0
19.9852 	EXP 	imgYellow: image = 'Yellow.jpg'
19.9852 	EXP 	targetTxt: autoDraw = True
19.9852 	EXP 	imgRed: autoDraw = True
19.9852 	EXP 	imgBlue: autoDraw = True
19.9852 	EXP 	imgGreen: autoDraw = True
19.9852 	EXP 	imgYellow: autoDraw = True
21.1365 	DATA 	Mouse: Left button down, pos=(989,367)
21.1853 	EXP 	targetTxt: autoDraw = False
21.1853 	EXP 	imgRed: autoDraw = False
21.1853 	EXP 	imgBlue: autoDraw = False
21.1853 	EXP 	imgGreen: autoDraw = False
21.1853 	EXP 	imgYellow: autoDraw = False
21.1853 	EXP 	feedbackTxt: text = 'mos:1 txt:imggreen'
21.1853 	EXP 	feedbackTxt: autoDraw = True
21.2887 	DATA 	Mouse:  Left button up, pos=(989,367)
22.1710 	EXP 	New trial (rep=0, index=2): OrderedDict([('word', 'قرمز'), ('colour', 'red'), ('congruent', 1), ('corrAns', 'imgRed')])
22.2015 	EXP 	feedbackTxt: autoDraw = False
22.2015 	EXP 	feedbackTxt: autoDraw = False
22.2015 	EXP 	targetTxt: color = 'red (named)'
22.2015 	EXP 	targetTxt: text = 'قرمز'
22.2015 	EXP 	imgRed: opacity = 1.0
22.2015 	EXP 	imgRed: pos = array([-1., -5.])
22.2015 	EXP 	imgRed: size = array([0.6, 0.6])
22.2015 	EXP 	imgRed: ori = 0.0
22.2015 	EXP 	imgRed: image = 'Red.jpg'
22.2015 	EXP 	imgBlue: opacity = 1.0
22.2015 	EXP 	imgBlue: pos = array([ 0., -5.])
22.2015 	EXP 	imgBlue: size = array([0.6, 0.6])
22.2015 	EXP 	imgBlue: ori = 1.0
22.2015 	EXP 	imgBlue: image = 'Blue.jpg'
22.2015 	EXP 	imgGreen: opacity = 1.0
22.2015 	EXP 	imgGreen: pos = array([ 1., -5.])
22.2015 	EXP 	imgGreen: size = array([0.6, 0.6])
22.2015 	EXP 	imgGreen: ori = 2.0
22.2015 	EXP 	imgGreen: image = 'Green.jpg'
22.2015 	EXP 	imgYellow: opacity = 1.0
22.2015 	EXP 	imgYellow: pos = array([ 2., -5.])
22.2015 	EXP 	imgYellow: size = array([0.6, 0.6])
22.2015 	EXP 	imgYellow: ori = 3.0
22.2015 	EXP 	imgYellow: image = 'Yellow.jpg'
22.2015 	EXP 	targetTxt: autoDraw = True
22.2015 	EXP 	imgRed: autoDraw = True
22.2015 	EXP 	imgBlue: autoDraw = True
22.2015 	EXP 	imgGreen: autoDraw = True
22.2015 	EXP 	imgYellow: autoDraw = True
23.1529 	DATA 	Mouse: Left button down, pos=(982,367)
23.3189 	DATA 	Mouse:  Left button up, pos=(982,367)
24.0357 	DATA 	Mouse: Left button down, pos=(982,367)
24.2111 	DATA 	Mouse:  Left button up, pos=(982,367)
24.2179 	EXP 	targetTxt: autoDraw = False
24.2179 	EXP 	imgRed: autoDraw = False
24.2179 	EXP 	imgBlue: autoDraw = False
24.2179 	EXP 	imgGreen: autoDraw = False
24.2179 	EXP 	imgYellow: autoDraw = False
24.2179 	EXP 	targetTxt: autoDraw = False
24.2179 	EXP 	imgRed: autoDraw = False
24.2179 	EXP 	imgBlue: autoDraw = False
24.2179 	EXP 	imgGreen: autoDraw = False
24.2179 	EXP 	imgYellow: autoDraw = False
24.2179 	EXP 	feedbackTxt: text = 'mos:0 txt:imgred'
24.2179 	EXP 	feedbackTxt: autoDraw = True
25.2042 	EXP 	New trial (rep=0, index=3): OrderedDict([('word', 'سبز'), ('colour', 'green'), ('congruent', 1), ('corrAns', 'imgGreen')])
25.2509 	EXP 	feedbackTxt: autoDraw = False
25.2509 	EXP 	feedbackTxt: autoDraw = False
25.2509 	EXP 	targetTxt: color = 'green (named)'
25.2509 	EXP 	targetTxt: text = 'سبز'
25.2509 	EXP 	imgRed: opacity = 1.0
25.2509 	EXP 	imgRed: pos = array([-1., -5.])
25.2509 	EXP 	imgRed: size = array([0.6, 0.6])
25.2509 	EXP 	imgRed: ori = 0.0
25.2509 	EXP 	imgRed: image = 'Red.jpg'
25.2509 	EXP 	imgBlue: opacity = 1.0
25.2509 	EXP 	imgBlue: pos = array([ 0., -5.])
25.2509 	EXP 	imgBlue: size = array([0.6, 0.6])
25.2509 	EXP 	imgBlue: ori = 1.0
25.2509 	EXP 	imgBlue: image = 'Blue.jpg'
25.2509 	EXP 	imgGreen: opacity = 1.0
25.2509 	EXP 	imgGreen: pos = array([ 1., -5.])
25.2509 	EXP 	imgGreen: size = array([0.6, 0.6])
25.2509 	EXP 	imgGreen: ori = 2.0
25.2509 	EXP 	imgGreen: image = 'Green.jpg'
25.2509 	EXP 	imgYellow: opacity = 1.0
25.2509 	EXP 	imgYellow: pos = array([ 2., -5.])
25.2509 	EXP 	imgYellow: size = array([0.6, 0.6])
25.2509 	EXP 	imgYellow: ori = 3.0
25.2509 	EXP 	imgYellow: image = 'Yellow.jpg'
25.2509 	EXP 	targetTxt: autoDraw = True
25.2509 	EXP 	imgRed: autoDraw = True
25.2509 	EXP 	imgBlue: autoDraw = True
25.2509 	EXP 	imgGreen: autoDraw = True
25.2509 	EXP 	imgYellow: autoDraw = True
26.2851 	DATA 	Mouse: Left button down, pos=(984,368)
26.3176 	EXP 	targetTxt: autoDraw = False
26.3176 	EXP 	imgRed: autoDraw = False
26.3176 	EXP 	imgBlue: autoDraw = False
26.3176 	EXP 	imgGreen: autoDraw = False
26.3176 	EXP 	imgYellow: autoDraw = False
26.3176 	EXP 	feedbackTxt: text = 'mos:1 txt:imggreen'
26.3176 	EXP 	feedbackTxt: autoDraw = True
26.4716 	DATA 	Mouse:  Left button up, pos=(984,368)
27.3035 	EXP 	New trial (rep=0, index=4): OrderedDict([('word', 'آبی'), ('colour', 'blue'), ('congruent', 1), ('corrAns', 'imgBlue')])
27.3507 	EXP 	feedbackTxt: autoDraw = False
27.3507 	EXP 	feedbackTxt: autoDraw = False
27.3507 	EXP 	targetTxt: color = 'blue (named)'
27.3507 	EXP 	targetTxt: text = 'آبی'
27.3507 	EXP 	imgRed: opacity = 1.0
27.3507 	EXP 	imgRed: pos = array([-1., -5.])
27.3507 	EXP 	imgRed: size = array([0.6, 0.6])
27.3507 	EXP 	imgRed: ori = 0.0
27.3507 	EXP 	imgRed: image = 'Red.jpg'
27.3507 	EXP 	imgBlue: opacity = 1.0
27.3507 	EXP 	imgBlue: pos = array([ 0., -5.])
27.3507 	EXP 	imgBlue: size = array([0.6, 0.6])
27.3507 	EXP 	imgBlue: ori = 1.0
27.3507 	EXP 	imgBlue: image = 'Blue.jpg'
27.3507 	EXP 	imgGreen: opacity = 1.0
27.3507 	EXP 	imgGreen: pos = array([ 1., -5.])
27.3507 	EXP 	imgGreen: size = array([0.6, 0.6])
27.3507 	EXP 	imgGreen: ori = 2.0
27.3507 	EXP 	imgGreen: image = 'Green.jpg'
27.3507 	EXP 	imgYellow: opacity = 1.0
27.3507 	EXP 	imgYellow: pos = array([ 2., -5.])
27.3507 	EXP 	imgYellow: size = array([0.6, 0.6])
27.3507 	EXP 	imgYellow: ori = 3.0
27.3507 	EXP 	imgYellow: image = 'Yellow.jpg'
27.3507 	EXP 	targetTxt: autoDraw = True
27.3507 	EXP 	imgRed: autoDraw = True
27.3507 	EXP 	imgBlue: autoDraw = True
27.3507 	EXP 	imgGreen: autoDraw = True
27.3507 	EXP 	imgYellow: autoDraw = True
28.6514 	DATA 	Mouse: Left button down, pos=(953,372)
28.6836 	EXP 	targetTxt: autoDraw = False
28.6836 	EXP 	imgRed: autoDraw = False
28.6836 	EXP 	imgBlue: autoDraw = False
28.6836 	EXP 	imgGreen: autoDraw = False
28.6836 	EXP 	imgYellow: autoDraw = False
28.6836 	EXP 	feedbackTxt: text = 'mos:1 txt:imgblue'
28.6836 	EXP 	feedbackTxt: autoDraw = True
28.8211 	DATA 	Mouse:  Left button up, pos=(953,372)
29.6704 	EXP 	New trial (rep=0, index=5): OrderedDict([('word', 'سبز'), ('colour', 'yellow'), ('congruent', 0), ('corrAns', 'imgYellow')])
29.7002 	EXP 	feedbackTxt: autoDraw = False
29.7002 	EXP 	feedbackTxt: autoDraw = False
29.7002 	EXP 	targetTxt: color = 'yellow (named)'
29.7002 	EXP 	targetTxt: text = 'سبز'
29.7002 	EXP 	imgRed: opacity = 1.0
29.7002 	EXP 	imgRed: pos = array([-1., -5.])
29.7002 	EXP 	imgRed: size = array([0.6, 0.6])
29.7002 	EXP 	imgRed: ori = 0.0
29.7002 	EXP 	imgRed: image = 'Red.jpg'
29.7002 	EXP 	imgBlue: opacity = 1.0
29.7002 	EXP 	imgBlue: pos = array([ 0., -5.])
29.7002 	EXP 	imgBlue: size = array([0.6, 0.6])
29.7002 	EXP 	imgBlue: ori = 1.0
29.7002 	EXP 	imgBlue: image = 'Blue.jpg'
29.7002 	EXP 	imgGreen: opacity = 1.0
29.7002 	EXP 	imgGreen: pos = array([ 1., -5.])
29.7002 	EXP 	imgGreen: size = array([0.6, 0.6])
29.7002 	EXP 	imgGreen: ori = 2.0
29.7002 	EXP 	imgGreen: image = 'Green.jpg'
29.7002 	EXP 	imgYellow: opacity = 1.0
29.7002 	EXP 	imgYellow: pos = array([ 2., -5.])
29.7002 	EXP 	imgYellow: size = array([0.6, 0.6])
29.7002 	EXP 	imgYellow: ori = 3.0
29.7002 	EXP 	imgYellow: image = 'Yellow.jpg'
29.7002 	EXP 	targetTxt: autoDraw = True
29.7002 	EXP 	imgRed: autoDraw = True
29.7002 	EXP 	imgBlue: autoDraw = True
29.7002 	EXP 	imgGreen: autoDraw = True
29.7002 	EXP 	imgYellow: autoDraw = True
31.0010 	DATA 	Mouse: Left button down, pos=(1023,372)
31.0335 	EXP 	targetTxt: autoDraw = False
31.0335 	EXP 	imgRed: autoDraw = False
31.0335 	EXP 	imgBlue: autoDraw = False
31.0335 	EXP 	imgGreen: autoDraw = False
31.0335 	EXP 	imgYellow: autoDraw = False
31.0335 	EXP 	feedbackTxt: text = 'mos:1 txt:imgyellow'
31.0335 	EXP 	feedbackTxt: autoDraw = True
31.1545 	DATA 	Mouse:  Left button up, pos=(1023,372)
32.0199 	EXP 	New trial (rep=0, index=6): OrderedDict([('word', 'آبی'), ('colour', 'red'), ('congruent', 0), ('corrAns', 'imgRed')])
32.0498 	EXP 	feedbackTxt: autoDraw = False
32.0498 	EXP 	feedbackTxt: autoDraw = False
32.0498 	EXP 	targetTxt: color = 'red (named)'
32.0498 	EXP 	targetTxt: text = 'آبی'
32.0498 	EXP 	imgRed: opacity = 1.0
32.0498 	EXP 	imgRed: pos = array([-1., -5.])
32.0498 	EXP 	imgRed: size = array([0.6, 0.6])
32.0498 	EXP 	imgRed: ori = 0.0
32.0498 	EXP 	imgRed: image = 'Red.jpg'
32.0498 	EXP 	imgBlue: opacity = 1.0
32.0498 	EXP 	imgBlue: pos = array([ 0., -5.])
32.0498 	EXP 	imgBlue: size = array([0.6, 0.6])
32.0498 	EXP 	imgBlue: ori = 1.0
32.0498 	EXP 	imgBlue: image = 'Blue.jpg'
32.0498 	EXP 	imgGreen: opacity = 1.0
32.0498 	EXP 	imgGreen: pos = array([ 1., -5.])
32.0498 	EXP 	imgGreen: size = array([0.6, 0.6])
32.0498 	EXP 	imgGreen: ori = 2.0
32.0498 	EXP 	imgGreen: image = 'Green.jpg'
32.0498 	EXP 	imgYellow: opacity = 1.0
32.0498 	EXP 	imgYellow: pos = array([ 2., -5.])
32.0498 	EXP 	imgYellow: size = array([0.6, 0.6])
32.0498 	EXP 	imgYellow: ori = 3.0
32.0498 	EXP 	imgYellow: image = 'Yellow.jpg'
32.0498 	EXP 	targetTxt: autoDraw = True
32.0498 	EXP 	imgRed: autoDraw = True
32.0498 	EXP 	imgBlue: autoDraw = True
32.0498 	EXP 	imgGreen: autoDraw = True
32.0498 	EXP 	imgYellow: autoDraw = True
33.5849 	DATA 	Mouse: Left button down, pos=(1021,372)
33.6168 	EXP 	targetTxt: autoDraw = False
33.6168 	EXP 	imgRed: autoDraw = False
33.6168 	EXP 	imgBlue: autoDraw = False
33.6168 	EXP 	imgGreen: autoDraw = False
33.6168 	EXP 	imgYellow: autoDraw = False
33.6168 	EXP 	feedbackTxt: text = 'mos:1 txt:imgred'
33.6168 	EXP 	feedbackTxt: autoDraw = True
33.7369 	DATA 	Mouse:  Left button up, pos=(1021,372)
34.6033 	EXP 	New trial (rep=0, index=7): OrderedDict([('word', 'قرمز'), ('colour', 'blue'), ('congruent', 0), ('corrAns', 'imgBlue')])
34.6336 	EXP 	feedbackTxt: autoDraw = False
34.6336 	EXP 	feedbackTxt: autoDraw = False
34.6336 	EXP 	targetTxt: color = 'blue (named)'
34.6336 	EXP 	targetTxt: text = 'قرمز'
34.6336 	EXP 	imgRed: opacity = 1.0
34.6336 	EXP 	imgRed: pos = array([-1., -5.])
34.6336 	EXP 	imgRed: size = array([0.6, 0.6])
34.6336 	EXP 	imgRed: ori = 0.0
34.6336 	EXP 	imgRed: image = 'Red.jpg'
34.6336 	EXP 	imgBlue: opacity = 1.0
34.6336 	EXP 	imgBlue: pos = array([ 0., -5.])
34.6336 	EXP 	imgBlue: size = array([0.6, 0.6])
34.6336 	EXP 	imgBlue: ori = 1.0
34.6336 	EXP 	imgBlue: image = 'Blue.jpg'
34.6336 	EXP 	imgGreen: opacity = 1.0
34.6336 	EXP 	imgGreen: pos = array([ 1., -5.])
34.6336 	EXP 	imgGreen: size = array([0.6, 0.6])
34.6336 	EXP 	imgGreen: ori = 2.0
34.6336 	EXP 	imgGreen: image = 'Green.jpg'
34.6336 	EXP 	imgYellow: opacity = 1.0
34.6336 	EXP 	imgYellow: pos = array([ 2., -5.])
34.6336 	EXP 	imgYellow: size = array([0.6, 0.6])
34.6336 	EXP 	imgYellow: ori = 3.0
34.6336 	EXP 	imgYellow: image = 'Yellow.jpg'
34.6336 	EXP 	targetTxt: autoDraw = True
34.6336 	EXP 	imgRed: autoDraw = True
34.6336 	EXP 	imgBlue: autoDraw = True
34.6336 	EXP 	imgGreen: autoDraw = True
34.6336 	EXP 	imgYellow: autoDraw = True
36.5498 	DATA 	Keypress: escape
36.6499 	EXP 	targetTxt: autoDraw = False
36.6499 	EXP 	imgRed: autoDraw = False
36.6499 	EXP 	imgBlue: autoDraw = False
36.6499 	EXP 	imgGreen: autoDraw = False
36.6499 	EXP 	imgYellow: autoDraw = False
36.6499 	EXP 	targetTxt: autoDraw = False
36.6499 	EXP 	imgRed: autoDraw = False
36.6499 	EXP 	imgBlue: autoDraw = False
36.6499 	EXP 	imgGreen: autoDraw = False
36.6499 	EXP 	imgYellow: autoDraw = False
36.6499 	EXP 	feedbackTxt: text = 'mos:0 txt:imgblue'
36.6499 	EXP 	feedbackTxt: autoDraw = True
36.9903 	EXP 	window1: mouseVisible = True
