0.5483 	WARNING 	We strongly recommend you activate the PTB sound engine in PsychoPy prefs as the preferred audio engine. Its timing is vastly superior. Your prefs are currently set to use ['sounddevice', 'PTB', 'pyo', 'pygame'] (in that order).
14.5467 	WARNING 	User requested fullscreen with size [1536  864], but screen is actually [1920, 1080]. Using actual size
15.5820 	EXP 	Created window1 = Window(allowGUI=False, allowStencil=False, args=UNKNOWN, autoLog=True, bitsMode=UNKNOWN, blendMode='avg', bpc=(8, 8, 8), color=array([0., 0., 0.]), colorSpace='rgb', depthBits=8, fullscr=<method-wrapper '__getattribute__' of attributeSetter object at 0x000001C439A0B5F8>, gamma=None, gammaErrorPolicy='raise', kwargs=UNKNOWN, lms=UNKNOWN, monitor=<psychopy.monitors.calibTools.Monitor object at 0x000001C439A59E10>, multiSample=False, name='window1', numSamples=2, pos=[0.0, 0.0], screen=0, size=array([1920, 1080]), stencilBits=0, stereo=False, units='height', useFBO=True, useRetina=False, viewOri=0.0, viewPos=None, viewScale=None, waitBlanking=True, winType='pyglet')
15.5826 	EXP 	window1: mouseVisible = True
15.5827 	EXP 	window1: recordFrameIntervals = False
15.7479 	EXP 	window1: recordFrameIntervals = True
15.9319 	EXP 	window1: recordFrameIntervals = False
16.7131 	EXP 	Created instrTxt1 = TextStim(__class__=<class 'psychopy.visual.text.TextStim'>, alignHoriz=method-wrapper(...), alignText='center', alignVert=method-wrapper(...), anchorHoriz='center', anchorVert='center', antialias=True, autoLog=True, bold=False, color='white', colorSpace='named', contrast=1.0, depth=0.0, flipHoriz=False, flipVert=False, font='Arial', fontFiles=[], height=0.05, italic=False, languageStyle='Arabic', name='instrTxt1', opacity=1.0, ori=0, pos=array([0., 0.]), rgb=array([255., 255., 255.]), text=str(...), units='height', win=Window(...), wrapWidth=1)
16.7159 	EXP 	Created imgStart1 = ImageStim(__class__=<class 'psychopy.visual.image.ImageStim'>, autoLog=True, color=array([1., 1., 1.]), colorSpace='rgb', contrast=1.0, depth=-1.0, flipHoriz=False, flipVert=False, image='Start.jpg', interpolate=True, mask=None, maskParams=None, name='imgStart1', opacity=1.0, ori=0.0, pos=array([  -1., -300.]), size=array([125., 125.]), texRes=128, units='pix', win=Window(...))
16.7160 	EXP 	window1: mouseVisible = True
16.7407 	EXP 	Created targetTxt = TextStim(__class__=<class 'psychopy.visual.text.TextStim'>, alignHoriz=method-wrapper(...), alignText='center', alignVert=method-wrapper(...), anchorHoriz='center', anchorVert='center', antialias=True, autoLog=True, bold=False, color='white', colorSpace='named', contrast=1.0, depth=0.0, flipHoriz=False, flipVert=False, font='Arial', fontFiles=[], height=0.1, italic=False, languageStyle='Arabic', name='targetTxt', opacity=1.0, ori=0, pos=array([0., 0.]), rgb=array([255., 255., 255.]), text='default text', units='height', win=Window(...), wrapWidth=1)
16.7425 	EXP 	Created imgRed = ImageStim(__class__=<class 'psychopy.visual.image.ImageStim'>, autoLog=True, color=array([1., 1., 1.]), colorSpace='rgb', contrast=1.0, depth=-1.0, flipHoriz=False, flipVert=False, image='sin', interpolate=True, mask=None, maskParams=None, name='imgRed', opacity=1.0, ori=1.0, pos=array([0., 0.]), size=array([1., 1.]), texRes=128, units='pix', win=Window(...))
16.7443 	EXP 	Created imgBlue = ImageStim(__class__=<class 'psychopy.visual.image.ImageStim'>, autoLog=True, color=array([1., 1., 1.]), colorSpace='rgb', contrast=1.0, depth=-2.0, flipHoriz=False, flipVert=False, image='sin', interpolate=True, mask=None, maskParams=None, name='imgBlue', opacity=1.0, ori=1.0, pos=array([0., 0.]), size=array([1., 1.]), texRes=128, units='pix', win=Window(...))
16.7460 	EXP 	Created imgGreen = ImageStim(__class__=<class 'psychopy.visual.image.ImageStim'>, autoLog=True, color=array([1., 1., 1.]), colorSpace='rgb', contrast=1.0, depth=-3.0, flipHoriz=False, flipVert=False, image='sin', interpolate=True, mask=None, maskParams=None, name='imgGreen', opacity=1.0, ori=1.0, pos=array([0., 0.]), size=array([1., 1.]), texRes=128, units='pix', win=Window(...))
16.7476 	EXP 	Created imgYellow = ImageStim(__class__=<class 'psychopy.visual.image.ImageStim'>, autoLog=True, color=array([1., 1., 1.]), colorSpace='rgb', contrast=1.0, depth=-4.0, flipHoriz=False, flipVert=False, image='sin', interpolate=True, mask=None, maskParams=None, name='imgYellow', opacity=1.0, ori=1.0, pos=array([0., 0.]), size=array([1., 1.]), texRes=128, units='pix', win=Window(...))
16.7477 	EXP 	window1: mouseVisible = True
16.7537 	EXP 	Created feedbackTxt = TextStim(__class__=<class 'psychopy.visual.text.TextStim'>, alignHoriz=method-wrapper(...), alignText='center', alignVert=method-wrapper(...), anchorHoriz='center', anchorVert='center', antialias=True, autoLog=True, bold=False, color=array([1., 1., 1.]), colorSpace='rgb', contrast=1.0, depth=-1.0, flipHoriz=False, flipVert=False, font='Arial', fontFiles=[], height=0.1, italic=False, languageStyle='Arabic', name='feedbackTxt', opacity=1.0, ori=0, pos=array([0., 0.]), rgb=array([1., 1., 1.]), text='default text', units='height', win=Window(...), wrapWidth=1)
16.7939 	EXP 	Created instrTxt = TextStim(__class__=<class 'psychopy.visual.text.TextStim'>, alignHoriz=method-wrapper(...), alignText='center', alignVert=method-wrapper(...), anchorHoriz='center', anchorVert='center', antialias=True, autoLog=True, bold=False, color=array([1., 1., 1.]), colorSpace='rgb', contrast=1.0, depth=0.0, flipHoriz=False, flipVert=False, font='Arial', fontFiles=[], height=0.05, italic=False, languageStyle='Arabic', name='instrTxt', opacity=1.0, ori=0, pos=array([0., 0.]), rgb=array([1., 1., 1.]), text=str(...), units='height', win=Window(...), wrapWidth=1)
16.7960 	EXP 	Created imgStart = ImageStim(__class__=<class 'psychopy.visual.image.ImageStim'>, autoLog=True, color=array([1., 1., 1.]), colorSpace='rgb', contrast=1.0, depth=-1.0, flipHoriz=False, flipVert=False, image='Start.jpg', interpolate=True, mask=None, maskParams=None, name='imgStart', opacity=1.0, ori=0.0, pos=array([-1., -9.]), size=array([50., 50.]), texRes=128, units='pix', win=Window(...))
16.7961 	EXP 	window1: mouseVisible = True
16.8018 	EXP 	Created targetTxt = TextStim(__class__=<class 'psychopy.visual.text.TextStim'>, alignHoriz=method-wrapper(...), alignText='center', alignVert=method-wrapper(...), anchorHoriz='center', anchorVert='center', antialias=True, autoLog=True, bold=False, color='white', colorSpace='named', contrast=1.0, depth=0.0, flipHoriz=False, flipVert=False, font='Arial', fontFiles=[], height=0.1, italic=False, languageStyle='Arabic', name='targetTxt', opacity=1.0, ori=0, pos=array([0., 0.]), rgb=array([255., 255., 255.]), text='default text', units='height', win=Window(...), wrapWidth=1)
16.8035 	EXP 	Created imgRed = ImageStim(__class__=<class 'psychopy.visual.image.ImageStim'>, autoLog=True, color=array([1., 1., 1.]), colorSpace='rgb', contrast=1.0, depth=-1.0, flipHoriz=False, flipVert=False, image='sin', interpolate=True, mask=None, maskParams=None, name='imgRed', opacity=1.0, ori=1.0, pos=array([0., 0.]), size=array([1., 1.]), texRes=128, units='pix', win=Window(...))
16.8054 	EXP 	Created imgBlue = ImageStim(__class__=<class 'psychopy.visual.image.ImageStim'>, autoLog=True, color=array([1., 1., 1.]), colorSpace='rgb', contrast=1.0, depth=-2.0, flipHoriz=False, flipVert=False, image='sin', interpolate=True, mask=None, maskParams=None, name='imgBlue', opacity=1.0, ori=1.0, pos=array([0., 0.]), size=array([1., 1.]), texRes=128, units='pix', win=Window(...))
16.8069 	EXP 	Created imgGreen = ImageStim(__class__=<class 'psychopy.visual.image.ImageStim'>, autoLog=True, color=array([1., 1., 1.]), colorSpace='rgb', contrast=1.0, depth=-3.0, flipHoriz=False, flipVert=False, image='sin', interpolate=True, mask=None, maskParams=None, name='imgGreen', opacity=1.0, ori=1.0, pos=array([0., 0.]), size=array([1., 1.]), texRes=128, units='pix', win=Window(...))
16.8088 	EXP 	Created imgYellow = ImageStim(__class__=<class 'psychopy.visual.image.ImageStim'>, autoLog=True, color=array([1., 1., 1.]), colorSpace='rgb', contrast=1.0, depth=-4.0, flipHoriz=False, flipVert=False, image='sin', interpolate=True, mask=None, maskParams=None, name='imgYellow', opacity=1.0, ori=1.0, pos=array([0., 0.]), size=array([1., 1.]), texRes=128, units='pix', win=Window(...))
16.8090 	EXP 	window1: mouseVisible = True
16.8777 	EXP 	Created thanksText = TextStim(__class__=<class 'psychopy.visual.text.TextStim'>, alignHoriz=method-wrapper(...), alignText='center', alignVert=method-wrapper(...), anchorHoriz='center', anchorVert='center', antialias=True, autoLog=True, bold=False, color=array([1., 1., 1.]), colorSpace='rgb', contrast=1.0, depth=0.0, flipHoriz=False, flipVert=False, font='Arial', fontFiles=[], height=0.1, italic=False, languageStyle='Arabic', name='thanksText', opacity=1.0, ori=0, pos=array([0., 0.]), rgb=array([1., 1., 1.]), text='ﻥﻮﻣﺯﺁ ﻥﺎﯾﺎﭘ\n\n!ﻢﯾﺭﺍﺰﮕﺳﺎﭙﺳ ﺭﺎﯿﺴﺑ ﺎﻤﺷ ﺯﺍ', units='height', win=Window(...), wrapWidth=1)
16.9306 	EXP 	instrTxt1: autoDraw = True
16.9306 	EXP 	imgStart1: autoDraw = True
18.1647 	DATA 	Mouse: Left button down, pos=(997,486)
18.4184 	DATA 	Mouse:  Left button up, pos=(997,486)
20.2313 	DATA 	Mouse: Left button down, pos=(952,269)
20.3322 	DATA 	Mouse:  Left button up, pos=(952,269)
21.1148 	DATA 	Mouse: Left button down, pos=(983,221)
21.2502 	DATA 	Mouse:  Left button up, pos=(983,221)
21.7473 	DATA 	Mouse: Left button down, pos=(970,220)
21.8813 	DATA 	Mouse:  Left button up, pos=(970,220)
23.8474 	DATA 	Mouse: Left button down, pos=(960,249)
23.9970 	DATA 	Mouse:  Left button up, pos=(960,249)
24.8842 	DATA 	Mouse: Left button down, pos=(935,222)
25.0172 	DATA 	Mouse:  Left button up, pos=(935,222)
25.4134 	DATA 	Mouse: Left button down, pos=(953,271)
25.5633 	DATA 	Mouse:  Left button up, pos=(954,271)
25.8802 	DATA 	Mouse: Left button down, pos=(956,207)
26.0169 	DATA 	Mouse:  Left button up, pos=(959,207)
26.3001 	DATA 	Mouse: Left button down, pos=(964,282)
26.4170 	DATA 	Mouse:  Left button up, pos=(966,282)
26.6139 	DATA 	Mouse: Left button down, pos=(974,304)
26.7470 	DATA 	Mouse:  Left button up, pos=(975,304)
27.4300 	DATA 	Mouse: Left button down, pos=(959,430)
27.5972 	DATA 	Mouse:  Left button up, pos=(959,430)
28.2297 	DATA 	Mouse: Left button down, pos=(928,462)
28.4465 	DATA 	Mouse:  Left button up, pos=(928,462)
28.9303 	DATA 	Mouse: Left button down, pos=(898,475)
29.1131 	DATA 	Mouse:  Left button up, pos=(898,475)
29.4968 	DATA 	Mouse: Left button down, pos=(926,507)
29.6959 	DATA 	Mouse:  Left button up, pos=(928,507)
29.9965 	DATA 	Mouse: Left button down, pos=(958,531)
30.0414 	EXP 	Imported practice.xlsx as conditions, 8 conditions, 4 params
30.0420 	EXP 	Created sequence: random, trialTypes=8, nReps=1, seed=None
30.0426 	EXP 	New trial (rep=0, index=0): OrderedDict([('word', 'قرمز'), ('colour', 'blue'), ('congruent', 0), ('corrAns', 'imgBlue')])
30.0950 	EXP 	instrTxt1: autoDraw = False
30.0950 	EXP 	imgStart1: autoDraw = False
30.0950 	EXP 	targetTxt: color = 'blue (named)'
30.0950 	EXP 	targetTxt: text = 'قرمز'
30.0950 	EXP 	imgRed: opacity = 1.0
30.0950 	EXP 	imgRed: pos = array([-1., -5.])
30.0950 	EXP 	imgRed: size = array([125., 125.])
30.0950 	EXP 	imgRed: ori = 0.0
30.0950 	EXP 	imgRed: image = 'Red.jpg'
30.0950 	EXP 	imgBlue: opacity = 1.0
30.0950 	EXP 	imgBlue: pos = array([ 0., -5.])
30.0950 	EXP 	imgBlue: size = array([125., 125.])
30.0950 	EXP 	imgBlue: ori = 1.0
30.0950 	EXP 	imgBlue: image = 'Blue.jpg'
30.0950 	EXP 	imgGreen: opacity = 1.0
30.0950 	EXP 	imgGreen: pos = array([ 1., -5.])
30.0950 	EXP 	imgGreen: size = array([125., 125.])
30.0950 	EXP 	imgGreen: ori = 2.0
30.0950 	EXP 	imgGreen: image = 'Green.jpg'
30.0950 	EXP 	imgYellow: opacity = 1.0
30.0950 	EXP 	imgYellow: pos = array([ 2., -5.])
30.0950 	EXP 	imgYellow: size = array([125., 125.])
30.0950 	EXP 	imgYellow: ori = 3.0
30.0950 	EXP 	imgYellow: image = 'Yellow.jpg'
30.0950 	EXP 	targetTxt: autoDraw = True
30.0950 	EXP 	imgRed: autoDraw = True
30.0950 	EXP 	imgBlue: autoDraw = True
30.0950 	EXP 	imgGreen: autoDraw = True
30.0950 	EXP 	imgYellow: autoDraw = True
30.2496 	DATA 	Mouse:  Left button up, pos=(960,531)
31.7306 	DATA 	Mouse: Left button down, pos=(984,516)
31.7952 	EXP 	targetTxt: autoDraw = False
31.7952 	EXP 	imgRed: autoDraw = False
31.7952 	EXP 	imgBlue: autoDraw = False
31.7952 	EXP 	imgGreen: autoDraw = False
31.7952 	EXP 	imgYellow: autoDraw = False
31.7952 	EXP 	feedbackTxt: text = 'وای! دقت لطفا!'
31.7952 	EXP 	feedbackTxt: autoDraw = True
31.9157 	DATA 	Mouse:  Left button up, pos=(984,516)
32.7818 	EXP 	New trial (rep=0, index=1): OrderedDict([('word', 'سبز'), ('colour', 'yellow'), ('congruent', 0), ('corrAns', 'imgYellow')])
32.8287 	EXP 	feedbackTxt: autoDraw = False
32.8287 	EXP 	feedbackTxt: autoDraw = False
32.8287 	EXP 	targetTxt: color = 'yellow (named)'
32.8287 	EXP 	targetTxt: text = 'سبز'
32.8287 	EXP 	imgRed: opacity = 1.0
32.8287 	EXP 	imgRed: pos = array([-1., -5.])
32.8287 	EXP 	imgRed: size = array([125., 125.])
32.8287 	EXP 	imgRed: ori = 0.0
32.8287 	EXP 	imgRed: image = 'Red.jpg'
32.8287 	EXP 	imgBlue: opacity = 1.0
32.8287 	EXP 	imgBlue: pos = array([ 0., -5.])
32.8287 	EXP 	imgBlue: size = array([125., 125.])
32.8287 	EXP 	imgBlue: ori = 1.0
32.8287 	EXP 	imgBlue: image = 'Blue.jpg'
32.8287 	EXP 	imgGreen: opacity = 1.0
32.8287 	EXP 	imgGreen: pos = array([ 1., -5.])
32.8287 	EXP 	imgGreen: size = array([125., 125.])
32.8287 	EXP 	imgGreen: ori = 2.0
32.8287 	EXP 	imgGreen: image = 'Green.jpg'
32.8287 	EXP 	imgYellow: opacity = 1.0
32.8287 	EXP 	imgYellow: pos = array([ 2., -5.])
32.8287 	EXP 	imgYellow: size = array([125., 125.])
32.8287 	EXP 	imgYellow: ori = 3.0
32.8287 	EXP 	imgYellow: image = 'Yellow.jpg'
32.8287 	EXP 	targetTxt: autoDraw = True
32.8287 	EXP 	imgRed: autoDraw = True
32.8287 	EXP 	imgBlue: autoDraw = True
32.8287 	EXP 	imgGreen: autoDraw = True
32.8287 	EXP 	imgYellow: autoDraw = True
34.2833 	DATA 	Mouse: Left button down, pos=(978,516)
34.3609 	EXP 	targetTxt: autoDraw = False
34.3609 	EXP 	imgRed: autoDraw = False
34.3609 	EXP 	imgBlue: autoDraw = False
34.3609 	EXP 	imgGreen: autoDraw = False
34.3609 	EXP 	imgYellow: autoDraw = False
34.3609 	EXP 	feedbackTxt: text = 'آفرین, زمان=1.492'
34.3609 	EXP 	feedbackTxt: autoDraw = True
34.4646 	DATA 	Mouse:  Left button up, pos=(978,516)
35.3478 	EXP 	New trial (rep=0, index=2): OrderedDict([('word', 'آبی'), ('colour', 'blue'), ('congruent', 1), ('corrAns', 'imgBlue')])
35.3949 	EXP 	feedbackTxt: autoDraw = False
35.3949 	EXP 	feedbackTxt: autoDraw = False
35.3949 	EXP 	targetTxt: color = 'blue (named)'
35.3949 	EXP 	targetTxt: text = 'آبی'
35.3949 	EXP 	imgRed: opacity = 1.0
35.3949 	EXP 	imgRed: pos = array([-1., -5.])
35.3949 	EXP 	imgRed: size = array([125., 125.])
35.3949 	EXP 	imgRed: ori = 0.0
35.3949 	EXP 	imgRed: image = 'Red.jpg'
35.3949 	EXP 	imgBlue: opacity = 1.0
35.3949 	EXP 	imgBlue: pos = array([ 0., -5.])
35.3949 	EXP 	imgBlue: size = array([125., 125.])
35.3949 	EXP 	imgBlue: ori = 1.0
35.3949 	EXP 	imgBlue: image = 'Blue.jpg'
35.3949 	EXP 	imgGreen: opacity = 1.0
35.3949 	EXP 	imgGreen: pos = array([ 1., -5.])
35.3949 	EXP 	imgGreen: size = array([125., 125.])
35.3949 	EXP 	imgGreen: ori = 2.0
35.3949 	EXP 	imgGreen: image = 'Green.jpg'
35.3949 	EXP 	imgYellow: opacity = 1.0
35.3949 	EXP 	imgYellow: pos = array([ 2., -5.])
35.3949 	EXP 	imgYellow: size = array([125., 125.])
35.3949 	EXP 	imgYellow: ori = 3.0
35.3949 	EXP 	imgYellow: image = 'Yellow.jpg'
35.3949 	EXP 	targetTxt: autoDraw = True
35.3949 	EXP 	imgRed: autoDraw = True
35.3949 	EXP 	imgBlue: autoDraw = True
35.3949 	EXP 	imgGreen: autoDraw = True
35.3949 	EXP 	imgYellow: autoDraw = True
35.7793 	DATA 	Mouse: Left button down, pos=(979,515)
35.8113 	EXP 	targetTxt: autoDraw = False
35.8113 	EXP 	imgRed: autoDraw = False
35.8113 	EXP 	imgBlue: autoDraw = False
35.8113 	EXP 	imgGreen: autoDraw = False
35.8113 	EXP 	imgYellow: autoDraw = False
35.8113 	EXP 	feedbackTxt: text = 'وای! دقت لطفا!'
35.8113 	EXP 	feedbackTxt: autoDraw = True
35.9316 	DATA 	Mouse:  Left button up, pos=(979,515)
36.7970 	EXP 	New trial (rep=0, index=3): OrderedDict([('word', 'زرد'), ('colour', 'yellow'), ('congruent', 1), ('corrAns', 'imgYellow')])
36.8272 	EXP 	feedbackTxt: autoDraw = False
36.8272 	EXP 	feedbackTxt: autoDraw = False
36.8272 	EXP 	targetTxt: color = 'yellow (named)'
36.8272 	EXP 	targetTxt: text = 'زرد'
36.8272 	EXP 	imgRed: opacity = 1.0
36.8272 	EXP 	imgRed: pos = array([-1., -5.])
36.8272 	EXP 	imgRed: size = array([125., 125.])
36.8272 	EXP 	imgRed: ori = 0.0
36.8272 	EXP 	imgRed: image = 'Red.jpg'
36.8272 	EXP 	imgBlue: opacity = 1.0
36.8272 	EXP 	imgBlue: pos = array([ 0., -5.])
36.8272 	EXP 	imgBlue: size = array([125., 125.])
36.8272 	EXP 	imgBlue: ori = 1.0
36.8272 	EXP 	imgBlue: image = 'Blue.jpg'
36.8272 	EXP 	imgGreen: opacity = 1.0
36.8272 	EXP 	imgGreen: pos = array([ 1., -5.])
36.8272 	EXP 	imgGreen: size = array([125., 125.])
36.8272 	EXP 	imgGreen: ori = 2.0
36.8272 	EXP 	imgGreen: image = 'Green.jpg'
36.8272 	EXP 	imgYellow: opacity = 1.0
36.8272 	EXP 	imgYellow: pos = array([ 2., -5.])
36.8272 	EXP 	imgYellow: size = array([125., 125.])
36.8272 	EXP 	imgYellow: ori = 3.0
36.8272 	EXP 	imgYellow: image = 'Yellow.jpg'
36.8272 	EXP 	targetTxt: autoDraw = True
36.8272 	EXP 	imgRed: autoDraw = True
36.8272 	EXP 	imgBlue: autoDraw = True
36.8272 	EXP 	imgGreen: autoDraw = True
36.8272 	EXP 	imgYellow: autoDraw = True
37.4984 	DATA 	Mouse: Left button down, pos=(979,515)
37.5610 	EXP 	targetTxt: autoDraw = False
37.5610 	EXP 	imgRed: autoDraw = False
37.5610 	EXP 	imgBlue: autoDraw = False
37.5610 	EXP 	imgGreen: autoDraw = False
37.5610 	EXP 	imgYellow: autoDraw = False
37.5610 	EXP 	feedbackTxt: text = 'آفرین, زمان=0.695'
37.5610 	EXP 	feedbackTxt: autoDraw = True
37.6980 	DATA 	Mouse:  Left button up, pos=(979,515)
38.5466 	EXP 	New trial (rep=0, index=4): OrderedDict([('word', 'قرمز'), ('colour', 'red'), ('congruent', 1), ('corrAns', 'imgRed')])
38.5937 	EXP 	feedbackTxt: autoDraw = False
38.5937 	EXP 	feedbackTxt: autoDraw = False
38.5937 	EXP 	targetTxt: color = 'red (named)'
38.5937 	EXP 	targetTxt: text = 'قرمز'
38.5937 	EXP 	imgRed: opacity = 1.0
38.5937 	EXP 	imgRed: pos = array([-1., -5.])
38.5937 	EXP 	imgRed: size = array([125., 125.])
38.5937 	EXP 	imgRed: ori = 0.0
38.5937 	EXP 	imgRed: image = 'Red.jpg'
38.5937 	EXP 	imgBlue: opacity = 1.0
38.5937 	EXP 	imgBlue: pos = array([ 0., -5.])
38.5937 	EXP 	imgBlue: size = array([125., 125.])
38.5937 	EXP 	imgBlue: ori = 1.0
38.5937 	EXP 	imgBlue: image = 'Blue.jpg'
38.5937 	EXP 	imgGreen: opacity = 1.0
38.5937 	EXP 	imgGreen: pos = array([ 1., -5.])
38.5937 	EXP 	imgGreen: size = array([125., 125.])
38.5937 	EXP 	imgGreen: ori = 2.0
38.5937 	EXP 	imgGreen: image = 'Green.jpg'
38.5937 	EXP 	imgYellow: opacity = 1.0
38.5937 	EXP 	imgYellow: pos = array([ 2., -5.])
38.5937 	EXP 	imgYellow: size = array([125., 125.])
38.5937 	EXP 	imgYellow: ori = 3.0
38.5937 	EXP 	imgYellow: image = 'Yellow.jpg'
38.5937 	EXP 	targetTxt: autoDraw = True
38.5937 	EXP 	imgRed: autoDraw = True
38.5937 	EXP 	imgBlue: autoDraw = True
38.5937 	EXP 	imgGreen: autoDraw = True
38.5937 	EXP 	imgYellow: autoDraw = True
39.3783 	DATA 	Mouse: Left button down, pos=(880,533)
39.5947 	DATA 	Mouse:  Left button up, pos=(880,533)
40.6108 	EXP 	targetTxt: autoDraw = False
40.6108 	EXP 	imgRed: autoDraw = False
40.6108 	EXP 	imgBlue: autoDraw = False
40.6108 	EXP 	imgGreen: autoDraw = False
40.6108 	EXP 	imgYellow: autoDraw = False
40.6108 	EXP 	targetTxt: autoDraw = False
40.6108 	EXP 	imgRed: autoDraw = False
40.6108 	EXP 	imgBlue: autoDraw = False
40.6108 	EXP 	imgGreen: autoDraw = False
40.6108 	EXP 	imgYellow: autoDraw = False
40.6108 	EXP 	feedbackTxt: text = 'آفرین, زمان=0.695'
40.6108 	EXP 	feedbackTxt: autoDraw = True
40.7638 	DATA 	Mouse: Left button down, pos=(1035,541)
40.9991 	DATA 	Mouse:  Left button up, pos=(1036,541)
41.5960 	EXP 	New trial (rep=0, index=5): OrderedDict([('word', 'زرد'), ('colour', 'green'), ('congruent', 0), ('corrAns', 'imgGreen')])
41.6264 	EXP 	feedbackTxt: autoDraw = False
41.6264 	EXP 	feedbackTxt: autoDraw = False
41.6264 	EXP 	targetTxt: color = 'green (named)'
41.6264 	EXP 	targetTxt: text = 'زرد'
41.6264 	EXP 	imgRed: opacity = 1.0
41.6264 	EXP 	imgRed: pos = array([-1., -5.])
41.6264 	EXP 	imgRed: size = array([125., 125.])
41.6264 	EXP 	imgRed: ori = 0.0
41.6264 	EXP 	imgRed: image = 'Red.jpg'
41.6264 	EXP 	imgBlue: opacity = 1.0
41.6264 	EXP 	imgBlue: pos = array([ 0., -5.])
41.6264 	EXP 	imgBlue: size = array([125., 125.])
41.6264 	EXP 	imgBlue: ori = 1.0
41.6264 	EXP 	imgBlue: image = 'Blue.jpg'
41.6264 	EXP 	imgGreen: opacity = 1.0
41.6264 	EXP 	imgGreen: pos = array([ 1., -5.])
41.6264 	EXP 	imgGreen: size = array([125., 125.])
41.6264 	EXP 	imgGreen: ori = 2.0
41.6264 	EXP 	imgGreen: image = 'Green.jpg'
41.6264 	EXP 	imgYellow: opacity = 1.0
41.6264 	EXP 	imgYellow: pos = array([ 2., -5.])
41.6264 	EXP 	imgYellow: size = array([125., 125.])
41.6264 	EXP 	imgYellow: ori = 3.0
41.6264 	EXP 	imgYellow: image = 'Yellow.jpg'
41.6264 	EXP 	targetTxt: autoDraw = True
41.6264 	EXP 	imgRed: autoDraw = True
41.6264 	EXP 	imgBlue: autoDraw = True
41.6264 	EXP 	imgGreen: autoDraw = True
41.6264 	EXP 	imgYellow: autoDraw = True
42.1482 	DATA 	Mouse: Left button down, pos=(1036,541)
42.3472 	DATA 	Mouse:  Left button up, pos=(1036,541)
43.6434 	EXP 	targetTxt: autoDraw = False
43.6434 	EXP 	imgRed: autoDraw = False
43.6434 	EXP 	imgBlue: autoDraw = False
43.6434 	EXP 	imgGreen: autoDraw = False
43.6434 	EXP 	imgYellow: autoDraw = False
43.6434 	EXP 	targetTxt: autoDraw = False
43.6434 	EXP 	imgRed: autoDraw = False
43.6434 	EXP 	imgBlue: autoDraw = False
43.6434 	EXP 	imgGreen: autoDraw = False
43.6434 	EXP 	imgYellow: autoDraw = False
43.6434 	EXP 	feedbackTxt: text = 'آفرین, زمان=0.695'
43.6434 	EXP 	feedbackTxt: autoDraw = True
44.6295 	EXP 	New trial (rep=0, index=6): OrderedDict([('word', 'آبی'), ('colour', 'red'), ('congruent', 0), ('corrAns', 'imgRed')])
44.6591 	EXP 	feedbackTxt: autoDraw = False
44.6591 	EXP 	feedbackTxt: autoDraw = False
44.6591 	EXP 	targetTxt: color = 'red (named)'
44.6591 	EXP 	targetTxt: text = 'آبی'
44.6591 	EXP 	imgRed: opacity = 1.0
44.6591 	EXP 	imgRed: pos = array([-1., -5.])
44.6591 	EXP 	imgRed: size = array([125., 125.])
44.6591 	EXP 	imgRed: ori = 0.0
44.6591 	EXP 	imgRed: image = 'Red.jpg'
44.6591 	EXP 	imgBlue: opacity = 1.0
44.6591 	EXP 	imgBlue: pos = array([ 0., -5.])
44.6591 	EXP 	imgBlue: size = array([125., 125.])
44.6591 	EXP 	imgBlue: ori = 1.0
44.6591 	EXP 	imgBlue: image = 'Blue.jpg'
44.6591 	EXP 	imgGreen: opacity = 1.0
44.6591 	EXP 	imgGreen: pos = array([ 1., -5.])
44.6591 	EXP 	imgGreen: size = array([125., 125.])
44.6591 	EXP 	imgGreen: ori = 2.0
44.6591 	EXP 	imgGreen: image = 'Green.jpg'
44.6591 	EXP 	imgYellow: opacity = 1.0
44.6591 	EXP 	imgYellow: pos = array([ 2., -5.])
44.6591 	EXP 	imgYellow: size = array([125., 125.])
44.6591 	EXP 	imgYellow: ori = 3.0
44.6591 	EXP 	imgYellow: image = 'Yellow.jpg'
44.6591 	EXP 	targetTxt: autoDraw = True
44.6591 	EXP 	imgRed: autoDraw = True
44.6591 	EXP 	imgBlue: autoDraw = True
44.6591 	EXP 	imgGreen: autoDraw = True
44.6591 	EXP 	imgYellow: autoDraw = True
46.6761 	EXP 	targetTxt: autoDraw = False
46.6761 	EXP 	imgRed: autoDraw = False
46.6761 	EXP 	imgBlue: autoDraw = False
46.6761 	EXP 	imgGreen: autoDraw = False
46.6761 	EXP 	imgYellow: autoDraw = False
46.6761 	EXP 	targetTxt: autoDraw = False
46.6761 	EXP 	imgRed: autoDraw = False
46.6761 	EXP 	imgBlue: autoDraw = False
46.6761 	EXP 	imgGreen: autoDraw = False
46.6761 	EXP 	imgYellow: autoDraw = False
46.6761 	EXP 	feedbackTxt: text = 'آفرین, زمان=0.695'
46.6761 	EXP 	feedbackTxt: autoDraw = True
47.6618 	EXP 	New trial (rep=0, index=7): OrderedDict([('word', 'سبز'), ('colour', 'green'), ('congruent', 1), ('corrAns', 'imgGreen')])
47.6921 	EXP 	feedbackTxt: autoDraw = False
47.6921 	EXP 	feedbackTxt: autoDraw = False
47.6921 	EXP 	targetTxt: color = 'green (named)'
47.6921 	EXP 	targetTxt: text = 'سبز'
47.6921 	EXP 	imgRed: opacity = 1.0
47.6921 	EXP 	imgRed: pos = array([-1., -5.])
47.6921 	EXP 	imgRed: size = array([125., 125.])
47.6921 	EXP 	imgRed: ori = 0.0
47.6921 	EXP 	imgRed: image = 'Red.jpg'
47.6921 	EXP 	imgBlue: opacity = 1.0
47.6921 	EXP 	imgBlue: pos = array([ 0., -5.])
47.6921 	EXP 	imgBlue: size = array([125., 125.])
47.6921 	EXP 	imgBlue: ori = 1.0
47.6921 	EXP 	imgBlue: image = 'Blue.jpg'
47.6921 	EXP 	imgGreen: opacity = 1.0
47.6921 	EXP 	imgGreen: pos = array([ 1., -5.])
47.6921 	EXP 	imgGreen: size = array([125., 125.])
47.6921 	EXP 	imgGreen: ori = 2.0
47.6921 	EXP 	imgGreen: image = 'Green.jpg'
47.6921 	EXP 	imgYellow: opacity = 1.0
47.6921 	EXP 	imgYellow: pos = array([ 2., -5.])
47.6921 	EXP 	imgYellow: size = array([125., 125.])
47.6921 	EXP 	imgYellow: ori = 3.0
47.6921 	EXP 	imgYellow: image = 'Yellow.jpg'
47.6921 	EXP 	targetTxt: autoDraw = True
47.6921 	EXP 	imgRed: autoDraw = True
47.6921 	EXP 	imgBlue: autoDraw = True
47.6921 	EXP 	imgGreen: autoDraw = True
47.6921 	EXP 	imgYellow: autoDraw = True
49.7093 	EXP 	targetTxt: autoDraw = False
49.7093 	EXP 	imgRed: autoDraw = False
49.7093 	EXP 	imgBlue: autoDraw = False
49.7093 	EXP 	imgGreen: autoDraw = False
49.7093 	EXP 	imgYellow: autoDraw = False
49.7093 	EXP 	targetTxt: autoDraw = False
49.7093 	EXP 	imgRed: autoDraw = False
49.7093 	EXP 	imgBlue: autoDraw = False
49.7093 	EXP 	imgGreen: autoDraw = False
49.7093 	EXP 	imgYellow: autoDraw = False
49.7093 	EXP 	feedbackTxt: text = 'آفرین, زمان=0.695'
49.7093 	EXP 	feedbackTxt: autoDraw = True
50.8248 	EXP 	feedbackTxt: autoDraw = False
50.8248 	EXP 	feedbackTxt: autoDraw = False
50.8248 	EXP 	instrTxt: autoDraw = True
50.8248 	EXP 	imgStart: autoDraw = True
55.5248 	DATA 	Mouse: Left button down, pos=(963,532)
55.5413 	EXP 	Imported conditions.xlsx as conditions, 16 conditions, 4 params
55.5420 	EXP 	Created sequence: random, trialTypes=16, nReps=6, seed=None
55.5426 	EXP 	New trial (rep=0, index=0): OrderedDict([('word', 'آبی'), ('colour', 'green'), ('congruent', 0), ('corrAns', 'imgGreen')])
55.5740 	EXP 	instrTxt: autoDraw = False
55.5740 	EXP 	imgStart: autoDraw = False
55.5740 	EXP 	targetTxt: color = 'green (named)'
55.5740 	EXP 	targetTxt: text = 'آبی'
55.5740 	EXP 	imgRed: opacity = 1.0
55.5740 	EXP 	imgRed: pos = array([-1., -5.])
55.5740 	EXP 	imgRed: size = array([125., 125.])
55.5740 	EXP 	imgRed: ori = 0.0
55.5740 	EXP 	imgRed: image = 'Red.jpg'
55.5740 	EXP 	imgBlue: opacity = 1.0
55.5740 	EXP 	imgBlue: pos = array([ 0., -5.])
55.5740 	EXP 	imgBlue: size = array([125., 125.])
55.5740 	EXP 	imgBlue: ori = 1.0
55.5740 	EXP 	imgBlue: image = 'Blue.jpg'
55.5740 	EXP 	imgGreen: opacity = 1.0
55.5740 	EXP 	imgGreen: pos = array([ 1., -5.])
55.5740 	EXP 	imgGreen: size = array([125., 125.])
55.5740 	EXP 	imgGreen: ori = 2.0
55.5740 	EXP 	imgGreen: image = 'Green.jpg'
55.5740 	EXP 	imgYellow: opacity = 1.0
55.5740 	EXP 	imgYellow: pos = array([ 2., -5.])
55.5740 	EXP 	imgYellow: size = array([125., 125.])
55.5740 	EXP 	imgYellow: ori = 3.0
55.5740 	EXP 	imgYellow: image = 'Yellow.jpg'
55.5740 	EXP 	targetTxt: autoDraw = True
55.5740 	EXP 	imgRed: autoDraw = True
55.5740 	EXP 	imgBlue: autoDraw = True
55.5740 	EXP 	imgGreen: autoDraw = True
55.5740 	EXP 	imgYellow: autoDraw = True
56.9247 	DATA 	Mouse:  Left button up, pos=(963,532)
57.5453 	EXP 	New trial (rep=0, index=1): OrderedDict([('word', 'سبز'), ('colour', 'green'), ('congruent', 1), ('corrAns', 'imgGreen')])
57.5905 	EXP 	targetTxt: autoDraw = False
57.5905 	EXP 	imgRed: autoDraw = False
57.5905 	EXP 	imgBlue: autoDraw = False
57.5905 	EXP 	imgGreen: autoDraw = False
57.5905 	EXP 	imgYellow: autoDraw = False
57.5905 	EXP 	targetTxt: color = 'green (named)'
57.5905 	EXP 	targetTxt: text = 'سبز'
57.5905 	EXP 	imgRed: opacity = 1.0
57.5905 	EXP 	imgRed: pos = array([-1., -5.])
57.5905 	EXP 	imgRed: size = array([125., 125.])
57.5905 	EXP 	imgRed: ori = 0.0
57.5905 	EXP 	imgRed: image = 'Red.jpg'
57.5905 	EXP 	imgBlue: opacity = 1.0
57.5905 	EXP 	imgBlue: pos = array([ 0., -5.])
57.5905 	EXP 	imgBlue: size = array([125., 125.])
57.5905 	EXP 	imgBlue: ori = 1.0
57.5905 	EXP 	imgBlue: image = 'Blue.jpg'
57.5905 	EXP 	imgGreen: opacity = 1.0
57.5905 	EXP 	imgGreen: pos = array([ 1., -5.])
57.5905 	EXP 	imgGreen: size = array([125., 125.])
57.5905 	EXP 	imgGreen: ori = 2.0
57.5905 	EXP 	imgGreen: image = 'Green.jpg'
57.5905 	EXP 	imgYellow: opacity = 1.0
57.5905 	EXP 	imgYellow: pos = array([ 2., -5.])
57.5905 	EXP 	imgYellow: size = array([125., 125.])
57.5905 	EXP 	imgYellow: ori = 3.0
57.5905 	EXP 	imgYellow: image = 'Yellow.jpg'
57.5905 	EXP 	targetTxt: autoDraw = True
57.5905 	EXP 	imgRed: autoDraw = True
57.5905 	EXP 	imgBlue: autoDraw = True
57.5905 	EXP 	imgGreen: autoDraw = True
57.5905 	EXP 	imgYellow: autoDraw = True
59.3246 	DATA 	Mouse: Left button down, pos=(963,529)
59.3317 	EXP 	New trial (rep=0, index=2): OrderedDict([('word', 'قرمز'), ('colour', 'red'), ('congruent', 1), ('corrAns', 'imgRed')])
59.3743 	EXP 	targetTxt: autoDraw = False
59.3743 	EXP 	imgRed: autoDraw = False
59.3743 	EXP 	imgBlue: autoDraw = False
59.3743 	EXP 	imgGreen: autoDraw = False
59.3743 	EXP 	imgYellow: autoDraw = False
59.3743 	EXP 	targetTxt: color = 'red (named)'
59.3743 	EXP 	targetTxt: text = 'قرمز'
59.3743 	EXP 	imgRed: opacity = 1.0
59.3743 	EXP 	imgRed: pos = array([-1., -5.])
59.3743 	EXP 	imgRed: size = array([125., 125.])
59.3743 	EXP 	imgRed: ori = 0.0
59.3743 	EXP 	imgRed: image = 'Red.jpg'
59.3743 	EXP 	imgBlue: opacity = 1.0
59.3743 	EXP 	imgBlue: pos = array([ 0., -5.])
59.3743 	EXP 	imgBlue: size = array([125., 125.])
59.3743 	EXP 	imgBlue: ori = 1.0
59.3743 	EXP 	imgBlue: image = 'Blue.jpg'
59.3743 	EXP 	imgGreen: opacity = 1.0
59.3743 	EXP 	imgGreen: pos = array([ 1., -5.])
59.3743 	EXP 	imgGreen: size = array([125., 125.])
59.3743 	EXP 	imgGreen: ori = 2.0
59.3743 	EXP 	imgGreen: image = 'Green.jpg'
59.3743 	EXP 	imgYellow: opacity = 1.0
59.3743 	EXP 	imgYellow: pos = array([ 2., -5.])
59.3743 	EXP 	imgYellow: size = array([125., 125.])
59.3743 	EXP 	imgYellow: ori = 3.0
59.3743 	EXP 	imgYellow: image = 'Yellow.jpg'
59.3743 	EXP 	targetTxt: autoDraw = True
59.3743 	EXP 	imgRed: autoDraw = True
59.3743 	EXP 	imgBlue: autoDraw = True
59.3743 	EXP 	imgGreen: autoDraw = True
59.3743 	EXP 	imgYellow: autoDraw = True
59.5580 	DATA 	Mouse:  Left button up, pos=(963,529)
59.8744 	DATA 	Mouse: Left button down, pos=(963,529)
59.8806 	EXP 	New trial (rep=0, index=3): OrderedDict([('word', 'آبی'), ('colour', 'red'), ('congruent', 0), ('corrAns', 'imgRed')])
59.9238 	EXP 	targetTxt: autoDraw = False
59.9238 	EXP 	imgRed: autoDraw = False
59.9238 	EXP 	imgBlue: autoDraw = False
59.9238 	EXP 	imgGreen: autoDraw = False
59.9238 	EXP 	imgYellow: autoDraw = False
59.9238 	EXP 	targetTxt: color = 'red (named)'
59.9238 	EXP 	targetTxt: text = 'آبی'
59.9238 	EXP 	imgRed: opacity = 1.0
59.9238 	EXP 	imgRed: pos = array([-1., -5.])
59.9238 	EXP 	imgRed: size = array([125., 125.])
59.9238 	EXP 	imgRed: ori = 0.0
59.9238 	EXP 	imgRed: image = 'Red.jpg'
59.9238 	EXP 	imgBlue: opacity = 1.0
59.9238 	EXP 	imgBlue: pos = array([ 0., -5.])
59.9238 	EXP 	imgBlue: size = array([125., 125.])
59.9238 	EXP 	imgBlue: ori = 1.0
59.9238 	EXP 	imgBlue: image = 'Blue.jpg'
59.9238 	EXP 	imgGreen: opacity = 1.0
59.9238 	EXP 	imgGreen: pos = array([ 1., -5.])
59.9238 	EXP 	imgGreen: size = array([125., 125.])
59.9238 	EXP 	imgGreen: ori = 2.0
59.9238 	EXP 	imgGreen: image = 'Green.jpg'
59.9238 	EXP 	imgYellow: opacity = 1.0
59.9238 	EXP 	imgYellow: pos = array([ 2., -5.])
59.9238 	EXP 	imgYellow: size = array([125., 125.])
59.9238 	EXP 	imgYellow: ori = 3.0
59.9238 	EXP 	imgYellow: image = 'Yellow.jpg'
59.9238 	EXP 	targetTxt: autoDraw = True
59.9238 	EXP 	imgRed: autoDraw = True
59.9238 	EXP 	imgBlue: autoDraw = True
59.9238 	EXP 	imgGreen: autoDraw = True
59.9238 	EXP 	imgYellow: autoDraw = True
60.0741 	DATA 	Mouse:  Left button up, pos=(963,529)
60.2077 	DATA 	Mouse: Left button down, pos=(963,529)
60.2142 	EXP 	New trial (rep=0, index=4): OrderedDict([('word', 'زرد'), ('colour', 'blue'), ('congruent', 0), ('corrAns', 'imgBlue')])
60.2574 	EXP 	targetTxt: autoDraw = False
60.2574 	EXP 	imgRed: autoDraw = False
60.2574 	EXP 	imgBlue: autoDraw = False
60.2574 	EXP 	imgGreen: autoDraw = False
60.2574 	EXP 	imgYellow: autoDraw = False
60.2574 	EXP 	targetTxt: color = 'blue (named)'
60.2574 	EXP 	targetTxt: text = 'زرد'
60.2574 	EXP 	imgRed: opacity = 1.0
60.2574 	EXP 	imgRed: pos = array([-1., -5.])
60.2574 	EXP 	imgRed: size = array([125., 125.])
60.2574 	EXP 	imgRed: ori = 0.0
60.2574 	EXP 	imgRed: image = 'Red.jpg'
60.2574 	EXP 	imgBlue: opacity = 1.0
60.2574 	EXP 	imgBlue: pos = array([ 0., -5.])
60.2574 	EXP 	imgBlue: size = array([125., 125.])
60.2574 	EXP 	imgBlue: ori = 1.0
60.2574 	EXP 	imgBlue: image = 'Blue.jpg'
60.2574 	EXP 	imgGreen: opacity = 1.0
60.2574 	EXP 	imgGreen: pos = array([ 1., -5.])
60.2574 	EXP 	imgGreen: size = array([125., 125.])
60.2574 	EXP 	imgGreen: ori = 2.0
60.2574 	EXP 	imgGreen: image = 'Green.jpg'
60.2574 	EXP 	imgYellow: opacity = 1.0
60.2574 	EXP 	imgYellow: pos = array([ 2., -5.])
60.2574 	EXP 	imgYellow: size = array([125., 125.])
60.2574 	EXP 	imgYellow: ori = 3.0
60.2574 	EXP 	imgYellow: image = 'Yellow.jpg'
60.2574 	EXP 	targetTxt: autoDraw = True
60.2574 	EXP 	imgRed: autoDraw = True
60.2574 	EXP 	imgBlue: autoDraw = True
60.2574 	EXP 	imgGreen: autoDraw = True
60.2574 	EXP 	imgYellow: autoDraw = True
60.3742 	DATA 	Mouse:  Left button up, pos=(963,529)
60.4744 	DATA 	Mouse: Left button down, pos=(963,529)
60.4807 	EXP 	New trial (rep=0, index=5): OrderedDict([('word', 'زرد'), ('colour', 'yellow'), ('congruent', 1), ('corrAns', 'imgYellow')])
60.5232 	EXP 	targetTxt: autoDraw = False
60.5232 	EXP 	imgRed: autoDraw = False
60.5232 	EXP 	imgBlue: autoDraw = False
60.5232 	EXP 	imgGreen: autoDraw = False
60.5232 	EXP 	imgYellow: autoDraw = False
60.5232 	EXP 	targetTxt: color = 'yellow (named)'
60.5232 	EXP 	targetTxt: text = 'زرد'
60.5232 	EXP 	imgRed: opacity = 1.0
60.5232 	EXP 	imgRed: pos = array([-1., -5.])
60.5232 	EXP 	imgRed: size = array([125., 125.])
60.5232 	EXP 	imgRed: ori = 0.0
60.5232 	EXP 	imgRed: image = 'Red.jpg'
60.5232 	EXP 	imgBlue: opacity = 1.0
60.5232 	EXP 	imgBlue: pos = array([ 0., -5.])
60.5232 	EXP 	imgBlue: size = array([125., 125.])
60.5232 	EXP 	imgBlue: ori = 1.0
60.5232 	EXP 	imgBlue: image = 'Blue.jpg'
60.5232 	EXP 	imgGreen: opacity = 1.0
60.5232 	EXP 	imgGreen: pos = array([ 1., -5.])
60.5232 	EXP 	imgGreen: size = array([125., 125.])
60.5232 	EXP 	imgGreen: ori = 2.0
60.5232 	EXP 	imgGreen: image = 'Green.jpg'
60.5232 	EXP 	imgYellow: opacity = 1.0
60.5232 	EXP 	imgYellow: pos = array([ 2., -5.])
60.5232 	EXP 	imgYellow: size = array([125., 125.])
60.5232 	EXP 	imgYellow: ori = 3.0
60.5232 	EXP 	imgYellow: image = 'Yellow.jpg'
60.5232 	EXP 	targetTxt: autoDraw = True
60.5232 	EXP 	imgRed: autoDraw = True
60.5232 	EXP 	imgBlue: autoDraw = True
60.5232 	EXP 	imgGreen: autoDraw = True
60.5232 	EXP 	imgYellow: autoDraw = True
60.6074 	DATA 	Mouse:  Left button up, pos=(963,529)
60.7243 	DATA 	Mouse: Left button down, pos=(963,529)
60.7305 	EXP 	New trial (rep=0, index=6): OrderedDict([('word', 'آبی'), ('colour', 'blue'), ('congruent', 1), ('corrAns', 'imgBlue')])
60.7736 	EXP 	targetTxt: autoDraw = False
60.7736 	EXP 	imgRed: autoDraw = False
60.7736 	EXP 	imgBlue: autoDraw = False
60.7736 	EXP 	imgGreen: autoDraw = False
60.7736 	EXP 	imgYellow: autoDraw = False
60.7736 	EXP 	targetTxt: color = 'blue (named)'
60.7736 	EXP 	targetTxt: text = 'آبی'
60.7736 	EXP 	imgRed: opacity = 1.0
60.7736 	EXP 	imgRed: pos = array([-1., -5.])
60.7736 	EXP 	imgRed: size = array([125., 125.])
60.7736 	EXP 	imgRed: ori = 0.0
60.7736 	EXP 	imgRed: image = 'Red.jpg'
60.7736 	EXP 	imgBlue: opacity = 1.0
60.7736 	EXP 	imgBlue: pos = array([ 0., -5.])
60.7736 	EXP 	imgBlue: size = array([125., 125.])
60.7736 	EXP 	imgBlue: ori = 1.0
60.7736 	EXP 	imgBlue: image = 'Blue.jpg'
60.7736 	EXP 	imgGreen: opacity = 1.0
60.7736 	EXP 	imgGreen: pos = array([ 1., -5.])
60.7736 	EXP 	imgGreen: size = array([125., 125.])
60.7736 	EXP 	imgGreen: ori = 2.0
60.7736 	EXP 	imgGreen: image = 'Green.jpg'
60.7736 	EXP 	imgYellow: opacity = 1.0
60.7736 	EXP 	imgYellow: pos = array([ 2., -5.])
60.7736 	EXP 	imgYellow: size = array([125., 125.])
60.7736 	EXP 	imgYellow: ori = 3.0
60.7736 	EXP 	imgYellow: image = 'Yellow.jpg'
60.7736 	EXP 	targetTxt: autoDraw = True
60.7736 	EXP 	imgRed: autoDraw = True
60.7736 	EXP 	imgBlue: autoDraw = True
60.7736 	EXP 	imgGreen: autoDraw = True
60.7736 	EXP 	imgYellow: autoDraw = True
60.8406 	DATA 	Mouse:  Left button up, pos=(963,529)
60.9571 	DATA 	Mouse: Left button down, pos=(963,529)
60.9643 	EXP 	New trial (rep=0, index=7): OrderedDict([('word', 'سبز'), ('colour', 'yellow'), ('congruent', 0), ('corrAns', 'imgYellow')])
61.0063 	EXP 	targetTxt: autoDraw = False
61.0063 	EXP 	imgRed: autoDraw = False
61.0063 	EXP 	imgBlue: autoDraw = False
61.0063 	EXP 	imgGreen: autoDraw = False
61.0063 	EXP 	imgYellow: autoDraw = False
61.0063 	EXP 	targetTxt: color = 'yellow (named)'
61.0063 	EXP 	targetTxt: text = 'سبز'
61.0063 	EXP 	imgRed: opacity = 1.0
61.0063 	EXP 	imgRed: pos = array([-1., -5.])
61.0063 	EXP 	imgRed: size = array([125., 125.])
61.0063 	EXP 	imgRed: ori = 0.0
61.0063 	EXP 	imgRed: image = 'Red.jpg'
61.0063 	EXP 	imgBlue: opacity = 1.0
61.0063 	EXP 	imgBlue: pos = array([ 0., -5.])
61.0063 	EXP 	imgBlue: size = array([125., 125.])
61.0063 	EXP 	imgBlue: ori = 1.0
61.0063 	EXP 	imgBlue: image = 'Blue.jpg'
61.0063 	EXP 	imgGreen: opacity = 1.0
61.0063 	EXP 	imgGreen: pos = array([ 1., -5.])
61.0063 	EXP 	imgGreen: size = array([125., 125.])
61.0063 	EXP 	imgGreen: ori = 2.0
61.0063 	EXP 	imgGreen: image = 'Green.jpg'
61.0063 	EXP 	imgYellow: opacity = 1.0
61.0063 	EXP 	imgYellow: pos = array([ 2., -5.])
61.0063 	EXP 	imgYellow: size = array([125., 125.])
61.0063 	EXP 	imgYellow: ori = 3.0
61.0063 	EXP 	imgYellow: image = 'Yellow.jpg'
61.0063 	EXP 	targetTxt: autoDraw = True
61.0063 	EXP 	imgRed: autoDraw = True
61.0063 	EXP 	imgBlue: autoDraw = True
61.0063 	EXP 	imgGreen: autoDraw = True
61.0063 	EXP 	imgYellow: autoDraw = True
61.0902 	DATA 	Mouse:  Left button up, pos=(963,529)
61.1911 	DATA 	Mouse: Left button down, pos=(963,529)
61.1968 	EXP 	New trial (rep=0, index=8): OrderedDict([('word', 'زرد'), ('colour', 'green'), ('congruent', 0), ('corrAns', 'imgGreen')])
61.2232 	EXP 	targetTxt: autoDraw = False
61.2232 	EXP 	imgRed: autoDraw = False
61.2232 	EXP 	imgBlue: autoDraw = False
61.2232 	EXP 	imgGreen: autoDraw = False
61.2232 	EXP 	imgYellow: autoDraw = False
61.2232 	EXP 	targetTxt: color = 'green (named)'
61.2232 	EXP 	targetTxt: text = 'زرد'
61.2232 	EXP 	imgRed: opacity = 1.0
61.2232 	EXP 	imgRed: pos = array([-1., -5.])
61.2232 	EXP 	imgRed: size = array([125., 125.])
61.2232 	EXP 	imgRed: ori = 0.0
61.2232 	EXP 	imgRed: image = 'Red.jpg'
61.2232 	EXP 	imgBlue: opacity = 1.0
61.2232 	EXP 	imgBlue: pos = array([ 0., -5.])
61.2232 	EXP 	imgBlue: size = array([125., 125.])
61.2232 	EXP 	imgBlue: ori = 1.0
61.2232 	EXP 	imgBlue: image = 'Blue.jpg'
61.2232 	EXP 	imgGreen: opacity = 1.0
61.2232 	EXP 	imgGreen: pos = array([ 1., -5.])
61.2232 	EXP 	imgGreen: size = array([125., 125.])
61.2232 	EXP 	imgGreen: ori = 2.0
61.2232 	EXP 	imgGreen: image = 'Green.jpg'
61.2232 	EXP 	imgYellow: opacity = 1.0
61.2232 	EXP 	imgYellow: pos = array([ 2., -5.])
61.2232 	EXP 	imgYellow: size = array([125., 125.])
61.2232 	EXP 	imgYellow: ori = 3.0
61.2232 	EXP 	imgYellow: image = 'Yellow.jpg'
61.2232 	EXP 	targetTxt: autoDraw = True
61.2232 	EXP 	imgRed: autoDraw = True
61.2232 	EXP 	imgBlue: autoDraw = True
61.2232 	EXP 	imgGreen: autoDraw = True
61.2232 	EXP 	imgYellow: autoDraw = True
61.3244 	DATA 	Mouse:  Left button up, pos=(963,529)
61.4245 	DATA 	Mouse: Left button down, pos=(963,529)
61.4300 	EXP 	New trial (rep=0, index=9): OrderedDict([('word', 'قرمز'), ('colour', 'yellow'), ('congruent', 0), ('corrAns', 'imgYellow')])
61.4572 	EXP 	targetTxt: autoDraw = False
61.4572 	EXP 	imgRed: autoDraw = False
61.4572 	EXP 	imgBlue: autoDraw = False
61.4572 	EXP 	imgGreen: autoDraw = False
61.4572 	EXP 	imgYellow: autoDraw = False
61.4572 	EXP 	targetTxt: color = 'yellow (named)'
61.4572 	EXP 	targetTxt: text = 'قرمز'
61.4572 	EXP 	imgRed: opacity = 1.0
61.4572 	EXP 	imgRed: pos = array([-1., -5.])
61.4572 	EXP 	imgRed: size = array([125., 125.])
61.4572 	EXP 	imgRed: ori = 0.0
61.4572 	EXP 	imgRed: image = 'Red.jpg'
61.4572 	EXP 	imgBlue: opacity = 1.0
61.4572 	EXP 	imgBlue: pos = array([ 0., -5.])
61.4572 	EXP 	imgBlue: size = array([125., 125.])
61.4572 	EXP 	imgBlue: ori = 1.0
61.4572 	EXP 	imgBlue: image = 'Blue.jpg'
61.4572 	EXP 	imgGreen: opacity = 1.0
61.4572 	EXP 	imgGreen: pos = array([ 1., -5.])
61.4572 	EXP 	imgGreen: size = array([125., 125.])
61.4572 	EXP 	imgGreen: ori = 2.0
61.4572 	EXP 	imgGreen: image = 'Green.jpg'
61.4572 	EXP 	imgYellow: opacity = 1.0
61.4572 	EXP 	imgYellow: pos = array([ 2., -5.])
61.4572 	EXP 	imgYellow: size = array([125., 125.])
61.4572 	EXP 	imgYellow: ori = 3.0
61.4572 	EXP 	imgYellow: image = 'Yellow.jpg'
61.4572 	EXP 	targetTxt: autoDraw = True
61.4572 	EXP 	imgRed: autoDraw = True
61.4572 	EXP 	imgBlue: autoDraw = True
61.4572 	EXP 	imgGreen: autoDraw = True
61.4572 	EXP 	imgYellow: autoDraw = True
61.5570 	DATA 	Mouse:  Left button up, pos=(963,529)
61.6410 	DATA 	Mouse: Left button down, pos=(963,529)
61.6473 	EXP 	New trial (rep=0, index=10): OrderedDict([('word', 'قرمز'), ('colour', 'blue'), ('congruent', 0), ('corrAns', 'imgBlue')])
61.6902 	EXP 	targetTxt: autoDraw = False
61.6902 	EXP 	imgRed: autoDraw = False
61.6902 	EXP 	imgBlue: autoDraw = False
61.6902 	EXP 	imgGreen: autoDraw = False
61.6902 	EXP 	imgYellow: autoDraw = False
61.6902 	EXP 	targetTxt: color = 'blue (named)'
61.6902 	EXP 	targetTxt: text = 'قرمز'
61.6902 	EXP 	imgRed: opacity = 1.0
61.6902 	EXP 	imgRed: pos = array([-1., -5.])
61.6902 	EXP 	imgRed: size = array([125., 125.])
61.6902 	EXP 	imgRed: ori = 0.0
61.6902 	EXP 	imgRed: image = 'Red.jpg'
61.6902 	EXP 	imgBlue: opacity = 1.0
61.6902 	EXP 	imgBlue: pos = array([ 0., -5.])
61.6902 	EXP 	imgBlue: size = array([125., 125.])
61.6902 	EXP 	imgBlue: ori = 1.0
61.6902 	EXP 	imgBlue: image = 'Blue.jpg'
61.6902 	EXP 	imgGreen: opacity = 1.0
61.6902 	EXP 	imgGreen: pos = array([ 1., -5.])
61.6902 	EXP 	imgGreen: size = array([125., 125.])
61.6902 	EXP 	imgGreen: ori = 2.0
61.6902 	EXP 	imgGreen: image = 'Green.jpg'
61.6902 	EXP 	imgYellow: opacity = 1.0
61.6902 	EXP 	imgYellow: pos = array([ 2., -5.])
61.6902 	EXP 	imgYellow: size = array([125., 125.])
61.6902 	EXP 	imgYellow: ori = 3.0
61.6902 	EXP 	imgYellow: image = 'Yellow.jpg'
61.6902 	EXP 	targetTxt: autoDraw = True
61.6902 	EXP 	imgRed: autoDraw = True
61.6902 	EXP 	imgBlue: autoDraw = True
61.6902 	EXP 	imgGreen: autoDraw = True
61.6902 	EXP 	imgYellow: autoDraw = True
61.7738 	DATA 	Mouse:  Left button up, pos=(963,529)
61.8739 	DATA 	Mouse: Left button down, pos=(963,529)
61.8805 	EXP 	New trial (rep=0, index=11): OrderedDict([('word', 'قرمز'), ('colour', 'green'), ('congruent', 0), ('corrAns', 'imgGreen')])
61.9238 	EXP 	targetTxt: autoDraw = False
61.9238 	EXP 	imgRed: autoDraw = False
61.9238 	EXP 	imgBlue: autoDraw = False
61.9238 	EXP 	imgGreen: autoDraw = False
61.9238 	EXP 	imgYellow: autoDraw = False
61.9238 	EXP 	targetTxt: color = 'green (named)'
61.9238 	EXP 	targetTxt: text = 'قرمز'
61.9238 	EXP 	imgRed: opacity = 1.0
61.9238 	EXP 	imgRed: pos = array([-1., -5.])
61.9238 	EXP 	imgRed: size = array([125., 125.])
61.9238 	EXP 	imgRed: ori = 0.0
61.9238 	EXP 	imgRed: image = 'Red.jpg'
61.9238 	EXP 	imgBlue: opacity = 1.0
61.9238 	EXP 	imgBlue: pos = array([ 0., -5.])
61.9238 	EXP 	imgBlue: size = array([125., 125.])
61.9238 	EXP 	imgBlue: ori = 1.0
61.9238 	EXP 	imgBlue: image = 'Blue.jpg'
61.9238 	EXP 	imgGreen: opacity = 1.0
61.9238 	EXP 	imgGreen: pos = array([ 1., -5.])
61.9238 	EXP 	imgGreen: size = array([125., 125.])
61.9238 	EXP 	imgGreen: ori = 2.0
61.9238 	EXP 	imgGreen: image = 'Green.jpg'
61.9238 	EXP 	imgYellow: opacity = 1.0
61.9238 	EXP 	imgYellow: pos = array([ 2., -5.])
61.9238 	EXP 	imgYellow: size = array([125., 125.])
61.9238 	EXP 	imgYellow: ori = 3.0
61.9238 	EXP 	imgYellow: image = 'Yellow.jpg'
61.9238 	EXP 	targetTxt: autoDraw = True
61.9238 	EXP 	imgRed: autoDraw = True
61.9238 	EXP 	imgBlue: autoDraw = True
61.9238 	EXP 	imgGreen: autoDraw = True
61.9238 	EXP 	imgYellow: autoDraw = True
61.9781 	DATA 	Mouse:  Left button up, pos=(963,529)
62.0906 	DATA 	Mouse: Left button down, pos=(963,529)
62.0974 	EXP 	New trial (rep=0, index=12): OrderedDict([('word', 'سبز'), ('colour', 'red'), ('congruent', 0), ('corrAns', 'imgRed')])
62.1404 	EXP 	targetTxt: autoDraw = False
62.1404 	EXP 	imgRed: autoDraw = False
62.1404 	EXP 	imgBlue: autoDraw = False
62.1404 	EXP 	imgGreen: autoDraw = False
62.1404 	EXP 	imgYellow: autoDraw = False
62.1404 	EXP 	targetTxt: color = 'red (named)'
62.1404 	EXP 	targetTxt: text = 'سبز'
62.1404 	EXP 	imgRed: opacity = 1.0
62.1404 	EXP 	imgRed: pos = array([-1., -5.])
62.1404 	EXP 	imgRed: size = array([125., 125.])
62.1404 	EXP 	imgRed: ori = 0.0
62.1404 	EXP 	imgRed: image = 'Red.jpg'
62.1404 	EXP 	imgBlue: opacity = 1.0
62.1404 	EXP 	imgBlue: pos = array([ 0., -5.])
62.1404 	EXP 	imgBlue: size = array([125., 125.])
62.1404 	EXP 	imgBlue: ori = 1.0
62.1404 	EXP 	imgBlue: image = 'Blue.jpg'
62.1404 	EXP 	imgGreen: opacity = 1.0
62.1404 	EXP 	imgGreen: pos = array([ 1., -5.])
62.1404 	EXP 	imgGreen: size = array([125., 125.])
62.1404 	EXP 	imgGreen: ori = 2.0
62.1404 	EXP 	imgGreen: image = 'Green.jpg'
62.1404 	EXP 	imgYellow: opacity = 1.0
62.1404 	EXP 	imgYellow: pos = array([ 2., -5.])
62.1404 	EXP 	imgYellow: size = array([125., 125.])
62.1404 	EXP 	imgYellow: ori = 3.0
62.1404 	EXP 	imgYellow: image = 'Yellow.jpg'
62.1404 	EXP 	targetTxt: autoDraw = True
62.1404 	EXP 	imgRed: autoDraw = True
62.1404 	EXP 	imgBlue: autoDraw = True
62.1404 	EXP 	imgGreen: autoDraw = True
62.1404 	EXP 	imgYellow: autoDraw = True
62.1909 	DATA 	Mouse:  Left button up, pos=(963,529)
62.3071 	DATA 	Mouse: Left button down, pos=(963,529)
62.3137 	EXP 	New trial (rep=0, index=13): OrderedDict([('word', 'زرد'), ('colour', 'red'), ('congruent', 0), ('corrAns', 'imgRed')])
62.3571 	EXP 	targetTxt: autoDraw = False
62.3571 	EXP 	imgRed: autoDraw = False
62.3571 	EXP 	imgBlue: autoDraw = False
62.3571 	EXP 	imgGreen: autoDraw = False
62.3571 	EXP 	imgYellow: autoDraw = False
62.3571 	EXP 	targetTxt: color = 'red (named)'
62.3571 	EXP 	targetTxt: text = 'زرد'
62.3571 	EXP 	imgRed: opacity = 1.0
62.3571 	EXP 	imgRed: pos = array([-1., -5.])
62.3571 	EXP 	imgRed: size = array([125., 125.])
62.3571 	EXP 	imgRed: ori = 0.0
62.3571 	EXP 	imgRed: image = 'Red.jpg'
62.3571 	EXP 	imgBlue: opacity = 1.0
62.3571 	EXP 	imgBlue: pos = array([ 0., -5.])
62.3571 	EXP 	imgBlue: size = array([125., 125.])
62.3571 	EXP 	imgBlue: ori = 1.0
62.3571 	EXP 	imgBlue: image = 'Blue.jpg'
62.3571 	EXP 	imgGreen: opacity = 1.0
62.3571 	EXP 	imgGreen: pos = array([ 1., -5.])
62.3571 	EXP 	imgGreen: size = array([125., 125.])
62.3571 	EXP 	imgGreen: ori = 2.0
62.3571 	EXP 	imgGreen: image = 'Green.jpg'
62.3571 	EXP 	imgYellow: opacity = 1.0
62.3571 	EXP 	imgYellow: pos = array([ 2., -5.])
62.3571 	EXP 	imgYellow: size = array([125., 125.])
62.3571 	EXP 	imgYellow: ori = 3.0
62.3571 	EXP 	imgYellow: image = 'Yellow.jpg'
62.3571 	EXP 	targetTxt: autoDraw = True
62.3571 	EXP 	imgRed: autoDraw = True
62.3571 	EXP 	imgBlue: autoDraw = True
62.3571 	EXP 	imgGreen: autoDraw = True
62.3571 	EXP 	imgYellow: autoDraw = True
62.4073 	DATA 	Mouse:  Left button up, pos=(963,529)
62.5075 	DATA 	Mouse: Left button down, pos=(963,529)
62.5138 	EXP 	New trial (rep=0, index=14): OrderedDict([('word', 'سبز'), ('colour', 'blue'), ('congruent', 0), ('corrAns', 'imgBlue')])
62.5561 	EXP 	targetTxt: autoDraw = False
62.5561 	EXP 	imgRed: autoDraw = False
62.5561 	EXP 	imgBlue: autoDraw = False
62.5561 	EXP 	imgGreen: autoDraw = False
62.5561 	EXP 	imgYellow: autoDraw = False
62.5561 	EXP 	targetTxt: color = 'blue (named)'
62.5561 	EXP 	targetTxt: text = 'سبز'
62.5561 	EXP 	imgRed: opacity = 1.0
62.5561 	EXP 	imgRed: pos = array([-1., -5.])
62.5561 	EXP 	imgRed: size = array([125., 125.])
62.5561 	EXP 	imgRed: ori = 0.0
62.5561 	EXP 	imgRed: image = 'Red.jpg'
62.5561 	EXP 	imgBlue: opacity = 1.0
62.5561 	EXP 	imgBlue: pos = array([ 0., -5.])
62.5561 	EXP 	imgBlue: size = array([125., 125.])
62.5561 	EXP 	imgBlue: ori = 1.0
62.5561 	EXP 	imgBlue: image = 'Blue.jpg'
62.5561 	EXP 	imgGreen: opacity = 1.0
62.5561 	EXP 	imgGreen: pos = array([ 1., -5.])
62.5561 	EXP 	imgGreen: size = array([125., 125.])
62.5561 	EXP 	imgGreen: ori = 2.0
62.5561 	EXP 	imgGreen: image = 'Green.jpg'
62.5561 	EXP 	imgYellow: opacity = 1.0
62.5561 	EXP 	imgYellow: pos = array([ 2., -5.])
62.5561 	EXP 	imgYellow: size = array([125., 125.])
62.5561 	EXP 	imgYellow: ori = 3.0
62.5561 	EXP 	imgYellow: image = 'Yellow.jpg'
62.5561 	EXP 	targetTxt: autoDraw = True
62.5561 	EXP 	imgRed: autoDraw = True
62.5561 	EXP 	imgBlue: autoDraw = True
62.5561 	EXP 	imgGreen: autoDraw = True
62.5561 	EXP 	imgYellow: autoDraw = True
62.6237 	DATA 	Mouse:  Left button up, pos=(963,529)
63.0401 	DATA 	Keypress: escape
63.3501 	EXP 	window1: mouseVisible = True
