0.5457 	WARNING 	We strongly recommend you activate the PTB sound engine in PsychoPy prefs as the preferred audio engine. Its timing is vastly superior. Your prefs are currently set to use ['sounddevice', 'PTB', 'pyo', 'pygame'] (in that order).
18.7616 	WARNING 	User requested fullscreen with size [1536  864], but screen is actually [1920, 1080]. Using actual size
19.7906 	EXP 	Created window1 = Window(allowGUI=False, allowStencil=False, args=UNKNOWN, autoLog=True, bitsMode=UNKNOWN, blendMode='avg', bpc=(8, 8, 8), color=array([0., 0., 0.]), colorSpace='rgb', depthBits=8, fullscr=<method-wrapper '__getattribute__' of attributeSetter object at 0x000001F2394DC400>, gamma=None, gammaErrorPolicy='raise', kwargs=UNKNOWN, lms=UNKNOWN, monitor=<psychopy.monitors.calibTools.Monitor object at 0x000001F239529C18>, multiSample=False, name='window1', numSamples=2, pos=[0.0, 0.0], screen=0, size=array([1920, 1080]), stencilBits=0, stereo=False, units='height', useFBO=True, useRetina=False, viewOri=0.0, viewPos=None, viewScale=None, waitBlanking=True, winType='pyglet')
19.7911 	EXP 	window1: mouseVisible = True
19.7912 	EXP 	window1: recordFrameIntervals = False
19.9562 	EXP 	window1: recordFrameIntervals = True
20.1395 	EXP 	window1: recordFrameIntervals = False
20.3985 	EXP 	Created instrTxt1 = TextStim(__class__=<class 'psychopy.visual.text.TextStim'>, alignHoriz=method-wrapper(...), alignText='center', alignVert=method-wrapper(...), anchorHoriz='center', anchorVert='center', antialias=True, autoLog=True, bold=False, color='white', colorSpace='named', contrast=1.0, depth=0.0, flipHoriz=False, flipVert=False, font='Arial', fontFiles=[], height=0.05, italic=False, languageStyle='Arabic', name='instrTxt1', opacity=1.0, ori=0, pos=array([0., 0.]), rgb=array([255., 255., 255.]), text=str(...), units='height', win=Window(...), wrapWidth=1)
20.4014 	EXP 	Created imgStart1 = ImageStim(__class__=<class 'psychopy.visual.image.ImageStim'>, autoLog=True, color=array([1., 1., 1.]), colorSpace='rgb', contrast=1.0, depth=-1.0, flipHoriz=False, flipVert=False, image='Start.jpg', interpolate=True, mask=None, maskParams=None, name='imgStart1', opacity=1.0, ori=0.0, pos=array([-1., -9.]), size=array([5., 5.]), texRes=128, units='deg', win=Window(...))
20.4015 	EXP 	window1: mouseVisible = True
20.4291 	EXP 	Created targetTxt = TextStim(__class__=<class 'psychopy.visual.text.TextStim'>, alignHoriz=method-wrapper(...), alignText='center', alignVert=method-wrapper(...), anchorHoriz='center', anchorVert='center', antialias=True, autoLog=True, bold=False, color='white', colorSpace='named', contrast=1.0, depth=0.0, flipHoriz=False, flipVert=False, font='Arial', fontFiles=[], height=0.1, italic=False, languageStyle='Arabic', name='targetTxt', opacity=1.0, ori=0, pos=array([0., 0.]), rgb=array([255., 255., 255.]), text='default text', units='height', win=Window(...), wrapWidth=1)
20.4307 	EXP 	Created imgRed = ImageStim(__class__=<class 'psychopy.visual.image.ImageStim'>, autoLog=True, color=array([1., 1., 1.]), colorSpace='rgb', contrast=1.0, depth=-1.0, flipHoriz=False, flipVert=False, image='sin', interpolate=True, mask=None, maskParams=None, name='imgRed', opacity=1.0, ori=1.0, pos=array([0., 0.]), size=array([1., 1.]), texRes=128, units='deg', win=Window(...))
20.4323 	EXP 	Created imgBlue = ImageStim(__class__=<class 'psychopy.visual.image.ImageStim'>, autoLog=True, color=array([1., 1., 1.]), colorSpace='rgb', contrast=1.0, depth=-2.0, flipHoriz=False, flipVert=False, image='sin', interpolate=True, mask=None, maskParams=None, name='imgBlue', opacity=1.0, ori=1.0, pos=array([0., 0.]), size=array([1., 1.]), texRes=128, units='deg', win=Window(...))
20.4338 	EXP 	Created imgGreen = ImageStim(__class__=<class 'psychopy.visual.image.ImageStim'>, autoLog=True, color=array([1., 1., 1.]), colorSpace='rgb', contrast=1.0, depth=-3.0, flipHoriz=False, flipVert=False, image='sin', interpolate=True, mask=None, maskParams=None, name='imgGreen', opacity=1.0, ori=1.0, pos=array([0., 0.]), size=array([1., 1.]), texRes=128, units='deg', win=Window(...))
20.4353 	EXP 	Created imgYellow = ImageStim(__class__=<class 'psychopy.visual.image.ImageStim'>, autoLog=True, color=array([1., 1., 1.]), colorSpace='rgb', contrast=1.0, depth=-4.0, flipHoriz=False, flipVert=False, image='sin', interpolate=True, mask=None, maskParams=None, name='imgYellow', opacity=1.0, ori=1.0, pos=array([0., 0.]), size=array([1., 1.]), texRes=128, units='deg', win=Window(...))
20.4354 	EXP 	window1: mouseVisible = True
20.4361 	EXP 	Created feedbackTxt = TextStim(__class__=<class 'psychopy.visual.text.TextStim'>, alignHoriz=method-wrapper(...), alignText='center', alignVert=method-wrapper(...), anchorHoriz='center', anchorVert='center', antialias=True, autoLog=True, bold=False, color=array([1., 1., 1.]), colorSpace='rgb', contrast=1.0, depth=-1.0, flipHoriz=False, flipVert=False, font='Arial', fontFiles=[], height=0.1, italic=False, languageStyle='Arabic', name='feedbackTxt', opacity=1.0, ori=0, pos=array([0., 0.]), rgb=array([1., 1., 1.]), text='', units='height', win=Window(...), wrapWidth=1)
20.4599 	EXP 	Created instrTxt = TextStim(__class__=<class 'psychopy.visual.text.TextStim'>, alignHoriz=method-wrapper(...), alignText='center', alignVert=method-wrapper(...), anchorHoriz='center', anchorVert='center', antialias=True, autoLog=True, bold=False, color=array([1., 1., 1.]), colorSpace='rgb', contrast=1.0, depth=0.0, flipHoriz=False, flipVert=False, font='Arial', fontFiles=[], height=0.05, italic=False, languageStyle='Arabic', name='instrTxt', opacity=1.0, ori=0, pos=array([0., 0.]), rgb=array([1., 1., 1.]), text=str(...), units='height', win=Window(...), wrapWidth=1)
20.4627 	EXP 	Created imgStart = ImageStim(__class__=<class 'psychopy.visual.image.ImageStim'>, autoLog=True, color=array([1., 1., 1.]), colorSpace='rgb', contrast=1.0, depth=-1.0, flipHoriz=False, flipVert=False, image='Start.jpg', interpolate=True, mask=None, maskParams=None, name='imgStart', opacity=1.0, ori=0.0, pos=array([-1., -9.]), size=array([5., 5.]), texRes=128, units='deg', win=Window(...))
20.4628 	EXP 	window1: mouseVisible = True
20.4680 	EXP 	Created targetTxt = TextStim(__class__=<class 'psychopy.visual.text.TextStim'>, alignHoriz=method-wrapper(...), alignText='center', alignVert=method-wrapper(...), anchorHoriz='center', anchorVert='center', antialias=True, autoLog=True, bold=False, color='white', colorSpace='named', contrast=1.0, depth=0.0, flipHoriz=False, flipVert=False, font='Arial', fontFiles=[], height=0.1, italic=False, languageStyle='Arabic', name='targetTxt', opacity=1.0, ori=0, pos=array([0., 0.]), rgb=array([255., 255., 255.]), text='default text', units='height', win=Window(...), wrapWidth=1)
20.4697 	EXP 	Created imgRed = ImageStim(__class__=<class 'psychopy.visual.image.ImageStim'>, autoLog=True, color=array([1., 1., 1.]), colorSpace='rgb', contrast=1.0, depth=-1.0, flipHoriz=False, flipVert=False, image='sin', interpolate=True, mask=None, maskParams=None, name='imgRed', opacity=1.0, ori=1.0, pos=array([0., 0.]), size=array([1., 1.]), texRes=128, units='deg', win=Window(...))
20.4714 	EXP 	Created imgBlue = ImageStim(__class__=<class 'psychopy.visual.image.ImageStim'>, autoLog=True, color=array([1., 1., 1.]), colorSpace='rgb', contrast=1.0, depth=-2.0, flipHoriz=False, flipVert=False, image='sin', interpolate=True, mask=None, maskParams=None, name='imgBlue', opacity=1.0, ori=1.0, pos=array([0., 0.]), size=array([1., 1.]), texRes=128, units='deg', win=Window(...))
20.4728 	EXP 	Created imgGreen = ImageStim(__class__=<class 'psychopy.visual.image.ImageStim'>, autoLog=True, color=array([1., 1., 1.]), colorSpace='rgb', contrast=1.0, depth=-3.0, flipHoriz=False, flipVert=False, image='sin', interpolate=True, mask=None, maskParams=None, name='imgGreen', opacity=1.0, ori=1.0, pos=array([0., 0.]), size=array([1., 1.]), texRes=128, units='deg', win=Window(...))
20.4744 	EXP 	Created imgYellow = ImageStim(__class__=<class 'psychopy.visual.image.ImageStim'>, autoLog=True, color=array([1., 1., 1.]), colorSpace='rgb', contrast=1.0, depth=-4.0, flipHoriz=False, flipVert=False, image='sin', interpolate=True, mask=None, maskParams=None, name='imgYellow', opacity=1.0, ori=1.0, pos=array([0., 0.]), size=array([1., 1.]), texRes=128, units='deg', win=Window(...))
20.4746 	EXP 	window1: mouseVisible = True
20.5095 	EXP 	Created thanksText = TextStim(__class__=<class 'psychopy.visual.text.TextStim'>, alignHoriz=method-wrapper(...), alignText='center', alignVert=method-wrapper(...), anchorHoriz='center', anchorVert='center', antialias=True, autoLog=True, bold=False, color=array([1., 1., 1.]), colorSpace='rgb', contrast=1.0, depth=0.0, flipHoriz=False, flipVert=False, font='Arial', fontFiles=[], height=0.1, italic=False, languageStyle='Arabic', name='thanksText', opacity=1.0, ori=0, pos=array([0., 0.]), rgb=array([1., 1., 1.]), text='ﻥﻮﻣﺯﺁ ﻥﺎﯾﺎﭘ\n\n!ﻢﯾﺭﺍﺰﮕﺳﺎﭙﺳ ﺭﺎﯿﺴﺑ ﺎﻤﺷ ﺯﺍ', units='height', win=Window(...), wrapWidth=1)
20.5553 	EXP 	instrTxt1: autoDraw = True
20.5553 	EXP 	imgStart1: autoDraw = True
23.0728 	DATA 	Mouse: Left button down, pos=(939,248)
23.1137 	EXP 	Imported practice.xlsx as conditions, 8 conditions, 4 params
23.1144 	EXP 	Created sequence: random, trialTypes=8, nReps=5, seed=None
23.1150 	EXP 	New trial (rep=0, index=0): OrderedDict([('word', 'آبی'), ('colour', 'blue'), ('congruent', 1), ('corrAns', 'imgBlue')])
23.1548 	EXP 	instrTxt1: autoDraw = False
23.1548 	EXP 	imgStart1: autoDraw = False
23.1548 	EXP 	targetTxt: color = 'blue (named)'
23.1548 	EXP 	targetTxt: text = 'آبی'
23.1548 	EXP 	imgRed: opacity = 1.0
23.1548 	EXP 	imgRed: pos = array([-1., -5.])
23.1548 	EXP 	imgRed: size = array([0.6, 0.6])
23.1548 	EXP 	imgRed: ori = 0.0
23.1548 	EXP 	imgRed: image = 'Red.jpg'
23.1548 	EXP 	imgBlue: opacity = 1.0
23.1548 	EXP 	imgBlue: pos = array([ 0., -5.])
23.1548 	EXP 	imgBlue: size = array([0.6, 0.6])
23.1548 	EXP 	imgBlue: ori = 1.0
23.1548 	EXP 	imgBlue: image = 'Blue.jpg'
23.1548 	EXP 	imgGreen: opacity = 1.0
23.1548 	EXP 	imgGreen: pos = array([ 1., -5.])
23.1548 	EXP 	imgGreen: size = array([0.6, 0.6])
23.1548 	EXP 	imgGreen: ori = 2.0
23.1548 	EXP 	imgGreen: image = 'Green.jpg'
23.1548 	EXP 	imgYellow: opacity = 1.0
23.1548 	EXP 	imgYellow: pos = array([ 2., -5.])
23.1548 	EXP 	imgYellow: size = array([0.6, 0.6])
23.1548 	EXP 	imgYellow: ori = 3.0
23.1548 	EXP 	imgYellow: image = 'Yellow.jpg'
23.1548 	EXP 	targetTxt: autoDraw = True
23.1548 	EXP 	imgRed: autoDraw = True
23.1548 	EXP 	imgBlue: autoDraw = True
23.1548 	EXP 	imgGreen: autoDraw = True
23.1548 	EXP 	imgYellow: autoDraw = True
23.2060 	DATA 	Mouse:  Left button up, pos=(940,249)
24.2616 	DATA 	Mouse: Left button down, pos=(960,369)
24.2880 	EXP 	targetTxt: autoDraw = False
24.2880 	EXP 	imgRed: autoDraw = False
24.2880 	EXP 	imgBlue: autoDraw = False
24.2880 	EXP 	imgGreen: autoDraw = False
24.2880 	EXP 	imgYellow: autoDraw = False
24.2880 	EXP 	feedbackTxt: autoDraw = True
24.2880 	EXP 	feedbackTxt: text = ''
24.3913 	DATA 	Mouse:  Left button up, pos=(962,370)
25.2745 	EXP 	New trial (rep=0, index=1): OrderedDict([('word', 'زرد'), ('colour', 'green'), ('congruent', 0), ('corrAns', 'imgGreen')])
25.3218 	EXP 	feedbackTxt: autoDraw = False
25.3218 	EXP 	feedbackTxt: autoDraw = False
25.3218 	EXP 	targetTxt: color = 'green (named)'
25.3218 	EXP 	targetTxt: text = 'زرد'
25.3218 	EXP 	imgRed: opacity = 1.0
25.3218 	EXP 	imgRed: pos = array([-1., -5.])
25.3218 	EXP 	imgRed: size = array([0.6, 0.6])
25.3218 	EXP 	imgRed: ori = 0.0
25.3218 	EXP 	imgRed: image = 'Red.jpg'
25.3218 	EXP 	imgBlue: opacity = 1.0
25.3218 	EXP 	imgBlue: pos = array([ 0., -5.])
25.3218 	EXP 	imgBlue: size = array([0.6, 0.6])
25.3218 	EXP 	imgBlue: ori = 1.0
25.3218 	EXP 	imgBlue: image = 'Blue.jpg'
25.3218 	EXP 	imgGreen: opacity = 1.0
25.3218 	EXP 	imgGreen: pos = array([ 1., -5.])
25.3218 	EXP 	imgGreen: size = array([0.6, 0.6])
25.3218 	EXP 	imgGreen: ori = 2.0
25.3218 	EXP 	imgGreen: image = 'Green.jpg'
25.3218 	EXP 	imgYellow: opacity = 1.0
25.3218 	EXP 	imgYellow: pos = array([ 2., -5.])
25.3218 	EXP 	imgYellow: size = array([0.6, 0.6])
25.3218 	EXP 	imgYellow: ori = 3.0
25.3218 	EXP 	imgYellow: image = 'Yellow.jpg'
25.3218 	EXP 	targetTxt: autoDraw = True
25.3218 	EXP 	imgRed: autoDraw = True
25.3218 	EXP 	imgBlue: autoDraw = True
25.3218 	EXP 	imgGreen: autoDraw = True
25.3218 	EXP 	imgYellow: autoDraw = True
26.9576 	DATA 	Mouse: Left button down, pos=(993,371)
26.9709 	EXP 	targetTxt: autoDraw = False
26.9709 	EXP 	imgRed: autoDraw = False
26.9709 	EXP 	imgBlue: autoDraw = False
26.9709 	EXP 	imgGreen: autoDraw = False
26.9709 	EXP 	imgYellow: autoDraw = False
26.9709 	EXP 	feedbackTxt: autoDraw = True
27.1077 	DATA 	Mouse:  Left button up, pos=(993,371)
27.9576 	EXP 	New trial (rep=0, index=2): OrderedDict([('word', 'آبی'), ('colour', 'red'), ('congruent', 0), ('corrAns', 'imgRed')])
28.0042 	EXP 	feedbackTxt: autoDraw = False
28.0042 	EXP 	feedbackTxt: autoDraw = False
28.0042 	EXP 	targetTxt: color = 'red (named)'
28.0042 	EXP 	targetTxt: text = 'آبی'
28.0042 	EXP 	imgRed: opacity = 1.0
28.0042 	EXP 	imgRed: pos = array([-1., -5.])
28.0042 	EXP 	imgRed: size = array([0.6, 0.6])
28.0042 	EXP 	imgRed: ori = 0.0
28.0042 	EXP 	imgRed: image = 'Red.jpg'
28.0042 	EXP 	imgBlue: opacity = 1.0
28.0042 	EXP 	imgBlue: pos = array([ 0., -5.])
28.0042 	EXP 	imgBlue: size = array([0.6, 0.6])
28.0042 	EXP 	imgBlue: ori = 1.0
28.0042 	EXP 	imgBlue: image = 'Blue.jpg'
28.0042 	EXP 	imgGreen: opacity = 1.0
28.0042 	EXP 	imgGreen: pos = array([ 1., -5.])
28.0042 	EXP 	imgGreen: size = array([0.6, 0.6])
28.0042 	EXP 	imgGreen: ori = 2.0
28.0042 	EXP 	imgGreen: image = 'Green.jpg'
28.0042 	EXP 	imgYellow: opacity = 1.0
28.0042 	EXP 	imgYellow: pos = array([ 2., -5.])
28.0042 	EXP 	imgYellow: size = array([0.6, 0.6])
28.0042 	EXP 	imgYellow: ori = 3.0
28.0042 	EXP 	imgYellow: image = 'Yellow.jpg'
28.0042 	EXP 	targetTxt: autoDraw = True
28.0042 	EXP 	imgRed: autoDraw = True
28.0042 	EXP 	imgBlue: autoDraw = True
28.0042 	EXP 	imgGreen: autoDraw = True
28.0042 	EXP 	imgYellow: autoDraw = True
29.4217 	DATA 	Mouse: Left button down, pos=(956,365)
29.4372 	EXP 	targetTxt: autoDraw = False
29.4372 	EXP 	imgRed: autoDraw = False
29.4372 	EXP 	imgBlue: autoDraw = False
29.4372 	EXP 	imgGreen: autoDraw = False
29.4372 	EXP 	imgYellow: autoDraw = False
29.4372 	EXP 	feedbackTxt: autoDraw = True
29.5746 	DATA 	Mouse:  Left button up, pos=(958,365)
30.4233 	EXP 	New trial (rep=0, index=3): OrderedDict([('word', 'زرد'), ('colour', 'yellow'), ('congruent', 1), ('corrAns', 'imgYellow')])
30.4536 	EXP 	feedbackTxt: autoDraw = False
30.4536 	EXP 	feedbackTxt: autoDraw = False
30.4536 	EXP 	targetTxt: color = 'yellow (named)'
30.4536 	EXP 	targetTxt: text = 'زرد'
30.4536 	EXP 	imgRed: opacity = 1.0
30.4536 	EXP 	imgRed: pos = array([-1., -5.])
30.4536 	EXP 	imgRed: size = array([0.6, 0.6])
30.4536 	EXP 	imgRed: ori = 0.0
30.4536 	EXP 	imgRed: image = 'Red.jpg'
30.4536 	EXP 	imgBlue: opacity = 1.0
30.4536 	EXP 	imgBlue: pos = array([ 0., -5.])
30.4536 	EXP 	imgBlue: size = array([0.6, 0.6])
30.4536 	EXP 	imgBlue: ori = 1.0
30.4536 	EXP 	imgBlue: image = 'Blue.jpg'
30.4536 	EXP 	imgGreen: opacity = 1.0
30.4536 	EXP 	imgGreen: pos = array([ 1., -5.])
30.4536 	EXP 	imgGreen: size = array([0.6, 0.6])
30.4536 	EXP 	imgGreen: ori = 2.0
30.4536 	EXP 	imgGreen: image = 'Green.jpg'
30.4536 	EXP 	imgYellow: opacity = 1.0
30.4536 	EXP 	imgYellow: pos = array([ 2., -5.])
30.4536 	EXP 	imgYellow: size = array([0.6, 0.6])
30.4536 	EXP 	imgYellow: ori = 3.0
30.4536 	EXP 	imgYellow: image = 'Yellow.jpg'
30.4536 	EXP 	targetTxt: autoDraw = True
30.4536 	EXP 	imgRed: autoDraw = True
30.4536 	EXP 	imgBlue: autoDraw = True
30.4536 	EXP 	imgGreen: autoDraw = True
30.4536 	EXP 	imgYellow: autoDraw = True
30.8724 	DATA 	Keypress: quoteleft
31.9386 	DATA 	Keypress: escape
32.3280 	EXP 	window1: mouseVisible = True
