1.1873 	WARNING 	We strongly recommend you activate the PTB sound engine in PsychoPy prefs as the preferred audio engine. Its timing is vastly superior. Your prefs are currently set to use ['sounddevice', 'PTB', 'pyo', 'pygame'] (in that order).
51.9263 	WARNING 	User requested fullscreen with size [1536  864], but screen is actually [1920, 1080]. Using actual size
56.1920 	EXP 	Created window1 = Window(allowGUI=False, allowStencil=False, args=UNKNOWN, autoLog=True, bitsMode=UNKNOWN, blendMode='avg', bpc=(8, 8, 8), color=array([0., 0., 0.]), colorSpace='rgb', depthBits=8, fullscr=<method-wrapper '__getattribute__' of attributeSetter object at 0x000001E2A518A7F0>, gamma=None, gammaErrorPolicy='raise', kwargs=UNKNOWN, lms=UNKNOWN, monitor=<psychopy.monitors.calibTools.Monitor object at 0x000001E2A51DD048>, multiSample=False, name='window1', numSamples=2, pos=[0.0, 0.0], screen=0, size=array([1920, 1080]), stencilBits=0, stereo=False, units='height', useFBO=True, useRetina=False, viewOri=0.0, viewPos=None, viewScale=None, waitBlanking=True, winType='pyglet')
56.1929 	EXP 	window1: mouseVisible = True
56.1929 	EXP 	window1: recordFrameIntervals = False
56.3571 	EXP 	window1: recordFrameIntervals = True
56.5391 	EXP 	window1: recordFrameIntervals = False
57.9266 	EXP 	Created instrTxt1 = TextStim(__class__=<class 'psychopy.visual.text.TextStim'>, alignHoriz=method-wrapper(...), alignText='center', alignVert=method-wrapper(...), anchorHoriz='center', anchorVert='center', antialias=True, autoLog=True, bold=False, color='white', colorSpace='named', contrast=1.0, depth=0.0, flipHoriz=False, flipVert=False, font='Arial', fontFiles=[], height=0.05, italic=False, languageStyle='Arabic', name='instrTxt1', opacity=1.0, ori=0, pos=array([0., 0.]), rgb=array([255., 255., 255.]), text=str(...), units='height', win=Window(...), wrapWidth=1)
57.9456 	EXP 	Created imgStart1 = ImageStim(__class__=<class 'psychopy.visual.image.ImageStim'>, autoLog=True, color=array([1., 1., 1.]), colorSpace='rgb', contrast=1.0, depth=-1.0, flipHoriz=False, flipVert=False, image='Start.jpg', interpolate=True, mask=None, maskParams=None, name='imgStart1', opacity=1.0, ori=0.0, pos=array([   0., -310.]), size=array([125., 125.]), texRes=128, units='pix', win=Window(...))
57.9457 	EXP 	window1: mouseVisible = True
57.9967 	EXP 	Created targetTxt = TextStim(__class__=<class 'psychopy.visual.text.TextStim'>, alignHoriz=method-wrapper(...), alignText='center', alignVert=method-wrapper(...), anchorHoriz='center', anchorVert='center', antialias=True, autoLog=True, bold=False, color='white', colorSpace='named', contrast=1.0, depth=0.0, flipHoriz=False, flipVert=False, font='Arial', fontFiles=[], height=0.1, italic=False, languageStyle='Arabic', name='targetTxt', opacity=1.0, ori=0, pos=array([0., 0.]), rgb=array([255., 255., 255.]), text='default text', units='height', win=Window(...), wrapWidth=1)
58.0004 	EXP 	Created imgRed = ImageStim(__class__=<class 'psychopy.visual.image.ImageStim'>, autoLog=True, color=array([1., 1., 1.]), colorSpace='rgb', contrast=1.0, depth=-1.0, flipHoriz=False, flipVert=False, image='sin', interpolate=True, mask=None, maskParams=None, name='imgRed', opacity=1.0, ori=1.0, pos=array([0., 0.]), size=array([1., 1.]), texRes=128, units='pix', win=Window(...))
58.0034 	EXP 	Created imgBlue = ImageStim(__class__=<class 'psychopy.visual.image.ImageStim'>, autoLog=True, color=array([1., 1., 1.]), colorSpace='rgb', contrast=1.0, depth=-2.0, flipHoriz=False, flipVert=False, image='sin', interpolate=True, mask=None, maskParams=None, name='imgBlue', opacity=1.0, ori=1.0, pos=array([0., 0.]), size=array([1., 1.]), texRes=128, units='pix', win=Window(...))
58.0069 	EXP 	Created imgGreen = ImageStim(__class__=<class 'psychopy.visual.image.ImageStim'>, autoLog=True, color=array([1., 1., 1.]), colorSpace='rgb', contrast=1.0, depth=-3.0, flipHoriz=False, flipVert=False, image='sin', interpolate=True, mask=None, maskParams=None, name='imgGreen', opacity=1.0, ori=1.0, pos=array([0., 0.]), size=array([1., 1.]), texRes=128, units='pix', win=Window(...))
58.0097 	EXP 	Created imgYellow = ImageStim(__class__=<class 'psychopy.visual.image.ImageStim'>, autoLog=True, color=array([1., 1., 1.]), colorSpace='rgb', contrast=1.0, depth=-4.0, flipHoriz=False, flipVert=False, image='sin', interpolate=True, mask=None, maskParams=None, name='imgYellow', opacity=1.0, ori=1.0, pos=array([0., 0.]), size=array([1., 1.]), texRes=128, units='pix', win=Window(...))
58.0098 	EXP 	window1: mouseVisible = True
58.0182 	EXP 	Created feedbackTxt = TextStim(__class__=<class 'psychopy.visual.text.TextStim'>, alignHoriz=method-wrapper(...), alignText='center', alignVert=method-wrapper(...), anchorHoriz='center', anchorVert='center', antialias=True, autoLog=True, bold=False, color=array([1., 1., 1.]), colorSpace='rgb', contrast=1.0, depth=-1.0, flipHoriz=False, flipVert=False, font='Arial', fontFiles=[], height=0.1, italic=False, languageStyle='Arabic', name='feedbackTxt', opacity=1.0, ori=0, pos=array([0., 0.]), rgb=array([1., 1., 1.]), text='default text', units='height', win=Window(...), wrapWidth=1)
58.0618 	EXP 	Created instrTxt = TextStim(__class__=<class 'psychopy.visual.text.TextStim'>, alignHoriz=method-wrapper(...), alignText='center', alignVert=method-wrapper(...), anchorHoriz='center', anchorVert='center', antialias=True, autoLog=True, bold=False, color=array([1., 1., 1.]), colorSpace='rgb', contrast=1.0, depth=0.0, flipHoriz=False, flipVert=False, font='Arial', fontFiles=[], height=0.05, italic=False, languageStyle='Arabic', name='instrTxt', opacity=1.0, ori=0, pos=array([0., 0.]), rgb=array([1., 1., 1.]), text=str(...), units='height', win=Window(...), wrapWidth=1)
58.0645 	EXP 	Created imgStart = ImageStim(__class__=<class 'psychopy.visual.image.ImageStim'>, autoLog=True, color=array([1., 1., 1.]), colorSpace='rgb', contrast=1.0, depth=-1.0, flipHoriz=False, flipVert=False, image='Start.jpg', interpolate=True, mask=None, maskParams=None, name='imgStart', opacity=1.0, ori=0.0, pos=array([   0., -310.]), size=array([125., 125.]), texRes=128, units='pix', win=Window(...))
58.0646 	EXP 	window1: mouseVisible = True
58.0721 	EXP 	Created targetTxt = TextStim(__class__=<class 'psychopy.visual.text.TextStim'>, alignHoriz=method-wrapper(...), alignText='center', alignVert=method-wrapper(...), anchorHoriz='center', anchorVert='center', antialias=True, autoLog=True, bold=False, color='white', colorSpace='named', contrast=1.0, depth=0.0, flipHoriz=False, flipVert=False, font='Arial', fontFiles=[], height=0.1, italic=False, languageStyle='Arabic', name='targetTxt', opacity=1.0, ori=0, pos=array([0., 0.]), rgb=array([255., 255., 255.]), text='default text', units='height', win=Window(...), wrapWidth=1)
58.0743 	EXP 	Created imgRed = ImageStim(__class__=<class 'psychopy.visual.image.ImageStim'>, autoLog=True, color=array([1., 1., 1.]), colorSpace='rgb', contrast=1.0, depth=-1.0, flipHoriz=False, flipVert=False, image='sin', interpolate=True, mask=None, maskParams=None, name='imgRed', opacity=1.0, ori=1.0, pos=array([0., 0.]), size=array([1., 1.]), texRes=128, units='pix', win=Window(...))
58.0765 	EXP 	Created imgBlue = ImageStim(__class__=<class 'psychopy.visual.image.ImageStim'>, autoLog=True, color=array([1., 1., 1.]), colorSpace='rgb', contrast=1.0, depth=-2.0, flipHoriz=False, flipVert=False, image='sin', interpolate=True, mask=None, maskParams=None, name='imgBlue', opacity=1.0, ori=1.0, pos=array([0., 0.]), size=array([1., 1.]), texRes=128, units='pix', win=Window(...))
58.0791 	EXP 	Created imgGreen = ImageStim(__class__=<class 'psychopy.visual.image.ImageStim'>, autoLog=True, color=array([1., 1., 1.]), colorSpace='rgb', contrast=1.0, depth=-3.0, flipHoriz=False, flipVert=False, image='sin', interpolate=True, mask=None, maskParams=None, name='imgGreen', opacity=1.0, ori=1.0, pos=array([0., 0.]), size=array([1., 1.]), texRes=128, units='pix', win=Window(...))
58.0826 	EXP 	Created imgYellow = ImageStim(__class__=<class 'psychopy.visual.image.ImageStim'>, autoLog=True, color=array([1., 1., 1.]), colorSpace='rgb', contrast=1.0, depth=-4.0, flipHoriz=False, flipVert=False, image='sin', interpolate=True, mask=None, maskParams=None, name='imgYellow', opacity=1.0, ori=1.0, pos=array([0., 0.]), size=array([1., 1.]), texRes=128, units='pix', win=Window(...))
58.0830 	EXP 	window1: mouseVisible = True
58.1464 	EXP 	Created thanksText = TextStim(__class__=<class 'psychopy.visual.text.TextStim'>, alignHoriz=method-wrapper(...), alignText='center', alignVert=method-wrapper(...), anchorHoriz='center', anchorVert='center', antialias=True, autoLog=True, bold=False, color=array([1., 1., 1.]), colorSpace='rgb', contrast=1.0, depth=0.0, flipHoriz=False, flipVert=False, font='Arial', fontFiles=[], height=0.1, italic=False, languageStyle='Arabic', name='thanksText', opacity=1.0, ori=0, pos=array([0., 0.]), rgb=array([1., 1., 1.]), text='ﻥﻮﻣﺯﺁ ﻥﺎﯾﺎﭘ\n\n!ﻢﯾﺭﺍﺰﮕﺳﺎﭙﺳ ﺭﺎﯿﺴﺑ ﺎﻤﺷ ﺯﺍ', units='height', win=Window(...), wrapWidth=1)
58.2061 	EXP 	instrTxt1: autoDraw = True
58.2061 	EXP 	imgStart1: autoDraw = True
59.0289 	DATA 	Mouse: Left button down, pos=(941,248)
59.0914 	EXP 	Imported practice.xlsx as conditions, 8 conditions, 4 params
59.0941 	EXP 	Created sequence: random, trialTypes=8, nReps=1, seed=None
59.0947 	EXP 	New trial (rep=0, index=0): OrderedDict([('word', 'زرد'), ('colour', 'green'), ('congruent', 0), ('corrAns', 'imgGreen')])
59.1382 	EXP 	instrTxt1: autoDraw = False
59.1382 	EXP 	imgStart1: autoDraw = False
59.1382 	EXP 	targetTxt: color = 'green (named)'
59.1382 	EXP 	targetTxt: text = 'زرد'
59.1382 	EXP 	imgRed: opacity = 1.0
59.1382 	EXP 	imgRed: pos = array([-250., -200.])
59.1382 	EXP 	imgRed: size = array([125., 125.])
59.1382 	EXP 	imgRed: ori = 0.0
59.1382 	EXP 	imgRed: image = 'Red.jpg'
59.1382 	EXP 	imgBlue: opacity = 1.0
59.1382 	EXP 	imgBlue: pos = array([-100., -200.])
59.1382 	EXP 	imgBlue: size = array([125., 125.])
59.1382 	EXP 	imgBlue: ori = 1.0
59.1382 	EXP 	imgBlue: image = 'Blue.jpg'
59.1382 	EXP 	imgGreen: opacity = 1.0
59.1382 	EXP 	imgGreen: pos = array([  50., -200.])
59.1382 	EXP 	imgGreen: size = array([125., 125.])
59.1382 	EXP 	imgGreen: ori = 2.0
59.1382 	EXP 	imgGreen: image = 'Green.jpg'
59.1382 	EXP 	imgYellow: opacity = 1.0
59.1382 	EXP 	imgYellow: pos = array([ 200., -200.])
59.1382 	EXP 	imgYellow: size = array([125., 125.])
59.1382 	EXP 	imgYellow: ori = 3.0
59.1382 	EXP 	imgYellow: image = 'Yellow.jpg'
59.1382 	EXP 	targetTxt: autoDraw = True
59.1382 	EXP 	imgRed: autoDraw = True
59.1382 	EXP 	imgBlue: autoDraw = True
59.1382 	EXP 	imgGreen: autoDraw = True
59.1382 	EXP 	imgYellow: autoDraw = True
59.1724 	DATA 	Mouse:  Left button up, pos=(941,248)
60.0394 	DATA 	Mouse: Left button down, pos=(994,326)
60.1048 	EXP 	targetTxt: autoDraw = False
60.1048 	EXP 	imgRed: autoDraw = False
60.1048 	EXP 	imgBlue: autoDraw = False
60.1048 	EXP 	imgGreen: autoDraw = False
60.1048 	EXP 	imgYellow: autoDraw = False
60.1048 	EXP 	feedbackTxt: text = 'آفرین, زمان=0.922'
60.1048 	EXP 	feedbackTxt: autoDraw = True
60.1754 	DATA 	Mouse:  Left button up, pos=(994,326)
61.0913 	EXP 	New trial (rep=0, index=1): OrderedDict([('word', 'قرمز'), ('colour', 'red'), ('congruent', 1), ('corrAns', 'imgRed')])
61.1383 	EXP 	feedbackTxt: autoDraw = False
61.1383 	EXP 	feedbackTxt: autoDraw = False
61.1383 	EXP 	targetTxt: color = 'red (named)'
61.1383 	EXP 	targetTxt: text = 'قرمز'
61.1383 	EXP 	imgRed: opacity = 1.0
61.1383 	EXP 	imgRed: pos = array([-250., -200.])
61.1383 	EXP 	imgRed: size = array([125., 125.])
61.1383 	EXP 	imgRed: ori = 0.0
61.1383 	EXP 	imgRed: image = 'Red.jpg'
61.1383 	EXP 	imgBlue: opacity = 1.0
61.1383 	EXP 	imgBlue: pos = array([-100., -200.])
61.1383 	EXP 	imgBlue: size = array([125., 125.])
61.1383 	EXP 	imgBlue: ori = 1.0
61.1383 	EXP 	imgBlue: image = 'Blue.jpg'
61.1383 	EXP 	imgGreen: opacity = 1.0
61.1383 	EXP 	imgGreen: pos = array([  50., -200.])
61.1383 	EXP 	imgGreen: size = array([125., 125.])
61.1383 	EXP 	imgGreen: ori = 2.0
61.1383 	EXP 	imgGreen: image = 'Green.jpg'
61.1383 	EXP 	imgYellow: opacity = 1.0
61.1383 	EXP 	imgYellow: pos = array([ 200., -200.])
61.1383 	EXP 	imgYellow: size = array([125., 125.])
61.1383 	EXP 	imgYellow: ori = 3.0
61.1383 	EXP 	imgYellow: image = 'Yellow.jpg'
61.1383 	EXP 	targetTxt: autoDraw = True
61.1383 	EXP 	imgRed: autoDraw = True
61.1383 	EXP 	imgBlue: autoDraw = True
61.1383 	EXP 	imgGreen: autoDraw = True
61.1383 	EXP 	imgYellow: autoDraw = True
61.4229 	DATA 	Mouse: Left button down, pos=(994,326)
61.4717 	EXP 	targetTxt: autoDraw = False
61.4717 	EXP 	imgRed: autoDraw = False
61.4717 	EXP 	imgBlue: autoDraw = False
61.4717 	EXP 	imgGreen: autoDraw = False
61.4717 	EXP 	imgYellow: autoDraw = False
61.4717 	EXP 	feedbackTxt: text = 'وای! دقت لطفا!'
61.4717 	EXP 	feedbackTxt: autoDraw = True
61.5586 	DATA 	Mouse:  Left button up, pos=(994,326)
62.4581 	EXP 	New trial (rep=0, index=2): OrderedDict([('word', 'آبی'), ('colour', 'blue'), ('congruent', 1), ('corrAns', 'imgBlue')])
62.5044 	EXP 	feedbackTxt: autoDraw = False
62.5044 	EXP 	feedbackTxt: autoDraw = False
62.5044 	EXP 	targetTxt: color = 'blue (named)'
62.5044 	EXP 	targetTxt: text = 'آبی'
62.5044 	EXP 	imgRed: opacity = 1.0
62.5044 	EXP 	imgRed: pos = array([-250., -200.])
62.5044 	EXP 	imgRed: size = array([125., 125.])
62.5044 	EXP 	imgRed: ori = 0.0
62.5044 	EXP 	imgRed: image = 'Red.jpg'
62.5044 	EXP 	imgBlue: opacity = 1.0
62.5044 	EXP 	imgBlue: pos = array([-100., -200.])
62.5044 	EXP 	imgBlue: size = array([125., 125.])
62.5044 	EXP 	imgBlue: ori = 1.0
62.5044 	EXP 	imgBlue: image = 'Blue.jpg'
62.5044 	EXP 	imgGreen: opacity = 1.0
62.5044 	EXP 	imgGreen: pos = array([  50., -200.])
62.5044 	EXP 	imgGreen: size = array([125., 125.])
62.5044 	EXP 	imgGreen: ori = 2.0
62.5044 	EXP 	imgGreen: image = 'Green.jpg'
62.5044 	EXP 	imgYellow: opacity = 1.0
62.5044 	EXP 	imgYellow: pos = array([ 200., -200.])
62.5044 	EXP 	imgYellow: size = array([125., 125.])
62.5044 	EXP 	imgYellow: ori = 3.0
62.5044 	EXP 	imgYellow: image = 'Yellow.jpg'
62.5044 	EXP 	targetTxt: autoDraw = True
62.5044 	EXP 	imgRed: autoDraw = True
62.5044 	EXP 	imgBlue: autoDraw = True
62.5044 	EXP 	imgGreen: autoDraw = True
62.5044 	EXP 	imgYellow: autoDraw = True
63.4214 	DATA 	Mouse: Left button down, pos=(895,326)
63.4539 	EXP 	targetTxt: autoDraw = False
63.4539 	EXP 	imgRed: autoDraw = False
63.4539 	EXP 	imgBlue: autoDraw = False
63.4539 	EXP 	imgGreen: autoDraw = False
63.4539 	EXP 	imgYellow: autoDraw = False
63.4539 	EXP 	feedbackTxt: text = 'آفرین, زمان=0.942'
63.4539 	EXP 	feedbackTxt: autoDraw = True
63.5918 	DATA 	Mouse:  Left button up, pos=(895,326)
64.4401 	EXP 	New trial (rep=0, index=3): OrderedDict([('word', 'قرمز'), ('colour', 'blue'), ('congruent', 0), ('corrAns', 'imgBlue')])
64.4872 	EXP 	feedbackTxt: autoDraw = False
64.4872 	EXP 	feedbackTxt: autoDraw = False
64.4872 	EXP 	targetTxt: color = 'blue (named)'
64.4872 	EXP 	targetTxt: text = 'قرمز'
64.4872 	EXP 	imgRed: opacity = 1.0
64.4872 	EXP 	imgRed: pos = array([-250., -200.])
64.4872 	EXP 	imgRed: size = array([125., 125.])
64.4872 	EXP 	imgRed: ori = 0.0
64.4872 	EXP 	imgRed: image = 'Red.jpg'
64.4872 	EXP 	imgBlue: opacity = 1.0
64.4872 	EXP 	imgBlue: pos = array([-100., -200.])
64.4872 	EXP 	imgBlue: size = array([125., 125.])
64.4872 	EXP 	imgBlue: ori = 1.0
64.4872 	EXP 	imgBlue: image = 'Blue.jpg'
64.4872 	EXP 	imgGreen: opacity = 1.0
64.4872 	EXP 	imgGreen: pos = array([  50., -200.])
64.4872 	EXP 	imgGreen: size = array([125., 125.])
64.4872 	EXP 	imgGreen: ori = 2.0
64.4872 	EXP 	imgGreen: image = 'Green.jpg'
64.4872 	EXP 	imgYellow: opacity = 1.0
64.4872 	EXP 	imgYellow: pos = array([ 200., -200.])
64.4872 	EXP 	imgYellow: size = array([125., 125.])
64.4872 	EXP 	imgYellow: ori = 3.0
64.4872 	EXP 	imgYellow: image = 'Yellow.jpg'
64.4872 	EXP 	targetTxt: autoDraw = True
64.4872 	EXP 	imgRed: autoDraw = True
64.4872 	EXP 	imgBlue: autoDraw = True
64.4872 	EXP 	imgGreen: autoDraw = True
64.4872 	EXP 	imgYellow: autoDraw = True
65.0547 	DATA 	Mouse: Left button down, pos=(895,326)
65.0871 	EXP 	targetTxt: autoDraw = False
65.0871 	EXP 	imgRed: autoDraw = False
65.0871 	EXP 	imgBlue: autoDraw = False
65.0871 	EXP 	imgGreen: autoDraw = False
65.0871 	EXP 	imgYellow: autoDraw = False
65.0871 	EXP 	feedbackTxt: text = 'آفرین, زمان=0.594'
65.0871 	EXP 	feedbackTxt: autoDraw = True
65.1917 	DATA 	Mouse:  Left button up, pos=(895,326)
66.0731 	EXP 	New trial (rep=0, index=4): OrderedDict([('word', 'زرد'), ('colour', 'yellow'), ('congruent', 1), ('corrAns', 'imgYellow')])
66.1036 	EXP 	feedbackTxt: autoDraw = False
66.1036 	EXP 	feedbackTxt: autoDraw = False
66.1036 	EXP 	targetTxt: color = 'yellow (named)'
66.1036 	EXP 	targetTxt: text = 'زرد'
66.1036 	EXP 	imgRed: opacity = 1.0
66.1036 	EXP 	imgRed: pos = array([-250., -200.])
66.1036 	EXP 	imgRed: size = array([125., 125.])
66.1036 	EXP 	imgRed: ori = 0.0
66.1036 	EXP 	imgRed: image = 'Red.jpg'
66.1036 	EXP 	imgBlue: opacity = 1.0
66.1036 	EXP 	imgBlue: pos = array([-100., -200.])
66.1036 	EXP 	imgBlue: size = array([125., 125.])
66.1036 	EXP 	imgBlue: ori = 1.0
66.1036 	EXP 	imgBlue: image = 'Blue.jpg'
66.1036 	EXP 	imgGreen: opacity = 1.0
66.1036 	EXP 	imgGreen: pos = array([  50., -200.])
66.1036 	EXP 	imgGreen: size = array([125., 125.])
66.1036 	EXP 	imgGreen: ori = 2.0
66.1036 	EXP 	imgGreen: image = 'Green.jpg'
66.1036 	EXP 	imgYellow: opacity = 1.0
66.1036 	EXP 	imgYellow: pos = array([ 200., -200.])
66.1036 	EXP 	imgYellow: size = array([125., 125.])
66.1036 	EXP 	imgYellow: ori = 3.0
66.1036 	EXP 	imgYellow: image = 'Yellow.jpg'
66.1036 	EXP 	targetTxt: autoDraw = True
66.1036 	EXP 	imgRed: autoDraw = True
66.1036 	EXP 	imgBlue: autoDraw = True
66.1036 	EXP 	imgGreen: autoDraw = True
66.1036 	EXP 	imgYellow: autoDraw = True
67.1221 	DATA 	Mouse: Left button down, pos=(1155,322)
67.1538 	EXP 	targetTxt: autoDraw = False
67.1538 	EXP 	imgRed: autoDraw = False
67.1538 	EXP 	imgBlue: autoDraw = False
67.1538 	EXP 	imgGreen: autoDraw = False
67.1538 	EXP 	imgYellow: autoDraw = False
67.1538 	EXP 	feedbackTxt: text = 'آفرین, زمان=1.031'
67.1538 	EXP 	feedbackTxt: autoDraw = True
67.3065 	DATA 	Mouse:  Left button up, pos=(1156,322)
68.1389 	EXP 	New trial (rep=0, index=5): OrderedDict([('word', 'آبی'), ('colour', 'red'), ('congruent', 0), ('corrAns', 'imgRed')])
68.1873 	EXP 	feedbackTxt: autoDraw = False
68.1873 	EXP 	feedbackTxt: autoDraw = False
68.1873 	EXP 	targetTxt: color = 'red (named)'
68.1873 	EXP 	targetTxt: text = 'آبی'
68.1873 	EXP 	imgRed: opacity = 1.0
68.1873 	EXP 	imgRed: pos = array([-250., -200.])
68.1873 	EXP 	imgRed: size = array([125., 125.])
68.1873 	EXP 	imgRed: ori = 0.0
68.1873 	EXP 	imgRed: image = 'Red.jpg'
68.1873 	EXP 	imgBlue: opacity = 1.0
68.1873 	EXP 	imgBlue: pos = array([-100., -200.])
68.1873 	EXP 	imgBlue: size = array([125., 125.])
68.1873 	EXP 	imgBlue: ori = 1.0
68.1873 	EXP 	imgBlue: image = 'Blue.jpg'
68.1873 	EXP 	imgGreen: opacity = 1.0
68.1873 	EXP 	imgGreen: pos = array([  50., -200.])
68.1873 	EXP 	imgGreen: size = array([125., 125.])
68.1873 	EXP 	imgGreen: ori = 2.0
68.1873 	EXP 	imgGreen: image = 'Green.jpg'
68.1873 	EXP 	imgYellow: opacity = 1.0
68.1873 	EXP 	imgYellow: pos = array([ 200., -200.])
68.1873 	EXP 	imgYellow: size = array([125., 125.])
68.1873 	EXP 	imgYellow: ori = 3.0
68.1873 	EXP 	imgYellow: image = 'Yellow.jpg'
68.1873 	EXP 	targetTxt: autoDraw = True
68.1873 	EXP 	imgRed: autoDraw = True
68.1873 	EXP 	imgBlue: autoDraw = True
68.1873 	EXP 	imgGreen: autoDraw = True
68.1873 	EXP 	imgYellow: autoDraw = True
69.4042 	DATA 	Mouse: Left button down, pos=(869,318)
69.4537 	EXP 	targetTxt: autoDraw = False
69.4537 	EXP 	imgRed: autoDraw = False
69.4537 	EXP 	imgBlue: autoDraw = False
69.4537 	EXP 	imgGreen: autoDraw = False
69.4537 	EXP 	imgYellow: autoDraw = False
69.4537 	EXP 	feedbackTxt: text = 'وای! دقت لطفا!'
69.4537 	EXP 	feedbackTxt: autoDraw = True
69.5408 	DATA 	Mouse:  Left button up, pos=(869,318)
70.4562 	EXP 	New trial (rep=0, index=6): OrderedDict([('word', 'سبز'), ('colour', 'yellow'), ('congruent', 0), ('corrAns', 'imgYellow')])
70.5028 	EXP 	feedbackTxt: autoDraw = False
70.5028 	EXP 	feedbackTxt: autoDraw = False
70.5028 	EXP 	targetTxt: color = 'yellow (named)'
70.5028 	EXP 	targetTxt: text = 'سبز'
70.5028 	EXP 	imgRed: opacity = 1.0
70.5028 	EXP 	imgRed: pos = array([-250., -200.])
70.5028 	EXP 	imgRed: size = array([125., 125.])
70.5028 	EXP 	imgRed: ori = 0.0
70.5028 	EXP 	imgRed: image = 'Red.jpg'
70.5028 	EXP 	imgBlue: opacity = 1.0
70.5028 	EXP 	imgBlue: pos = array([-100., -200.])
70.5028 	EXP 	imgBlue: size = array([125., 125.])
70.5028 	EXP 	imgBlue: ori = 1.0
70.5028 	EXP 	imgBlue: image = 'Blue.jpg'
70.5028 	EXP 	imgGreen: opacity = 1.0
70.5028 	EXP 	imgGreen: pos = array([  50., -200.])
70.5028 	EXP 	imgGreen: size = array([125., 125.])
70.5028 	EXP 	imgGreen: ori = 2.0
70.5028 	EXP 	imgGreen: image = 'Green.jpg'
70.5028 	EXP 	imgYellow: opacity = 1.0
70.5028 	EXP 	imgYellow: pos = array([ 200., -200.])
70.5028 	EXP 	imgYellow: size = array([125., 125.])
70.5028 	EXP 	imgYellow: ori = 3.0
70.5028 	EXP 	imgYellow: image = 'Yellow.jpg'
70.5028 	EXP 	targetTxt: autoDraw = True
70.5028 	EXP 	imgRed: autoDraw = True
70.5028 	EXP 	imgBlue: autoDraw = True
70.5028 	EXP 	imgGreen: autoDraw = True
70.5028 	EXP 	imgYellow: autoDraw = True
71.4216 	DATA 	Mouse: Left button down, pos=(950,332)
71.4528 	EXP 	targetTxt: autoDraw = False
71.4528 	EXP 	imgRed: autoDraw = False
71.4528 	EXP 	imgBlue: autoDraw = False
71.4528 	EXP 	imgGreen: autoDraw = False
71.4528 	EXP 	imgYellow: autoDraw = False
71.4528 	EXP 	feedbackTxt: text = 'وای! دقت لطفا!'
71.4528 	EXP 	feedbackTxt: autoDraw = True
71.6074 	DATA 	Mouse:  Left button up, pos=(954,332)
72.4400 	EXP 	New trial (rep=0, index=7): OrderedDict([('word', 'سبز'), ('colour', 'green'), ('congruent', 1), ('corrAns', 'imgGreen')])
72.4857 	EXP 	feedbackTxt: autoDraw = False
72.4857 	EXP 	feedbackTxt: autoDraw = False
72.4857 	EXP 	targetTxt: color = 'green (named)'
72.4857 	EXP 	targetTxt: text = 'سبز'
72.4857 	EXP 	imgRed: opacity = 1.0
72.4857 	EXP 	imgRed: pos = array([-250., -200.])
72.4857 	EXP 	imgRed: size = array([125., 125.])
72.4857 	EXP 	imgRed: ori = 0.0
72.4857 	EXP 	imgRed: image = 'Red.jpg'
72.4857 	EXP 	imgBlue: opacity = 1.0
72.4857 	EXP 	imgBlue: pos = array([-100., -200.])
72.4857 	EXP 	imgBlue: size = array([125., 125.])
72.4857 	EXP 	imgBlue: ori = 1.0
72.4857 	EXP 	imgBlue: image = 'Blue.jpg'
72.4857 	EXP 	imgGreen: opacity = 1.0
72.4857 	EXP 	imgGreen: pos = array([  50., -200.])
72.4857 	EXP 	imgGreen: size = array([125., 125.])
72.4857 	EXP 	imgGreen: ori = 2.0
72.4857 	EXP 	imgGreen: image = 'Green.jpg'
72.4857 	EXP 	imgYellow: opacity = 1.0
72.4857 	EXP 	imgYellow: pos = array([ 200., -200.])
72.4857 	EXP 	imgYellow: size = array([125., 125.])
72.4857 	EXP 	imgYellow: ori = 3.0
72.4857 	EXP 	imgYellow: image = 'Yellow.jpg'
72.4857 	EXP 	targetTxt: autoDraw = True
72.4857 	EXP 	imgRed: autoDraw = True
72.4857 	EXP 	imgBlue: autoDraw = True
72.4857 	EXP 	imgGreen: autoDraw = True
72.4857 	EXP 	imgYellow: autoDraw = True
73.4370 	DATA 	Mouse: Left button down, pos=(983,335)
73.4690 	EXP 	targetTxt: autoDraw = False
73.4690 	EXP 	imgRed: autoDraw = False
73.4690 	EXP 	imgBlue: autoDraw = False
73.4690 	EXP 	imgGreen: autoDraw = False
73.4690 	EXP 	imgYellow: autoDraw = False
73.4690 	EXP 	feedbackTxt: text = 'آفرین, زمان=0.970'
73.4690 	EXP 	feedbackTxt: autoDraw = True
73.5730 	DATA 	Mouse:  Left button up, pos=(983,335)
74.6021 	EXP 	feedbackTxt: autoDraw = False
74.6021 	EXP 	feedbackTxt: autoDraw = False
74.6021 	EXP 	instrTxt: autoDraw = True
74.6021 	EXP 	imgStart: autoDraw = True
76.0230 	DATA 	Mouse: Left button down, pos=(960,259)
76.0634 	EXP 	Imported conditions.xlsx as conditions, 16 conditions, 4 params
76.0643 	EXP 	Created sequence: random, trialTypes=16, nReps=6, seed=None
76.0650 	EXP 	New trial (rep=0, index=0): OrderedDict([('word', 'قرمز'), ('colour', 'green'), ('congruent', 0), ('corrAns', 'imgGreen')])
76.1194 	EXP 	instrTxt: autoDraw = False
76.1194 	EXP 	imgStart: autoDraw = False
76.1194 	EXP 	targetTxt: color = 'green (named)'
76.1194 	EXP 	targetTxt: text = 'قرمز'
76.1194 	EXP 	imgRed: opacity = 1.0
76.1194 	EXP 	imgRed: pos = array([-250., -200.])
76.1194 	EXP 	imgRed: size = array([125., 125.])
76.1194 	EXP 	imgRed: ori = 0.0
76.1194 	EXP 	imgRed: image = 'Red.jpg'
76.1194 	EXP 	imgBlue: opacity = 1.0
76.1194 	EXP 	imgBlue: pos = array([-100., -200.])
76.1194 	EXP 	imgBlue: size = array([125., 125.])
76.1194 	EXP 	imgBlue: ori = 1.0
76.1194 	EXP 	imgBlue: image = 'Blue.jpg'
76.1194 	EXP 	imgGreen: opacity = 1.0
76.1194 	EXP 	imgGreen: pos = array([  50., -200.])
76.1194 	EXP 	imgGreen: size = array([125., 125.])
76.1194 	EXP 	imgGreen: ori = 2.0
76.1194 	EXP 	imgGreen: image = 'Green.jpg'
76.1194 	EXP 	imgYellow: opacity = 1.0
76.1194 	EXP 	imgYellow: pos = array([ 200., -200.])
76.1194 	EXP 	imgYellow: size = array([125., 125.])
76.1194 	EXP 	imgYellow: ori = 3.0
76.1194 	EXP 	imgYellow: image = 'Yellow.jpg'
76.1194 	EXP 	targetTxt: autoDraw = True
76.1194 	EXP 	imgRed: autoDraw = True
76.1194 	EXP 	imgBlue: autoDraw = True
76.1194 	EXP 	imgGreen: autoDraw = True
76.1194 	EXP 	imgYellow: autoDraw = True
76.1871 	DATA 	Mouse:  Left button up, pos=(960,258)
76.8529 	DATA 	Mouse: Left button down, pos=(992,331)
76.8622 	EXP 	New trial (rep=0, index=1): OrderedDict([('word', 'سبز'), ('colour', 'red'), ('congruent', 0), ('corrAns', 'imgRed')])
76.9017 	EXP 	targetTxt: autoDraw = False
76.9017 	EXP 	imgRed: autoDraw = False
76.9017 	EXP 	imgBlue: autoDraw = False
76.9017 	EXP 	imgGreen: autoDraw = False
76.9017 	EXP 	imgYellow: autoDraw = False
76.9017 	EXP 	targetTxt: color = 'red (named)'
76.9017 	EXP 	targetTxt: text = 'سبز'
76.9017 	EXP 	imgRed: opacity = 1.0
76.9017 	EXP 	imgRed: pos = array([-250., -200.])
76.9017 	EXP 	imgRed: size = array([125., 125.])
76.9017 	EXP 	imgRed: ori = 0.0
76.9017 	EXP 	imgRed: image = 'Red.jpg'
76.9017 	EXP 	imgBlue: opacity = 1.0
76.9017 	EXP 	imgBlue: pos = array([-100., -200.])
76.9017 	EXP 	imgBlue: size = array([125., 125.])
76.9017 	EXP 	imgBlue: ori = 1.0
76.9017 	EXP 	imgBlue: image = 'Blue.jpg'
76.9017 	EXP 	imgGreen: opacity = 1.0
76.9017 	EXP 	imgGreen: pos = array([  50., -200.])
76.9017 	EXP 	imgGreen: size = array([125., 125.])
76.9017 	EXP 	imgGreen: ori = 2.0
76.9017 	EXP 	imgGreen: image = 'Green.jpg'
76.9017 	EXP 	imgYellow: opacity = 1.0
76.9017 	EXP 	imgYellow: pos = array([ 200., -200.])
76.9017 	EXP 	imgYellow: size = array([125., 125.])
76.9017 	EXP 	imgYellow: ori = 3.0
76.9017 	EXP 	imgYellow: image = 'Yellow.jpg'
76.9017 	EXP 	targetTxt: autoDraw = True
76.9017 	EXP 	imgRed: autoDraw = True
76.9017 	EXP 	imgBlue: autoDraw = True
76.9017 	EXP 	imgGreen: autoDraw = True
76.9017 	EXP 	imgYellow: autoDraw = True
76.9692 	DATA 	Mouse:  Left button up, pos=(992,331)
77.5693 	DATA 	Mouse: Left button down, pos=(992,331)
77.5753 	EXP 	New trial (rep=0, index=2): OrderedDict([('word', 'سبز'), ('colour', 'blue'), ('congruent', 0), ('corrAns', 'imgBlue')])
77.6188 	EXP 	targetTxt: autoDraw = False
77.6188 	EXP 	imgRed: autoDraw = False
77.6188 	EXP 	imgBlue: autoDraw = False
77.6188 	EXP 	imgGreen: autoDraw = False
77.6188 	EXP 	imgYellow: autoDraw = False
77.6188 	EXP 	targetTxt: color = 'blue (named)'
77.6188 	EXP 	targetTxt: text = 'سبز'
77.6188 	EXP 	imgRed: opacity = 1.0
77.6188 	EXP 	imgRed: pos = array([-250., -200.])
77.6188 	EXP 	imgRed: size = array([125., 125.])
77.6188 	EXP 	imgRed: ori = 0.0
77.6188 	EXP 	imgRed: image = 'Red.jpg'
77.6188 	EXP 	imgBlue: opacity = 1.0
77.6188 	EXP 	imgBlue: pos = array([-100., -200.])
77.6188 	EXP 	imgBlue: size = array([125., 125.])
77.6188 	EXP 	imgBlue: ori = 1.0
77.6188 	EXP 	imgBlue: image = 'Blue.jpg'
77.6188 	EXP 	imgGreen: opacity = 1.0
77.6188 	EXP 	imgGreen: pos = array([  50., -200.])
77.6188 	EXP 	imgGreen: size = array([125., 125.])
77.6188 	EXP 	imgGreen: ori = 2.0
77.6188 	EXP 	imgGreen: image = 'Green.jpg'
77.6188 	EXP 	imgYellow: opacity = 1.0
77.6188 	EXP 	imgYellow: pos = array([ 200., -200.])
77.6188 	EXP 	imgYellow: size = array([125., 125.])
77.6188 	EXP 	imgYellow: ori = 3.0
77.6188 	EXP 	imgYellow: image = 'Yellow.jpg'
77.6188 	EXP 	targetTxt: autoDraw = True
77.6188 	EXP 	imgRed: autoDraw = True
77.6188 	EXP 	imgBlue: autoDraw = True
77.6188 	EXP 	imgGreen: autoDraw = True
77.6188 	EXP 	imgYellow: autoDraw = True
77.7036 	DATA 	Mouse:  Left button up, pos=(992,331)
78.0025 	DATA 	Mouse: Left button down, pos=(992,331)
78.0087 	EXP 	New trial (rep=0, index=3): OrderedDict([('word', 'قرمز'), ('colour', 'red'), ('congruent', 1), ('corrAns', 'imgRed')])
78.0515 	EXP 	targetTxt: autoDraw = False
78.0515 	EXP 	imgRed: autoDraw = False
78.0515 	EXP 	imgBlue: autoDraw = False
78.0515 	EXP 	imgGreen: autoDraw = False
78.0515 	EXP 	imgYellow: autoDraw = False
78.0515 	EXP 	targetTxt: color = 'red (named)'
78.0515 	EXP 	targetTxt: text = 'قرمز'
78.0515 	EXP 	imgRed: opacity = 1.0
78.0515 	EXP 	imgRed: pos = array([-250., -200.])
78.0515 	EXP 	imgRed: size = array([125., 125.])
78.0515 	EXP 	imgRed: ori = 0.0
78.0515 	EXP 	imgRed: image = 'Red.jpg'
78.0515 	EXP 	imgBlue: opacity = 1.0
78.0515 	EXP 	imgBlue: pos = array([-100., -200.])
78.0515 	EXP 	imgBlue: size = array([125., 125.])
78.0515 	EXP 	imgBlue: ori = 1.0
78.0515 	EXP 	imgBlue: image = 'Blue.jpg'
78.0515 	EXP 	imgGreen: opacity = 1.0
78.0515 	EXP 	imgGreen: pos = array([  50., -200.])
78.0515 	EXP 	imgGreen: size = array([125., 125.])
78.0515 	EXP 	imgGreen: ori = 2.0
78.0515 	EXP 	imgGreen: image = 'Green.jpg'
78.0515 	EXP 	imgYellow: opacity = 1.0
78.0515 	EXP 	imgYellow: pos = array([ 200., -200.])
78.0515 	EXP 	imgYellow: size = array([125., 125.])
78.0515 	EXP 	imgYellow: ori = 3.0
78.0515 	EXP 	imgYellow: image = 'Yellow.jpg'
78.0515 	EXP 	targetTxt: autoDraw = True
78.0515 	EXP 	imgRed: autoDraw = True
78.0515 	EXP 	imgBlue: autoDraw = True
78.0515 	EXP 	imgGreen: autoDraw = True
78.0515 	EXP 	imgYellow: autoDraw = True
78.1360 	DATA 	Mouse:  Left button up, pos=(992,331)
78.3363 	DATA 	Mouse: Left button down, pos=(992,331)
78.3429 	EXP 	New trial (rep=0, index=4): OrderedDict([('word', 'آبی'), ('colour', 'green'), ('congruent', 0), ('corrAns', 'imgGreen')])
78.3849 	EXP 	targetTxt: autoDraw = False
78.3849 	EXP 	imgRed: autoDraw = False
78.3849 	EXP 	imgBlue: autoDraw = False
78.3849 	EXP 	imgGreen: autoDraw = False
78.3849 	EXP 	imgYellow: autoDraw = False
78.3849 	EXP 	targetTxt: color = 'green (named)'
78.3849 	EXP 	targetTxt: text = 'آبی'
78.3849 	EXP 	imgRed: opacity = 1.0
78.3849 	EXP 	imgRed: pos = array([-250., -200.])
78.3849 	EXP 	imgRed: size = array([125., 125.])
78.3849 	EXP 	imgRed: ori = 0.0
78.3849 	EXP 	imgRed: image = 'Red.jpg'
78.3849 	EXP 	imgBlue: opacity = 1.0
78.3849 	EXP 	imgBlue: pos = array([-100., -200.])
78.3849 	EXP 	imgBlue: size = array([125., 125.])
78.3849 	EXP 	imgBlue: ori = 1.0
78.3849 	EXP 	imgBlue: image = 'Blue.jpg'
78.3849 	EXP 	imgGreen: opacity = 1.0
78.3849 	EXP 	imgGreen: pos = array([  50., -200.])
78.3849 	EXP 	imgGreen: size = array([125., 125.])
78.3849 	EXP 	imgGreen: ori = 2.0
78.3849 	EXP 	imgGreen: image = 'Green.jpg'
78.3849 	EXP 	imgYellow: opacity = 1.0
78.3849 	EXP 	imgYellow: pos = array([ 200., -200.])
78.3849 	EXP 	imgYellow: size = array([125., 125.])
78.3849 	EXP 	imgYellow: ori = 3.0
78.3849 	EXP 	imgYellow: image = 'Yellow.jpg'
78.3849 	EXP 	targetTxt: autoDraw = True
78.3849 	EXP 	imgRed: autoDraw = True
78.3849 	EXP 	imgBlue: autoDraw = True
78.3849 	EXP 	imgGreen: autoDraw = True
78.3849 	EXP 	imgYellow: autoDraw = True
78.4688 	DATA 	Mouse:  Left button up, pos=(992,331)
78.6528 	DATA 	Mouse: Left button down, pos=(992,331)
78.6594 	EXP 	New trial (rep=0, index=5): OrderedDict([('word', 'زرد'), ('colour', 'yellow'), ('congruent', 1), ('corrAns', 'imgYellow')])
78.7024 	EXP 	targetTxt: autoDraw = False
78.7024 	EXP 	imgRed: autoDraw = False
78.7024 	EXP 	imgBlue: autoDraw = False
78.7024 	EXP 	imgGreen: autoDraw = False
78.7024 	EXP 	imgYellow: autoDraw = False
78.7024 	EXP 	targetTxt: color = 'yellow (named)'
78.7024 	EXP 	targetTxt: text = 'زرد'
78.7024 	EXP 	imgRed: opacity = 1.0
78.7024 	EXP 	imgRed: pos = array([-250., -200.])
78.7024 	EXP 	imgRed: size = array([125., 125.])
78.7024 	EXP 	imgRed: ori = 0.0
78.7024 	EXP 	imgRed: image = 'Red.jpg'
78.7024 	EXP 	imgBlue: opacity = 1.0
78.7024 	EXP 	imgBlue: pos = array([-100., -200.])
78.7024 	EXP 	imgBlue: size = array([125., 125.])
78.7024 	EXP 	imgBlue: ori = 1.0
78.7024 	EXP 	imgBlue: image = 'Blue.jpg'
78.7024 	EXP 	imgGreen: opacity = 1.0
78.7024 	EXP 	imgGreen: pos = array([  50., -200.])
78.7024 	EXP 	imgGreen: size = array([125., 125.])
78.7024 	EXP 	imgGreen: ori = 2.0
78.7024 	EXP 	imgGreen: image = 'Green.jpg'
78.7024 	EXP 	imgYellow: opacity = 1.0
78.7024 	EXP 	imgYellow: pos = array([ 200., -200.])
78.7024 	EXP 	imgYellow: size = array([125., 125.])
78.7024 	EXP 	imgYellow: ori = 3.0
78.7024 	EXP 	imgYellow: image = 'Yellow.jpg'
78.7024 	EXP 	targetTxt: autoDraw = True
78.7024 	EXP 	imgRed: autoDraw = True
78.7024 	EXP 	imgBlue: autoDraw = True
78.7024 	EXP 	imgGreen: autoDraw = True
78.7024 	EXP 	imgYellow: autoDraw = True
78.7735 	DATA 	Mouse:  Left button up, pos=(992,331)
78.9024 	DATA 	Mouse: Left button down, pos=(992,331)
78.9081 	EXP 	New trial (rep=0, index=6): OrderedDict([('word', 'سبز'), ('colour', 'green'), ('congruent', 1), ('corrAns', 'imgGreen')])
78.9523 	EXP 	targetTxt: autoDraw = False
78.9523 	EXP 	imgRed: autoDraw = False
78.9523 	EXP 	imgBlue: autoDraw = False
78.9523 	EXP 	imgGreen: autoDraw = False
78.9523 	EXP 	imgYellow: autoDraw = False
78.9523 	EXP 	targetTxt: color = 'green (named)'
78.9523 	EXP 	targetTxt: text = 'سبز'
78.9523 	EXP 	imgRed: opacity = 1.0
78.9523 	EXP 	imgRed: pos = array([-250., -200.])
78.9523 	EXP 	imgRed: size = array([125., 125.])
78.9523 	EXP 	imgRed: ori = 0.0
78.9523 	EXP 	imgRed: image = 'Red.jpg'
78.9523 	EXP 	imgBlue: opacity = 1.0
78.9523 	EXP 	imgBlue: pos = array([-100., -200.])
78.9523 	EXP 	imgBlue: size = array([125., 125.])
78.9523 	EXP 	imgBlue: ori = 1.0
78.9523 	EXP 	imgBlue: image = 'Blue.jpg'
78.9523 	EXP 	imgGreen: opacity = 1.0
78.9523 	EXP 	imgGreen: pos = array([  50., -200.])
78.9523 	EXP 	imgGreen: size = array([125., 125.])
78.9523 	EXP 	imgGreen: ori = 2.0
78.9523 	EXP 	imgGreen: image = 'Green.jpg'
78.9523 	EXP 	imgYellow: opacity = 1.0
78.9523 	EXP 	imgYellow: pos = array([ 200., -200.])
78.9523 	EXP 	imgYellow: size = array([125., 125.])
78.9523 	EXP 	imgYellow: ori = 3.0
78.9523 	EXP 	imgYellow: image = 'Yellow.jpg'
78.9523 	EXP 	targetTxt: autoDraw = True
78.9523 	EXP 	imgRed: autoDraw = True
78.9523 	EXP 	imgBlue: autoDraw = True
78.9523 	EXP 	imgGreen: autoDraw = True
78.9523 	EXP 	imgYellow: autoDraw = True
79.0230 	DATA 	Mouse:  Left button up, pos=(992,331)
79.1356 	DATA 	Mouse: Left button down, pos=(992,331)
79.1420 	EXP 	New trial (rep=0, index=7): OrderedDict([('word', 'زرد'), ('colour', 'blue'), ('congruent', 0), ('corrAns', 'imgBlue')])
79.1853 	EXP 	targetTxt: autoDraw = False
79.1853 	EXP 	imgRed: autoDraw = False
79.1853 	EXP 	imgBlue: autoDraw = False
79.1853 	EXP 	imgGreen: autoDraw = False
79.1853 	EXP 	imgYellow: autoDraw = False
79.1853 	EXP 	targetTxt: color = 'blue (named)'
79.1853 	EXP 	targetTxt: text = 'زرد'
79.1853 	EXP 	imgRed: opacity = 1.0
79.1853 	EXP 	imgRed: pos = array([-250., -200.])
79.1853 	EXP 	imgRed: size = array([125., 125.])
79.1853 	EXP 	imgRed: ori = 0.0
79.1853 	EXP 	imgRed: image = 'Red.jpg'
79.1853 	EXP 	imgBlue: opacity = 1.0
79.1853 	EXP 	imgBlue: pos = array([-100., -200.])
79.1853 	EXP 	imgBlue: size = array([125., 125.])
79.1853 	EXP 	imgBlue: ori = 1.0
79.1853 	EXP 	imgBlue: image = 'Blue.jpg'
79.1853 	EXP 	imgGreen: opacity = 1.0
79.1853 	EXP 	imgGreen: pos = array([  50., -200.])
79.1853 	EXP 	imgGreen: size = array([125., 125.])
79.1853 	EXP 	imgGreen: ori = 2.0
79.1853 	EXP 	imgGreen: image = 'Green.jpg'
79.1853 	EXP 	imgYellow: opacity = 1.0
79.1853 	EXP 	imgYellow: pos = array([ 200., -200.])
79.1853 	EXP 	imgYellow: size = array([125., 125.])
79.1853 	EXP 	imgYellow: ori = 3.0
79.1853 	EXP 	imgYellow: image = 'Yellow.jpg'
79.1853 	EXP 	targetTxt: autoDraw = True
79.1853 	EXP 	imgRed: autoDraw = True
79.1853 	EXP 	imgBlue: autoDraw = True
79.1853 	EXP 	imgGreen: autoDraw = True
79.1853 	EXP 	imgYellow: autoDraw = True
79.2697 	DATA 	Mouse:  Left button up, pos=(992,331)
79.3688 	DATA 	Mouse: Left button down, pos=(992,331)
79.3754 	EXP 	New trial (rep=0, index=8): OrderedDict([('word', 'آبی'), ('colour', 'blue'), ('congruent', 1), ('corrAns', 'imgBlue')])
79.4184 	EXP 	targetTxt: autoDraw = False
79.4184 	EXP 	imgRed: autoDraw = False
79.4184 	EXP 	imgBlue: autoDraw = False
79.4184 	EXP 	imgGreen: autoDraw = False
79.4184 	EXP 	imgYellow: autoDraw = False
79.4184 	EXP 	targetTxt: color = 'blue (named)'
79.4184 	EXP 	targetTxt: text = 'آبی'
79.4184 	EXP 	imgRed: opacity = 1.0
79.4184 	EXP 	imgRed: pos = array([-250., -200.])
79.4184 	EXP 	imgRed: size = array([125., 125.])
79.4184 	EXP 	imgRed: ori = 0.0
79.4184 	EXP 	imgRed: image = 'Red.jpg'
79.4184 	EXP 	imgBlue: opacity = 1.0
79.4184 	EXP 	imgBlue: pos = array([-100., -200.])
79.4184 	EXP 	imgBlue: size = array([125., 125.])
79.4184 	EXP 	imgBlue: ori = 1.0
79.4184 	EXP 	imgBlue: image = 'Blue.jpg'
79.4184 	EXP 	imgGreen: opacity = 1.0
79.4184 	EXP 	imgGreen: pos = array([  50., -200.])
79.4184 	EXP 	imgGreen: size = array([125., 125.])
79.4184 	EXP 	imgGreen: ori = 2.0
79.4184 	EXP 	imgGreen: image = 'Green.jpg'
79.4184 	EXP 	imgYellow: opacity = 1.0
79.4184 	EXP 	imgYellow: pos = array([ 200., -200.])
79.4184 	EXP 	imgYellow: size = array([125., 125.])
79.4184 	EXP 	imgYellow: ori = 3.0
79.4184 	EXP 	imgYellow: image = 'Yellow.jpg'
79.4184 	EXP 	targetTxt: autoDraw = True
79.4184 	EXP 	imgRed: autoDraw = True
79.4184 	EXP 	imgBlue: autoDraw = True
79.4184 	EXP 	imgGreen: autoDraw = True
79.4184 	EXP 	imgYellow: autoDraw = True
79.5025 	DATA 	Mouse:  Left button up, pos=(992,331)
79.6190 	DATA 	Mouse: Left button down, pos=(992,331)
79.6252 	EXP 	New trial (rep=0, index=9): OrderedDict([('word', 'آبی'), ('colour', 'yellow'), ('congruent', 0), ('corrAns', 'imgYellow')])
79.6681 	EXP 	targetTxt: autoDraw = False
79.6681 	EXP 	imgRed: autoDraw = False
79.6681 	EXP 	imgBlue: autoDraw = False
79.6681 	EXP 	imgGreen: autoDraw = False
79.6681 	EXP 	imgYellow: autoDraw = False
79.6681 	EXP 	targetTxt: color = 'yellow (named)'
79.6681 	EXP 	targetTxt: text = 'آبی'
79.6681 	EXP 	imgRed: opacity = 1.0
79.6681 	EXP 	imgRed: pos = array([-250., -200.])
79.6681 	EXP 	imgRed: size = array([125., 125.])
79.6681 	EXP 	imgRed: ori = 0.0
79.6681 	EXP 	imgRed: image = 'Red.jpg'
79.6681 	EXP 	imgBlue: opacity = 1.0
79.6681 	EXP 	imgBlue: pos = array([-100., -200.])
79.6681 	EXP 	imgBlue: size = array([125., 125.])
79.6681 	EXP 	imgBlue: ori = 1.0
79.6681 	EXP 	imgBlue: image = 'Blue.jpg'
79.6681 	EXP 	imgGreen: opacity = 1.0
79.6681 	EXP 	imgGreen: pos = array([  50., -200.])
79.6681 	EXP 	imgGreen: size = array([125., 125.])
79.6681 	EXP 	imgGreen: ori = 2.0
79.6681 	EXP 	imgGreen: image = 'Green.jpg'
79.6681 	EXP 	imgYellow: opacity = 1.0
79.6681 	EXP 	imgYellow: pos = array([ 200., -200.])
79.6681 	EXP 	imgYellow: size = array([125., 125.])
79.6681 	EXP 	imgYellow: ori = 3.0
79.6681 	EXP 	imgYellow: image = 'Yellow.jpg'
79.6681 	EXP 	targetTxt: autoDraw = True
79.6681 	EXP 	imgRed: autoDraw = True
79.6681 	EXP 	imgBlue: autoDraw = True
79.6681 	EXP 	imgGreen: autoDraw = True
79.6681 	EXP 	imgYellow: autoDraw = True
79.7855 	DATA 	Mouse:  Left button up, pos=(992,331)
79.8690 	DATA 	Mouse: Left button down, pos=(992,331)
79.8753 	EXP 	New trial (rep=0, index=10): OrderedDict([('word', 'قرمز'), ('colour', 'yellow'), ('congruent', 0), ('corrAns', 'imgYellow')])
79.9186 	EXP 	targetTxt: autoDraw = False
79.9186 	EXP 	imgRed: autoDraw = False
79.9186 	EXP 	imgBlue: autoDraw = False
79.9186 	EXP 	imgGreen: autoDraw = False
79.9186 	EXP 	imgYellow: autoDraw = False
79.9186 	EXP 	targetTxt: color = 'yellow (named)'
79.9186 	EXP 	targetTxt: text = 'قرمز'
79.9186 	EXP 	imgRed: opacity = 1.0
79.9186 	EXP 	imgRed: pos = array([-250., -200.])
79.9186 	EXP 	imgRed: size = array([125., 125.])
79.9186 	EXP 	imgRed: ori = 0.0
79.9186 	EXP 	imgRed: image = 'Red.jpg'
79.9186 	EXP 	imgBlue: opacity = 1.0
79.9186 	EXP 	imgBlue: pos = array([-100., -200.])
79.9186 	EXP 	imgBlue: size = array([125., 125.])
79.9186 	EXP 	imgBlue: ori = 1.0
79.9186 	EXP 	imgBlue: image = 'Blue.jpg'
79.9186 	EXP 	imgGreen: opacity = 1.0
79.9186 	EXP 	imgGreen: pos = array([  50., -200.])
79.9186 	EXP 	imgGreen: size = array([125., 125.])
79.9186 	EXP 	imgGreen: ori = 2.0
79.9186 	EXP 	imgGreen: image = 'Green.jpg'
79.9186 	EXP 	imgYellow: opacity = 1.0
79.9186 	EXP 	imgYellow: pos = array([ 200., -200.])
79.9186 	EXP 	imgYellow: size = array([125., 125.])
79.9186 	EXP 	imgYellow: ori = 3.0
79.9186 	EXP 	imgYellow: image = 'Yellow.jpg'
79.9186 	EXP 	targetTxt: autoDraw = True
79.9186 	EXP 	imgRed: autoDraw = True
79.9186 	EXP 	imgBlue: autoDraw = True
79.9186 	EXP 	imgGreen: autoDraw = True
79.9186 	EXP 	imgYellow: autoDraw = True
80.0021 	DATA 	Mouse:  Left button up, pos=(992,331)
80.1187 	DATA 	Mouse: Left button down, pos=(992,331)
80.1251 	EXP 	New trial (rep=0, index=11): OrderedDict([('word', 'زرد'), ('colour', 'red'), ('congruent', 0), ('corrAns', 'imgRed')])
80.1684 	EXP 	targetTxt: autoDraw = False
80.1684 	EXP 	imgRed: autoDraw = False
80.1684 	EXP 	imgBlue: autoDraw = False
80.1684 	EXP 	imgGreen: autoDraw = False
80.1684 	EXP 	imgYellow: autoDraw = False
80.1684 	EXP 	targetTxt: color = 'red (named)'
80.1684 	EXP 	targetTxt: text = 'زرد'
80.1684 	EXP 	imgRed: opacity = 1.0
80.1684 	EXP 	imgRed: pos = array([-250., -200.])
80.1684 	EXP 	imgRed: size = array([125., 125.])
80.1684 	EXP 	imgRed: ori = 0.0
80.1684 	EXP 	imgRed: image = 'Red.jpg'
80.1684 	EXP 	imgBlue: opacity = 1.0
80.1684 	EXP 	imgBlue: pos = array([-100., -200.])
80.1684 	EXP 	imgBlue: size = array([125., 125.])
80.1684 	EXP 	imgBlue: ori = 1.0
80.1684 	EXP 	imgBlue: image = 'Blue.jpg'
80.1684 	EXP 	imgGreen: opacity = 1.0
80.1684 	EXP 	imgGreen: pos = array([  50., -200.])
80.1684 	EXP 	imgGreen: size = array([125., 125.])
80.1684 	EXP 	imgGreen: ori = 2.0
80.1684 	EXP 	imgGreen: image = 'Green.jpg'
80.1684 	EXP 	imgYellow: opacity = 1.0
80.1684 	EXP 	imgYellow: pos = array([ 200., -200.])
80.1684 	EXP 	imgYellow: size = array([125., 125.])
80.1684 	EXP 	imgYellow: ori = 3.0
80.1684 	EXP 	imgYellow: image = 'Yellow.jpg'
80.1684 	EXP 	targetTxt: autoDraw = True
80.1684 	EXP 	imgRed: autoDraw = True
80.1684 	EXP 	imgBlue: autoDraw = True
80.1684 	EXP 	imgGreen: autoDraw = True
80.1684 	EXP 	imgYellow: autoDraw = True
80.2390 	DATA 	Mouse:  Left button up, pos=(992,331)
80.5561 	DATA 	Mouse: Left button down, pos=(992,331)
80.5761 	EXP 	New trial (rep=0, index=12): OrderedDict([('word', 'آبی'), ('colour', 'red'), ('congruent', 0), ('corrAns', 'imgRed')])
80.6179 	EXP 	targetTxt: autoDraw = False
80.6179 	EXP 	imgRed: autoDraw = False
80.6179 	EXP 	imgBlue: autoDraw = False
80.6179 	EXP 	imgGreen: autoDraw = False
80.6179 	EXP 	imgYellow: autoDraw = False
80.6179 	EXP 	targetTxt: color = 'red (named)'
80.6179 	EXP 	targetTxt: text = 'آبی'
80.6179 	EXP 	imgRed: opacity = 1.0
80.6179 	EXP 	imgRed: pos = array([-250., -200.])
80.6179 	EXP 	imgRed: size = array([125., 125.])
80.6179 	EXP 	imgRed: ori = 0.0
80.6179 	EXP 	imgRed: image = 'Red.jpg'
80.6179 	EXP 	imgBlue: opacity = 1.0
80.6179 	EXP 	imgBlue: pos = array([-100., -200.])
80.6179 	EXP 	imgBlue: size = array([125., 125.])
80.6179 	EXP 	imgBlue: ori = 1.0
80.6179 	EXP 	imgBlue: image = 'Blue.jpg'
80.6179 	EXP 	imgGreen: opacity = 1.0
80.6179 	EXP 	imgGreen: pos = array([  50., -200.])
80.6179 	EXP 	imgGreen: size = array([125., 125.])
80.6179 	EXP 	imgGreen: ori = 2.0
80.6179 	EXP 	imgGreen: image = 'Green.jpg'
80.6179 	EXP 	imgYellow: opacity = 1.0
80.6179 	EXP 	imgYellow: pos = array([ 200., -200.])
80.6179 	EXP 	imgYellow: size = array([125., 125.])
80.6179 	EXP 	imgYellow: ori = 3.0
80.6179 	EXP 	imgYellow: image = 'Yellow.jpg'
80.6179 	EXP 	targetTxt: autoDraw = True
80.6179 	EXP 	imgRed: autoDraw = True
80.6179 	EXP 	imgBlue: autoDraw = True
80.6179 	EXP 	imgGreen: autoDraw = True
80.6179 	EXP 	imgYellow: autoDraw = True
80.7022 	DATA 	Mouse:  Left button up, pos=(992,331)
80.9352 	DATA 	Mouse: Left button down, pos=(992,331)
80.9409 	EXP 	New trial (rep=0, index=13): OrderedDict([('word', 'سبز'), ('colour', 'yellow'), ('congruent', 0), ('corrAns', 'imgYellow')])
80.9848 	EXP 	targetTxt: autoDraw = False
80.9848 	EXP 	imgRed: autoDraw = False
80.9848 	EXP 	imgBlue: autoDraw = False
80.9848 	EXP 	imgGreen: autoDraw = False
80.9848 	EXP 	imgYellow: autoDraw = False
80.9848 	EXP 	targetTxt: color = 'yellow (named)'
80.9848 	EXP 	targetTxt: text = 'سبز'
80.9848 	EXP 	imgRed: opacity = 1.0
80.9848 	EXP 	imgRed: pos = array([-250., -200.])
80.9848 	EXP 	imgRed: size = array([125., 125.])
80.9848 	EXP 	imgRed: ori = 0.0
80.9848 	EXP 	imgRed: image = 'Red.jpg'
80.9848 	EXP 	imgBlue: opacity = 1.0
80.9848 	EXP 	imgBlue: pos = array([-100., -200.])
80.9848 	EXP 	imgBlue: size = array([125., 125.])
80.9848 	EXP 	imgBlue: ori = 1.0
80.9848 	EXP 	imgBlue: image = 'Blue.jpg'
80.9848 	EXP 	imgGreen: opacity = 1.0
80.9848 	EXP 	imgGreen: pos = array([  50., -200.])
80.9848 	EXP 	imgGreen: size = array([125., 125.])
80.9848 	EXP 	imgGreen: ori = 2.0
80.9848 	EXP 	imgGreen: image = 'Green.jpg'
80.9848 	EXP 	imgYellow: opacity = 1.0
80.9848 	EXP 	imgYellow: pos = array([ 200., -200.])
80.9848 	EXP 	imgYellow: size = array([125., 125.])
80.9848 	EXP 	imgYellow: ori = 3.0
80.9848 	EXP 	imgYellow: image = 'Yellow.jpg'
80.9848 	EXP 	targetTxt: autoDraw = True
80.9848 	EXP 	imgRed: autoDraw = True
80.9848 	EXP 	imgBlue: autoDraw = True
80.9848 	EXP 	imgGreen: autoDraw = True
80.9848 	EXP 	imgYellow: autoDraw = True
81.1017 	DATA 	Mouse:  Left button up, pos=(992,331)
81.3190 	DATA 	Mouse: Left button down, pos=(992,331)
81.3265 	EXP 	New trial (rep=0, index=14): OrderedDict([('word', 'زرد'), ('colour', 'green'), ('congruent', 0), ('corrAns', 'imgGreen')])
81.3720 	EXP 	targetTxt: autoDraw = False
81.3720 	EXP 	imgRed: autoDraw = False
81.3720 	EXP 	imgBlue: autoDraw = False
81.3720 	EXP 	imgGreen: autoDraw = False
81.3720 	EXP 	imgYellow: autoDraw = False
81.3720 	EXP 	targetTxt: color = 'green (named)'
81.3720 	EXP 	targetTxt: text = 'زرد'
81.3720 	EXP 	imgRed: opacity = 1.0
81.3720 	EXP 	imgRed: pos = array([-250., -200.])
81.3720 	EXP 	imgRed: size = array([125., 125.])
81.3720 	EXP 	imgRed: ori = 0.0
81.3720 	EXP 	imgRed: image = 'Red.jpg'
81.3720 	EXP 	imgBlue: opacity = 1.0
81.3720 	EXP 	imgBlue: pos = array([-100., -200.])
81.3720 	EXP 	imgBlue: size = array([125., 125.])
81.3720 	EXP 	imgBlue: ori = 1.0
81.3720 	EXP 	imgBlue: image = 'Blue.jpg'
81.3720 	EXP 	imgGreen: opacity = 1.0
81.3720 	EXP 	imgGreen: pos = array([  50., -200.])
81.3720 	EXP 	imgGreen: size = array([125., 125.])
81.3720 	EXP 	imgGreen: ori = 2.0
81.3720 	EXP 	imgGreen: image = 'Green.jpg'
81.3720 	EXP 	imgYellow: opacity = 1.0
81.3720 	EXP 	imgYellow: pos = array([ 200., -200.])
81.3720 	EXP 	imgYellow: size = array([125., 125.])
81.3720 	EXP 	imgYellow: ori = 3.0
81.3720 	EXP 	imgYellow: image = 'Yellow.jpg'
81.3720 	EXP 	targetTxt: autoDraw = True
81.3720 	EXP 	imgRed: autoDraw = True
81.3720 	EXP 	imgBlue: autoDraw = True
81.3720 	EXP 	imgGreen: autoDraw = True
81.3720 	EXP 	imgYellow: autoDraw = True
81.4685 	DATA 	Mouse:  Left button up, pos=(992,331)
81.7019 	DATA 	Mouse: Left button down, pos=(992,331)
81.7077 	EXP 	New trial (rep=0, index=15): OrderedDict([('word', 'قرمز'), ('colour', 'blue'), ('congruent', 0), ('corrAns', 'imgBlue')])
81.7515 	EXP 	targetTxt: autoDraw = False
81.7515 	EXP 	imgRed: autoDraw = False
81.7515 	EXP 	imgBlue: autoDraw = False
81.7515 	EXP 	imgGreen: autoDraw = False
81.7515 	EXP 	imgYellow: autoDraw = False
81.7515 	EXP 	targetTxt: color = 'blue (named)'
81.7515 	EXP 	targetTxt: text = 'قرمز'
81.7515 	EXP 	imgRed: opacity = 1.0
81.7515 	EXP 	imgRed: pos = array([-250., -200.])
81.7515 	EXP 	imgRed: size = array([125., 125.])
81.7515 	EXP 	imgRed: ori = 0.0
81.7515 	EXP 	imgRed: image = 'Red.jpg'
81.7515 	EXP 	imgBlue: opacity = 1.0
81.7515 	EXP 	imgBlue: pos = array([-100., -200.])
81.7515 	EXP 	imgBlue: size = array([125., 125.])
81.7515 	EXP 	imgBlue: ori = 1.0
81.7515 	EXP 	imgBlue: image = 'Blue.jpg'
81.7515 	EXP 	imgGreen: opacity = 1.0
81.7515 	EXP 	imgGreen: pos = array([  50., -200.])
81.7515 	EXP 	imgGreen: size = array([125., 125.])
81.7515 	EXP 	imgGreen: ori = 2.0
81.7515 	EXP 	imgGreen: image = 'Green.jpg'
81.7515 	EXP 	imgYellow: opacity = 1.0
81.7515 	EXP 	imgYellow: pos = array([ 200., -200.])
81.7515 	EXP 	imgYellow: size = array([125., 125.])
81.7515 	EXP 	imgYellow: ori = 3.0
81.7515 	EXP 	imgYellow: image = 'Yellow.jpg'
81.7515 	EXP 	targetTxt: autoDraw = True
81.7515 	EXP 	imgRed: autoDraw = True
81.7515 	EXP 	imgBlue: autoDraw = True
81.7515 	EXP 	imgGreen: autoDraw = True
81.7515 	EXP 	imgYellow: autoDraw = True
81.8855 	DATA 	Mouse:  Left button up, pos=(992,331)
82.0852 	DATA 	Mouse: Left button down, pos=(992,331)
82.0912 	EXP 	New trial (rep=1, index=0): OrderedDict([('word', 'آبی'), ('colour', 'green'), ('congruent', 0), ('corrAns', 'imgGreen')])
82.1350 	EXP 	targetTxt: autoDraw = False
82.1350 	EXP 	imgRed: autoDraw = False
82.1350 	EXP 	imgBlue: autoDraw = False
82.1350 	EXP 	imgGreen: autoDraw = False
82.1350 	EXP 	imgYellow: autoDraw = False
82.1350 	EXP 	targetTxt: color = 'green (named)'
82.1350 	EXP 	targetTxt: text = 'آبی'
82.1350 	EXP 	imgRed: opacity = 1.0
82.1350 	EXP 	imgRed: pos = array([-250., -200.])
82.1350 	EXP 	imgRed: size = array([125., 125.])
82.1350 	EXP 	imgRed: ori = 0.0
82.1350 	EXP 	imgRed: image = 'Red.jpg'
82.1350 	EXP 	imgBlue: opacity = 1.0
82.1350 	EXP 	imgBlue: pos = array([-100., -200.])
82.1350 	EXP 	imgBlue: size = array([125., 125.])
82.1350 	EXP 	imgBlue: ori = 1.0
82.1350 	EXP 	imgBlue: image = 'Blue.jpg'
82.1350 	EXP 	imgGreen: opacity = 1.0
82.1350 	EXP 	imgGreen: pos = array([  50., -200.])
82.1350 	EXP 	imgGreen: size = array([125., 125.])
82.1350 	EXP 	imgGreen: ori = 2.0
82.1350 	EXP 	imgGreen: image = 'Green.jpg'
82.1350 	EXP 	imgYellow: opacity = 1.0
82.1350 	EXP 	imgYellow: pos = array([ 200., -200.])
82.1350 	EXP 	imgYellow: size = array([125., 125.])
82.1350 	EXP 	imgYellow: ori = 3.0
82.1350 	EXP 	imgYellow: image = 'Yellow.jpg'
82.1350 	EXP 	targetTxt: autoDraw = True
82.1350 	EXP 	imgRed: autoDraw = True
82.1350 	EXP 	imgBlue: autoDraw = True
82.1350 	EXP 	imgGreen: autoDraw = True
82.1350 	EXP 	imgYellow: autoDraw = True
82.2526 	DATA 	Mouse:  Left button up, pos=(992,331)
82.4850 	DATA 	Mouse: Left button down, pos=(992,331)
82.4920 	EXP 	New trial (rep=1, index=1): OrderedDict([('word', 'قرمز'), ('colour', 'green'), ('congruent', 0), ('corrAns', 'imgGreen')])
82.5344 	EXP 	targetTxt: autoDraw = False
82.5344 	EXP 	imgRed: autoDraw = False
82.5344 	EXP 	imgBlue: autoDraw = False
82.5344 	EXP 	imgGreen: autoDraw = False
82.5344 	EXP 	imgYellow: autoDraw = False
82.5344 	EXP 	targetTxt: color = 'green (named)'
82.5344 	EXP 	targetTxt: text = 'قرمز'
82.5344 	EXP 	imgRed: opacity = 1.0
82.5344 	EXP 	imgRed: pos = array([-250., -200.])
82.5344 	EXP 	imgRed: size = array([125., 125.])
82.5344 	EXP 	imgRed: ori = 0.0
82.5344 	EXP 	imgRed: image = 'Red.jpg'
82.5344 	EXP 	imgBlue: opacity = 1.0
82.5344 	EXP 	imgBlue: pos = array([-100., -200.])
82.5344 	EXP 	imgBlue: size = array([125., 125.])
82.5344 	EXP 	imgBlue: ori = 1.0
82.5344 	EXP 	imgBlue: image = 'Blue.jpg'
82.5344 	EXP 	imgGreen: opacity = 1.0
82.5344 	EXP 	imgGreen: pos = array([  50., -200.])
82.5344 	EXP 	imgGreen: size = array([125., 125.])
82.5344 	EXP 	imgGreen: ori = 2.0
82.5344 	EXP 	imgGreen: image = 'Green.jpg'
82.5344 	EXP 	imgYellow: opacity = 1.0
82.5344 	EXP 	imgYellow: pos = array([ 200., -200.])
82.5344 	EXP 	imgYellow: size = array([125., 125.])
82.5344 	EXP 	imgYellow: ori = 3.0
82.5344 	EXP 	imgYellow: image = 'Yellow.jpg'
82.5344 	EXP 	targetTxt: autoDraw = True
82.5344 	EXP 	imgRed: autoDraw = True
82.5344 	EXP 	imgBlue: autoDraw = True
82.5344 	EXP 	imgGreen: autoDraw = True
82.5344 	EXP 	imgYellow: autoDraw = True
82.6684 	DATA 	Mouse:  Left button up, pos=(992,331)
82.9018 	DATA 	Mouse: Left button down, pos=(992,331)
82.9084 	EXP 	New trial (rep=1, index=2): OrderedDict([('word', 'زرد'), ('colour', 'red'), ('congruent', 0), ('corrAns', 'imgRed')])
82.9507 	EXP 	targetTxt: autoDraw = False
82.9507 	EXP 	imgRed: autoDraw = False
82.9507 	EXP 	imgBlue: autoDraw = False
82.9507 	EXP 	imgGreen: autoDraw = False
82.9507 	EXP 	imgYellow: autoDraw = False
82.9507 	EXP 	targetTxt: color = 'red (named)'
82.9507 	EXP 	targetTxt: text = 'زرد'
82.9507 	EXP 	imgRed: opacity = 1.0
82.9507 	EXP 	imgRed: pos = array([-250., -200.])
82.9507 	EXP 	imgRed: size = array([125., 125.])
82.9507 	EXP 	imgRed: ori = 0.0
82.9507 	EXP 	imgRed: image = 'Red.jpg'
82.9507 	EXP 	imgBlue: opacity = 1.0
82.9507 	EXP 	imgBlue: pos = array([-100., -200.])
82.9507 	EXP 	imgBlue: size = array([125., 125.])
82.9507 	EXP 	imgBlue: ori = 1.0
82.9507 	EXP 	imgBlue: image = 'Blue.jpg'
82.9507 	EXP 	imgGreen: opacity = 1.0
82.9507 	EXP 	imgGreen: pos = array([  50., -200.])
82.9507 	EXP 	imgGreen: size = array([125., 125.])
82.9507 	EXP 	imgGreen: ori = 2.0
82.9507 	EXP 	imgGreen: image = 'Green.jpg'
82.9507 	EXP 	imgYellow: opacity = 1.0
82.9507 	EXP 	imgYellow: pos = array([ 200., -200.])
82.9507 	EXP 	imgYellow: size = array([125., 125.])
82.9507 	EXP 	imgYellow: ori = 3.0
82.9507 	EXP 	imgYellow: image = 'Yellow.jpg'
82.9507 	EXP 	targetTxt: autoDraw = True
82.9507 	EXP 	imgRed: autoDraw = True
82.9507 	EXP 	imgBlue: autoDraw = True
82.9507 	EXP 	imgGreen: autoDraw = True
82.9507 	EXP 	imgYellow: autoDraw = True
83.0557 	DATA 	Mouse:  Left button up, pos=(992,331)
83.3028 	DATA 	Mouse: Left button down, pos=(992,331)
83.3098 	EXP 	New trial (rep=1, index=3): OrderedDict([('word', 'سبز'), ('colour', 'yellow'), ('congruent', 0), ('corrAns', 'imgYellow')])
83.3511 	EXP 	targetTxt: autoDraw = False
83.3511 	EXP 	imgRed: autoDraw = False
83.3511 	EXP 	imgBlue: autoDraw = False
83.3511 	EXP 	imgGreen: autoDraw = False
83.3511 	EXP 	imgYellow: autoDraw = False
83.3511 	EXP 	targetTxt: color = 'yellow (named)'
83.3511 	EXP 	targetTxt: text = 'سبز'
83.3511 	EXP 	imgRed: opacity = 1.0
83.3511 	EXP 	imgRed: pos = array([-250., -200.])
83.3511 	EXP 	imgRed: size = array([125., 125.])
83.3511 	EXP 	imgRed: ori = 0.0
83.3511 	EXP 	imgRed: image = 'Red.jpg'
83.3511 	EXP 	imgBlue: opacity = 1.0
83.3511 	EXP 	imgBlue: pos = array([-100., -200.])
83.3511 	EXP 	imgBlue: size = array([125., 125.])
83.3511 	EXP 	imgBlue: ori = 1.0
83.3511 	EXP 	imgBlue: image = 'Blue.jpg'
83.3511 	EXP 	imgGreen: opacity = 1.0
83.3511 	EXP 	imgGreen: pos = array([  50., -200.])
83.3511 	EXP 	imgGreen: size = array([125., 125.])
83.3511 	EXP 	imgGreen: ori = 2.0
83.3511 	EXP 	imgGreen: image = 'Green.jpg'
83.3511 	EXP 	imgYellow: opacity = 1.0
83.3511 	EXP 	imgYellow: pos = array([ 200., -200.])
83.3511 	EXP 	imgYellow: size = array([125., 125.])
83.3511 	EXP 	imgYellow: ori = 3.0
83.3511 	EXP 	imgYellow: image = 'Yellow.jpg'
83.3511 	EXP 	targetTxt: autoDraw = True
83.3511 	EXP 	imgRed: autoDraw = True
83.3511 	EXP 	imgBlue: autoDraw = True
83.3511 	EXP 	imgGreen: autoDraw = True
83.3511 	EXP 	imgYellow: autoDraw = True
83.4547 	DATA 	Mouse:  Left button up, pos=(992,331)
84.5214 	DATA 	Keypress: escape
85.0402 	EXP 	window1: mouseVisible = True
