0.9106 	WARNING 	We strongly recommend you activate the PTB sound engine in PsychoPy prefs as the preferred audio engine. Its timing is vastly superior. Your prefs are currently set to use ['sounddevice', 'PTB', 'pyo', 'pygame'] (in that order).
24.1592 	WARNING 	User requested fullscreen with size [1536  864], but screen is actually [1920, 1080]. Using actual size
25.2805 	EXP 	Created window1 = Window(allowGUI=False, allowStencil=False, args=UNKNOWN, autoLog=True, bitsMode=UNKNOWN, blendMode='avg', bpc=(8, 8, 8), color=array([0., 0., 0.]), colorSpace='rgb', depthBits=8, fullscr=<method-wrapper '__getattribute__' of attributeSetter object at 0x000001D55527C3C8>, gamma=None, gammaErrorPolicy='raise', kwargs=UNKNOWN, lms=UNKNOWN, monitor=<psychopy.monitors.calibTools.Monitor object at 0x000001D5552C9BE0>, multiSample=False, name='window1', numSamples=2, pos=[0.0, 0.0], screen=0, size=array([1920, 1080]), stencilBits=0, stereo=False, units='height', useFBO=True, useRetina=False, viewOri=0.0, viewPos=None, viewScale=None, waitBlanking=True, winType='pyglet')
25.2813 	EXP 	window1: mouseVisible = True
25.2813 	EXP 	window1: recordFrameIntervals = False
25.4451 	EXP 	window1: recordFrameIntervals = True
25.6285 	EXP 	window1: recordFrameIntervals = False
26.0120 	EXP 	Created instrTxt1 = TextStim(__class__=<class 'psychopy.visual.text.TextStim'>, alignHoriz=method-wrapper(...), alignText='center', alignVert=method-wrapper(...), anchorHoriz='center', anchorVert='center', antialias=True, autoLog=True, bold=False, color=array([1., 1., 1.]), colorSpace='rgb', contrast=1.0, depth=0.0, flipHoriz=False, flipVert=False, font='Arial', fontFiles=[], height=0.05, italic=False, languageStyle='Arabic', name='instrTxt1', opacity=1.0, ori=0, pos=array([0., 0.]), rgb=array([1., 1., 1.]), text=str(...), units='height', win=Window(...), wrapWidth=1)
26.0244 	EXP 	Created imgStart1 = ImageStim(__class__=<class 'psychopy.visual.image.ImageStim'>, autoLog=True, color=array([1., 1., 1.]), colorSpace='rgb', contrast=1.0, depth=-1.0, flipHoriz=False, flipVert=False, image='Start.jpg', interpolate=True, mask=None, maskParams=None, name='imgStart1', opacity=1.0, ori=0.0, pos=array([-1., -9.]), size=array([5., 5.]), texRes=128, units='deg', win=Window(...))
26.0245 	EXP 	window1: mouseVisible = True
26.0507 	EXP 	Created targetTxt = TextStim(__class__=<class 'psychopy.visual.text.TextStim'>, alignHoriz=method-wrapper(...), alignText='center', alignVert=method-wrapper(...), anchorHoriz='center', anchorVert='center', antialias=True, autoLog=True, bold=False, color='white', colorSpace='named', contrast=1.0, depth=0.0, flipHoriz=False, flipVert=False, font='Arial', fontFiles=[], height=0.1, italic=False, languageStyle='Arabic', name='targetTxt', opacity=1.0, ori=0, pos=array([0., 0.]), rgb=array([255., 255., 255.]), text='default text', units='height', win=Window(...), wrapWidth=1)
26.0527 	EXP 	Created imgRed = ImageStim(__class__=<class 'psychopy.visual.image.ImageStim'>, autoLog=True, color=array([1., 1., 1.]), colorSpace='rgb', contrast=1.0, depth=-1.0, flipHoriz=False, flipVert=False, image='sin', interpolate=True, mask=None, maskParams=None, name='imgRed', opacity=1.0, ori=1.0, pos=array([0., 0.]), size=array([1., 1.]), texRes=128, units='deg', win=Window(...))
26.0546 	EXP 	Created imgBlue = ImageStim(__class__=<class 'psychopy.visual.image.ImageStim'>, autoLog=True, color=array([1., 1., 1.]), colorSpace='rgb', contrast=1.0, depth=-2.0, flipHoriz=False, flipVert=False, image='sin', interpolate=True, mask=None, maskParams=None, name='imgBlue', opacity=1.0, ori=1.0, pos=array([0., 0.]), size=array([1., 1.]), texRes=128, units='deg', win=Window(...))
26.0561 	EXP 	Created imgGreen = ImageStim(__class__=<class 'psychopy.visual.image.ImageStim'>, autoLog=True, color=array([1., 1., 1.]), colorSpace='rgb', contrast=1.0, depth=-3.0, flipHoriz=False, flipVert=False, image='sin', interpolate=True, mask=None, maskParams=None, name='imgGreen', opacity=1.0, ori=1.0, pos=array([0., 0.]), size=array([1., 1.]), texRes=128, units='deg', win=Window(...))
26.0575 	EXP 	Created imgYellow = ImageStim(__class__=<class 'psychopy.visual.image.ImageStim'>, autoLog=True, color=array([1., 1., 1.]), colorSpace='rgb', contrast=1.0, depth=-4.0, flipHoriz=False, flipVert=False, image='sin', interpolate=True, mask=None, maskParams=None, name='imgYellow', opacity=1.0, ori=1.0, pos=array([0., 0.]), size=array([1., 1.]), texRes=128, units='deg', win=Window(...))
26.0576 	EXP 	window1: mouseVisible = True
26.0582 	EXP 	Created feedbackTxt = TextStim(__class__=<class 'psychopy.visual.text.TextStim'>, alignHoriz=method-wrapper(...), alignText='center', alignVert=method-wrapper(...), anchorHoriz='center', anchorVert='center', antialias=True, autoLog=True, bold=False, color=array([1., 1., 1.]), colorSpace='rgb', contrast=1.0, depth=-1.0, flipHoriz=False, flipVert=False, font='Arial', fontFiles=[], height=0.1, italic=False, languageStyle='Arabic', name='feedbackTxt', opacity=1.0, ori=0, pos=array([0., 0.]), rgb=array([1., 1., 1.]), text='', units='height', win=Window(...), wrapWidth=1)
26.0863 	EXP 	Created instrTxt = TextStim(__class__=<class 'psychopy.visual.text.TextStim'>, alignHoriz=method-wrapper(...), alignText='center', alignVert=method-wrapper(...), anchorHoriz='center', anchorVert='center', antialias=True, autoLog=True, bold=False, color=array([1., 1., 1.]), colorSpace='rgb', contrast=1.0, depth=0.0, flipHoriz=False, flipVert=False, font='Arial', fontFiles=[], height=0.05, italic=False, languageStyle='Arabic', name='instrTxt', opacity=1.0, ori=0, pos=array([0., 0.]), rgb=array([1., 1., 1.]), text=str(...), units='height', win=Window(...), wrapWidth=1)
26.0882 	EXP 	Created imgStart = ImageStim(__class__=<class 'psychopy.visual.image.ImageStim'>, autoLog=True, color=array([1., 1., 1.]), colorSpace='rgb', contrast=1.0, depth=-1.0, flipHoriz=False, flipVert=False, image='Start.jpg', interpolate=True, mask=None, maskParams=None, name='imgStart', opacity=1.0, ori=0.0, pos=array([-1., -9.]), size=array([5., 5.]), texRes=128, units='deg', win=Window(...))
26.0883 	EXP 	window1: mouseVisible = True
26.0940 	EXP 	Created targetTxt = TextStim(__class__=<class 'psychopy.visual.text.TextStim'>, alignHoriz=method-wrapper(...), alignText='center', alignVert=method-wrapper(...), anchorHoriz='center', anchorVert='center', antialias=True, autoLog=True, bold=False, color='white', colorSpace='named', contrast=1.0, depth=0.0, flipHoriz=False, flipVert=False, font='Arial', fontFiles=[], height=0.1, italic=False, languageStyle='Arabic', name='targetTxt', opacity=1.0, ori=0, pos=array([0., 0.]), rgb=array([255., 255., 255.]), text='default text', units='height', win=Window(...), wrapWidth=1)
26.0957 	EXP 	Created imgRed = ImageStim(__class__=<class 'psychopy.visual.image.ImageStim'>, autoLog=True, color=array([1., 1., 1.]), colorSpace='rgb', contrast=1.0, depth=-1.0, flipHoriz=False, flipVert=False, image='sin', interpolate=True, mask=None, maskParams=None, name='imgRed', opacity=1.0, ori=1.0, pos=array([0., 0.]), size=array([1., 1.]), texRes=128, units='deg', win=Window(...))
26.0973 	EXP 	Created imgBlue = ImageStim(__class__=<class 'psychopy.visual.image.ImageStim'>, autoLog=True, color=array([1., 1., 1.]), colorSpace='rgb', contrast=1.0, depth=-2.0, flipHoriz=False, flipVert=False, image='sin', interpolate=True, mask=None, maskParams=None, name='imgBlue', opacity=1.0, ori=1.0, pos=array([0., 0.]), size=array([1., 1.]), texRes=128, units='deg', win=Window(...))
26.0988 	EXP 	Created imgGreen = ImageStim(__class__=<class 'psychopy.visual.image.ImageStim'>, autoLog=True, color=array([1., 1., 1.]), colorSpace='rgb', contrast=1.0, depth=-3.0, flipHoriz=False, flipVert=False, image='sin', interpolate=True, mask=None, maskParams=None, name='imgGreen', opacity=1.0, ori=1.0, pos=array([0., 0.]), size=array([1., 1.]), texRes=128, units='deg', win=Window(...))
26.1007 	EXP 	Created imgYellow = ImageStim(__class__=<class 'psychopy.visual.image.ImageStim'>, autoLog=True, color=array([1., 1., 1.]), colorSpace='rgb', contrast=1.0, depth=-4.0, flipHoriz=False, flipVert=False, image='sin', interpolate=True, mask=None, maskParams=None, name='imgYellow', opacity=1.0, ori=1.0, pos=array([0., 0.]), size=array([1., 1.]), texRes=128, units='deg', win=Window(...))
26.1009 	EXP 	window1: mouseVisible = True
26.1389 	EXP 	Created thanksText = TextStim(__class__=<class 'psychopy.visual.text.TextStim'>, alignHoriz=method-wrapper(...), alignText='center', alignVert=method-wrapper(...), anchorHoriz='center', anchorVert='center', antialias=True, autoLog=True, bold=False, color=array([1., 1., 1.]), colorSpace='rgb', contrast=1.0, depth=0.0, flipHoriz=False, flipVert=False, font='Arial', fontFiles=[], height=0.1, italic=False, languageStyle='Arabic', name='thanksText', opacity=1.0, ori=0, pos=array([0., 0.]), rgb=array([1., 1., 1.]), text='ﻥﻮﻣﺯﺁ ﻥﺎﯾﺎﭘ\n\n!ﻢﯾﺭﺍﺰﮕﺳﺎﭙﺳ ﺭﺎﯿﺴﺑ ﺎﻤﺷ ﺯﺍ', units='height', win=Window(...), wrapWidth=1)
26.1941 	EXP 	instrTxt1: autoDraw = True
26.1941 	EXP 	imgStart1: autoDraw = True
28.7950 	DATA 	Mouse: Left button down, pos=(930,272)
28.8460 	EXP 	Imported practice.xlsx as conditions, 8 conditions, 4 params
28.8484 	EXP 	Created sequence: random, trialTypes=8, nReps=5, seed=None
28.8491 	EXP 	New trial (rep=0, index=0): OrderedDict([('word', 'سبز'), ('colour', 'green'), ('congruent', 1), ('corrAns', 'imgGreen')])
28.8936 	EXP 	instrTxt1: autoDraw = False
28.8936 	EXP 	imgStart1: autoDraw = False
28.8936 	EXP 	targetTxt: color = 'green (named)'
28.8936 	EXP 	targetTxt: text = 'سبز'
28.8936 	EXP 	imgRed: opacity = 1.0
28.8936 	EXP 	imgRed: pos = array([-1., -5.])
28.8936 	EXP 	imgRed: size = array([0.6, 0.6])
28.8936 	EXP 	imgRed: ori = 0.0
28.8936 	EXP 	imgRed: image = 'Red.jpg'
28.8936 	EXP 	imgBlue: opacity = 1.0
28.8936 	EXP 	imgBlue: pos = array([ 0., -5.])
28.8936 	EXP 	imgBlue: size = array([0.6, 0.6])
28.8936 	EXP 	imgBlue: ori = 1.0
28.8936 	EXP 	imgBlue: image = 'Blue.jpg'
28.8936 	EXP 	imgGreen: opacity = 1.0
28.8936 	EXP 	imgGreen: pos = array([ 1., -5.])
28.8936 	EXP 	imgGreen: size = array([0.6, 0.6])
28.8936 	EXP 	imgGreen: ori = 2.0
28.8936 	EXP 	imgGreen: image = 'Green.jpg'
28.8936 	EXP 	imgYellow: opacity = 1.0
28.8936 	EXP 	imgYellow: pos = array([ 2., -5.])
28.8936 	EXP 	imgYellow: size = array([0.6, 0.6])
28.8936 	EXP 	imgYellow: ori = 3.0
28.8936 	EXP 	imgYellow: image = 'Yellow.jpg'
28.8936 	EXP 	targetTxt: autoDraw = True
28.8936 	EXP 	imgRed: autoDraw = True
28.8936 	EXP 	imgBlue: autoDraw = True
28.8936 	EXP 	imgGreen: autoDraw = True
28.8936 	EXP 	imgYellow: autoDraw = True
28.9110 	DATA 	Mouse:  Left button up, pos=(931,271)
30.0282 	DATA 	Mouse: Left button down, pos=(988,372)
30.1946 	EXP 	window1: mouseVisible = True
