1.0587 	WARNING 	We strongly recommend you activate the PTB sound engine in PsychoPy prefs as the preferred audio engine. Its timing is vastly superior. Your prefs are currently set to use ['sounddevice', 'PTB', 'pyo', 'pygame'] (in that order).
19.5029 	WARNING 	User requested fullscreen with size [1536  864], but screen is actually [1920, 1080]. Using actual size
21.4495 	EXP 	Created window1 = Window(allowGUI=False, allowStencil=False, args=UNKNOWN, autoLog=True, bitsMode=UNKNOWN, blendMode='avg', bpc=(8, 8, 8), color=array([0., 0., 0.]), colorSpace='rgb', depthBits=8, fullscr=<method-wrapper '__getattribute__' of attributeSetter object at 0x000002186ACAC358>, gamma=None, gammaErrorPolicy='raise', kwargs=UNKNOWN, lms=UNKNOWN, monitor=<psychopy.monitors.calibTools.Monitor object at 0x000002186ACF9B70>, multiSample=False, name='window1', numSamples=2, pos=[0.0, 0.0], screen=0, size=array([1920, 1080]), stencilBits=0, stereo=False, units='height', useFBO=True, useRetina=False, viewOri=0.0, viewPos=None, viewScale=None, waitBlanking=True, winType='pyglet')
21.4500 	EXP 	window1: mouseVisible = True
21.4500 	EXP 	window1: recordFrameIntervals = False
21.6148 	EXP 	window1: recordFrameIntervals = True
21.7985 	EXP 	window1: recordFrameIntervals = False
22.1137 	EXP 	Created instrTxt1 = TextStim(__class__=<class 'psychopy.visual.text.TextStim'>, alignHoriz=method-wrapper(...), alignText='center', alignVert=method-wrapper(...), anchorHoriz='center', anchorVert='center', antialias=True, autoLog=True, bold=False, color=array([1., 1., 1.]), colorSpace='rgb', contrast=1.0, depth=0.0, flipHoriz=False, flipVert=False, font='Arial', fontFiles=[], height=0.05, italic=False, languageStyle='Arabic', name='instrTxt1', opacity=1.0, ori=0, pos=array([0., 0.]), rgb=array([1., 1., 1.]), text=str(...), units='height', win=Window(...), wrapWidth=1)
22.1187 	EXP 	Created imgStart1 = ImageStim(__class__=<class 'psychopy.visual.image.ImageStim'>, autoLog=True, color=array([1., 1., 1.]), colorSpace='rgb', contrast=1.0, depth=-1.0, flipHoriz=False, flipVert=False, image='Start.jpg', interpolate=True, mask=None, maskParams=None, name='imgStart1', opacity=1.0, ori=0.0, pos=array([-1., -9.]), size=array([5., 5.]), texRes=128, units='deg', win=Window(...))
22.1189 	EXP 	window1: mouseVisible = True
22.1651 	EXP 	Created targetTxt = TextStim(__class__=<class 'psychopy.visual.text.TextStim'>, alignHoriz=method-wrapper(...), alignText='center', alignVert=method-wrapper(...), anchorHoriz='center', anchorVert='center', antialias=True, autoLog=True, bold=False, color='white', colorSpace='named', contrast=1.0, depth=0.0, flipHoriz=False, flipVert=False, font='Arial', fontFiles=[], height=0.1, italic=False, languageStyle='Arabic', name='targetTxt', opacity=1.0, ori=0, pos=array([0., 0.]), rgb=array([255., 255., 255.]), text='default text', units='height', win=Window(...), wrapWidth=1)
22.1675 	EXP 	Created imgRed = ImageStim(__class__=<class 'psychopy.visual.image.ImageStim'>, autoLog=True, color=array([1., 1., 1.]), colorSpace='rgb', contrast=1.0, depth=-1.0, flipHoriz=False, flipVert=False, image='sin', interpolate=True, mask=None, maskParams=None, name='imgRed', opacity=1.0, ori=1.0, pos=array([0., 0.]), size=array([1., 1.]), texRes=128, units='deg', win=Window(...))
22.1697 	EXP 	Created imgBlue = ImageStim(__class__=<class 'psychopy.visual.image.ImageStim'>, autoLog=True, color=array([1., 1., 1.]), colorSpace='rgb', contrast=1.0, depth=-2.0, flipHoriz=False, flipVert=False, image='sin', interpolate=True, mask=None, maskParams=None, name='imgBlue', opacity=1.0, ori=1.0, pos=array([0., 0.]), size=array([1., 1.]), texRes=128, units='deg', win=Window(...))
22.1720 	EXP 	Created imgGreen = ImageStim(__class__=<class 'psychopy.visual.image.ImageStim'>, autoLog=True, color=array([1., 1., 1.]), colorSpace='rgb', contrast=1.0, depth=-3.0, flipHoriz=False, flipVert=False, image='sin', interpolate=True, mask=None, maskParams=None, name='imgGreen', opacity=1.0, ori=1.0, pos=array([0., 0.]), size=array([1., 1.]), texRes=128, units='deg', win=Window(...))
22.1741 	EXP 	Created imgYellow = ImageStim(__class__=<class 'psychopy.visual.image.ImageStim'>, autoLog=True, color=array([1., 1., 1.]), colorSpace='rgb', contrast=1.0, depth=-4.0, flipHoriz=False, flipVert=False, image='sin', interpolate=True, mask=None, maskParams=None, name='imgYellow', opacity=1.0, ori=1.0, pos=array([0., 0.]), size=array([1., 1.]), texRes=128, units='deg', win=Window(...))
22.1743 	EXP 	window1: mouseVisible = True
22.1753 	EXP 	Created feedbackTxt = TextStim(__class__=<class 'psychopy.visual.text.TextStim'>, alignHoriz=method-wrapper(...), alignText='center', alignVert=method-wrapper(...), anchorHoriz='center', anchorVert='center', antialias=True, autoLog=True, bold=False, color=array([1., 1., 1.]), colorSpace='rgb', contrast=1.0, depth=-1.0, flipHoriz=False, flipVert=False, font='Arial', fontFiles=[], height=0.1, italic=False, languageStyle='Arabic', name='feedbackTxt', opacity=1.0, ori=0, pos=array([0., 0.]), rgb=array([1., 1., 1.]), text='', units='height', win=Window(...), wrapWidth=1)
22.2102 	EXP 	Created instrTxt = TextStim(__class__=<class 'psychopy.visual.text.TextStim'>, alignHoriz=method-wrapper(...), alignText='center', alignVert=method-wrapper(...), anchorHoriz='center', anchorVert='center', antialias=True, autoLog=True, bold=False, color=array([1., 1., 1.]), colorSpace='rgb', contrast=1.0, depth=0.0, flipHoriz=False, flipVert=False, font='Arial', fontFiles=[], height=0.05, italic=False, languageStyle='Arabic', name='instrTxt', opacity=1.0, ori=0, pos=array([0., 0.]), rgb=array([1., 1., 1.]), text=str(...), units='height', win=Window(...), wrapWidth=1)
22.2128 	EXP 	Created imgStart = ImageStim(__class__=<class 'psychopy.visual.image.ImageStim'>, autoLog=True, color=array([1., 1., 1.]), colorSpace='rgb', contrast=1.0, depth=-1.0, flipHoriz=False, flipVert=False, image='Start.jpg', interpolate=True, mask=None, maskParams=None, name='imgStart', opacity=1.0, ori=0.0, pos=array([-1., -9.]), size=array([5., 5.]), texRes=128, units='deg', win=Window(...))
22.2130 	EXP 	window1: mouseVisible = True
22.2204 	EXP 	Created targetTxt = TextStim(__class__=<class 'psychopy.visual.text.TextStim'>, alignHoriz=method-wrapper(...), alignText='center', alignVert=method-wrapper(...), anchorHoriz='center', anchorVert='center', antialias=True, autoLog=True, bold=False, color='white', colorSpace='named', contrast=1.0, depth=0.0, flipHoriz=False, flipVert=False, font='Arial', fontFiles=[], height=0.1, italic=False, languageStyle='Arabic', name='targetTxt', opacity=1.0, ori=0, pos=array([0., 0.]), rgb=array([255., 255., 255.]), text='default text', units='height', win=Window(...), wrapWidth=1)
22.2224 	EXP 	Created imgRed = ImageStim(__class__=<class 'psychopy.visual.image.ImageStim'>, autoLog=True, color=array([1., 1., 1.]), colorSpace='rgb', contrast=1.0, depth=-1.0, flipHoriz=False, flipVert=False, image='sin', interpolate=True, mask=None, maskParams=None, name='imgRed', opacity=1.0, ori=1.0, pos=array([0., 0.]), size=array([1., 1.]), texRes=128, units='deg', win=Window(...))
22.2243 	EXP 	Created imgBlue = ImageStim(__class__=<class 'psychopy.visual.image.ImageStim'>, autoLog=True, color=array([1., 1., 1.]), colorSpace='rgb', contrast=1.0, depth=-2.0, flipHoriz=False, flipVert=False, image='sin', interpolate=True, mask=None, maskParams=None, name='imgBlue', opacity=1.0, ori=1.0, pos=array([0., 0.]), size=array([1., 1.]), texRes=128, units='deg', win=Window(...))
22.2260 	EXP 	Created imgGreen = ImageStim(__class__=<class 'psychopy.visual.image.ImageStim'>, autoLog=True, color=array([1., 1., 1.]), colorSpace='rgb', contrast=1.0, depth=-3.0, flipHoriz=False, flipVert=False, image='sin', interpolate=True, mask=None, maskParams=None, name='imgGreen', opacity=1.0, ori=1.0, pos=array([0., 0.]), size=array([1., 1.]), texRes=128, units='deg', win=Window(...))
22.2280 	EXP 	Created imgYellow = ImageStim(__class__=<class 'psychopy.visual.image.ImageStim'>, autoLog=True, color=array([1., 1., 1.]), colorSpace='rgb', contrast=1.0, depth=-4.0, flipHoriz=False, flipVert=False, image='sin', interpolate=True, mask=None, maskParams=None, name='imgYellow', opacity=1.0, ori=1.0, pos=array([0., 0.]), size=array([1., 1.]), texRes=128, units='deg', win=Window(...))
22.2282 	EXP 	window1: mouseVisible = True
22.2843 	EXP 	Created thanksText = TextStim(__class__=<class 'psychopy.visual.text.TextStim'>, alignHoriz=method-wrapper(...), alignText='center', alignVert=method-wrapper(...), anchorHoriz='center', anchorVert='center', antialias=True, autoLog=True, bold=False, color=array([1., 1., 1.]), colorSpace='rgb', contrast=1.0, depth=0.0, flipHoriz=False, flipVert=False, font='Arial', fontFiles=[], height=0.1, italic=False, languageStyle='Arabic', name='thanksText', opacity=1.0, ori=0, pos=array([0., 0.]), rgb=array([1., 1., 1.]), text='ﻥﻮﻣﺯﺁ ﻥﺎﯾﺎﭘ\n\n!ﻢﯾﺭﺍﺰﮕﺳﺎﭙﺳ ﺭﺎﯿﺴﺑ ﺎﻤﺷ ﺯﺍ', units='height', win=Window(...), wrapWidth=1)
22.3305 	EXP 	instrTxt1: autoDraw = True
22.3305 	EXP 	imgStart1: autoDraw = True
22.7650 	DATA 	Mouse: Left button down, pos=(903,246)
22.8166 	EXP 	Imported practice.xlsx as conditions, 8 conditions, 4 params
22.8175 	EXP 	Created sequence: random, trialTypes=8, nReps=5, seed=None
22.8181 	EXP 	New trial (rep=0, index=0): OrderedDict([('word', 'آبی'), ('colour', 'red'), ('congruent', 0), ('corrAns', 'imgRed')])
22.8636 	EXP 	instrTxt1: autoDraw = False
22.8636 	EXP 	imgStart1: autoDraw = False
22.8636 	EXP 	targetTxt: color = 'red (named)'
22.8636 	EXP 	targetTxt: text = 'آبی'
22.8636 	EXP 	imgRed: opacity = 1.0
22.8636 	EXP 	imgRed: pos = array([-1., -5.])
22.8636 	EXP 	imgRed: size = array([0.6, 0.6])
22.8636 	EXP 	imgRed: ori = 0.0
22.8636 	EXP 	imgRed: image = 'Red.jpg'
22.8636 	EXP 	imgBlue: opacity = 1.0
22.8636 	EXP 	imgBlue: pos = array([ 0., -5.])
22.8636 	EXP 	imgBlue: size = array([0.6, 0.6])
22.8636 	EXP 	imgBlue: ori = 1.0
22.8636 	EXP 	imgBlue: image = 'Blue.jpg'
22.8636 	EXP 	imgGreen: opacity = 1.0
22.8636 	EXP 	imgGreen: pos = array([ 1., -5.])
22.8636 	EXP 	imgGreen: size = array([0.6, 0.6])
22.8636 	EXP 	imgGreen: ori = 2.0
22.8636 	EXP 	imgGreen: image = 'Green.jpg'
22.8636 	EXP 	imgYellow: opacity = 1.0
22.8636 	EXP 	imgYellow: pos = array([ 2., -5.])
22.8636 	EXP 	imgYellow: size = array([0.6, 0.6])
22.8636 	EXP 	imgYellow: ori = 3.0
22.8636 	EXP 	imgYellow: image = 'Yellow.jpg'
22.8636 	EXP 	targetTxt: autoDraw = True
22.8636 	EXP 	imgRed: autoDraw = True
22.8636 	EXP 	imgBlue: autoDraw = True
22.8636 	EXP 	imgGreen: autoDraw = True
22.8636 	EXP 	imgYellow: autoDraw = True
22.9147 	DATA 	Mouse:  Left button up, pos=(903,246)
24.1151 	DATA 	Mouse: Left button down, pos=(926,372)
24.2568 	EXP 	window1: mouseVisible = True
