0.5337 	WARNING 	We strongly recommend you activate the PTB sound engine in PsychoPy prefs as the preferred audio engine. Its timing is vastly superior. Your prefs are currently set to use ['sounddevice', 'PTB', 'pyo', 'pygame'] (in that order).
12.6326 	WARNING 	User requested fullscreen with size [1536  864], but screen is actually [1920, 1080]. Using actual size
13.6762 	EXP 	Created window1 = Window(allowGUI=False, allowStencil=False, args=UNKNOWN, autoLog=True, bitsMode=UNKNOWN, blendMode='avg', bpc=(8, 8, 8), color=array([0., 0., 0.]), colorSpace='rgb', depthBits=8, fullscr=<method-wrapper '__getattribute__' of attributeSetter object at 0x0000021EA7C29668>, gamma=None, gammaErrorPolicy='raise', kwargs=UNKNOWN, lms=UNKNOWN, monitor=<psychopy.monitors.calibTools.Monitor object at 0x0000021EA7C6AE80>, multiSample=False, name='window1', numSamples=2, pos=[0.0, 0.0], screen=0, size=array([1920, 1080]), stencilBits=0, stereo=False, units='height', useFBO=True, useRetina=False, viewOri=0.0, viewPos=None, viewScale=None, waitBlanking=True, winType='pyglet')
13.6768 	EXP 	window1: mouseVisible = True
13.6770 	EXP 	window1: recordFrameIntervals = False
13.8414 	EXP 	window1: recordFrameIntervals = True
14.0251 	EXP 	window1: recordFrameIntervals = False
14.3276 	EXP 	Created instrTxt1 = TextStim(__class__=<class 'psychopy.visual.text.TextStim'>, alignHoriz=method-wrapper(...), alignText='center', alignVert=method-wrapper(...), anchorHoriz='center', anchorVert='center', antialias=True, autoLog=True, bold=False, color='white', colorSpace='named', contrast=1.0, depth=0.0, flipHoriz=False, flipVert=False, font='Arial', fontFiles=[], height=0.05, italic=False, languageStyle='Arabic', name='instrTxt1', opacity=1.0, ori=0, pos=array([0., 0.]), rgb=array([255., 255., 255.]), text=str(...), units='height', win=Window(...), wrapWidth=1)
14.3322 	EXP 	Created imgStart1 = ImageStim(__class__=<class 'psychopy.visual.image.ImageStim'>, autoLog=True, color=array([1., 1., 1.]), colorSpace='rgb', contrast=1.0, depth=-1.0, flipHoriz=False, flipVert=False, image='Start.jpg', interpolate=True, mask=None, maskParams=None, name='imgStart1', opacity=1.0, ori=0.0, pos=array([  -1., -300.]), size=array([125., 125.]), texRes=128, units='pix', win=Window(...))
14.3323 	EXP 	window1: mouseVisible = True
14.3675 	EXP 	Created targetTxt = TextStim(__class__=<class 'psychopy.visual.text.TextStim'>, alignHoriz=method-wrapper(...), alignText='center', alignVert=method-wrapper(...), anchorHoriz='center', anchorVert='center', antialias=True, autoLog=True, bold=False, color='white', colorSpace='named', contrast=1.0, depth=0.0, flipHoriz=False, flipVert=False, font='Arial', fontFiles=[], height=0.1, italic=False, languageStyle='Arabic', name='targetTxt', opacity=1.0, ori=0, pos=array([0., 0.]), rgb=array([255., 255., 255.]), text='default text', units='height', win=Window(...), wrapWidth=1)
14.3690 	EXP 	Created imgRed = ImageStim(__class__=<class 'psychopy.visual.image.ImageStim'>, autoLog=True, color=array([1., 1., 1.]), colorSpace='rgb', contrast=1.0, depth=-1.0, flipHoriz=False, flipVert=False, image='sin', interpolate=True, mask=None, maskParams=None, name='imgRed', opacity=1.0, ori=1.0, pos=array([0., 0.]), size=array([1., 1.]), texRes=128, units='pix', win=Window(...))
14.3704 	EXP 	Created imgBlue = ImageStim(__class__=<class 'psychopy.visual.image.ImageStim'>, autoLog=True, color=array([1., 1., 1.]), colorSpace='rgb', contrast=1.0, depth=-2.0, flipHoriz=False, flipVert=False, image='sin', interpolate=True, mask=None, maskParams=None, name='imgBlue', opacity=1.0, ori=1.0, pos=array([0., 0.]), size=array([1., 1.]), texRes=128, units='pix', win=Window(...))
14.3723 	EXP 	Created imgGreen = ImageStim(__class__=<class 'psychopy.visual.image.ImageStim'>, autoLog=True, color=array([1., 1., 1.]), colorSpace='rgb', contrast=1.0, depth=-3.0, flipHoriz=False, flipVert=False, image='sin', interpolate=True, mask=None, maskParams=None, name='imgGreen', opacity=1.0, ori=1.0, pos=array([0., 0.]), size=array([1., 1.]), texRes=128, units='pix', win=Window(...))
14.3737 	EXP 	Created imgYellow = ImageStim(__class__=<class 'psychopy.visual.image.ImageStim'>, autoLog=True, color=array([1., 1., 1.]), colorSpace='rgb', contrast=1.0, depth=-4.0, flipHoriz=False, flipVert=False, image='sin', interpolate=True, mask=None, maskParams=None, name='imgYellow', opacity=1.0, ori=1.0, pos=array([0., 0.]), size=array([1., 1.]), texRes=128, units='pix', win=Window(...))
14.3738 	EXP 	window1: mouseVisible = True
14.3816 	EXP 	Created feedbackTxt = TextStim(__class__=<class 'psychopy.visual.text.TextStim'>, alignHoriz=method-wrapper(...), alignText='center', alignVert=method-wrapper(...), anchorHoriz='center', anchorVert='center', antialias=True, autoLog=True, bold=False, color=array([1., 1., 1.]), colorSpace='rgb', contrast=1.0, depth=-1.0, flipHoriz=False, flipVert=False, font='Arial', fontFiles=[], height=0.1, italic=False, languageStyle='Arabic', name='feedbackTxt', opacity=1.0, ori=0, pos=array([0., 0.]), rgb=array([1., 1., 1.]), text='default text', units='height', win=Window(...), wrapWidth=1)
14.4060 	EXP 	Created instrTxt = TextStim(__class__=<class 'psychopy.visual.text.TextStim'>, alignHoriz=method-wrapper(...), alignText='center', alignVert=method-wrapper(...), anchorHoriz='center', anchorVert='center', antialias=True, autoLog=True, bold=False, color=array([1., 1., 1.]), colorSpace='rgb', contrast=1.0, depth=0.0, flipHoriz=False, flipVert=False, font='Arial', fontFiles=[], height=0.05, italic=False, languageStyle='Arabic', name='instrTxt', opacity=1.0, ori=0, pos=array([0., 0.]), rgb=array([1., 1., 1.]), text=str(...), units='height', win=Window(...), wrapWidth=1)
14.4079 	EXP 	Created imgStart = ImageStim(__class__=<class 'psychopy.visual.image.ImageStim'>, autoLog=True, color=array([1., 1., 1.]), colorSpace='rgb', contrast=1.0, depth=-1.0, flipHoriz=False, flipVert=False, image='Start.jpg', interpolate=True, mask=None, maskParams=None, name='imgStart', opacity=1.0, ori=0.0, pos=array([-1., -9.]), size=array([50., 50.]), texRes=128, units='pix', win=Window(...))
14.4080 	EXP 	window1: mouseVisible = True
14.4135 	EXP 	Created targetTxt = TextStim(__class__=<class 'psychopy.visual.text.TextStim'>, alignHoriz=method-wrapper(...), alignText='center', alignVert=method-wrapper(...), anchorHoriz='center', anchorVert='center', antialias=True, autoLog=True, bold=False, color='white', colorSpace='named', contrast=1.0, depth=0.0, flipHoriz=False, flipVert=False, font='Arial', fontFiles=[], height=0.1, italic=False, languageStyle='Arabic', name='targetTxt', opacity=1.0, ori=0, pos=array([0., 0.]), rgb=array([255., 255., 255.]), text='default text', units='height', win=Window(...), wrapWidth=1)
14.4163 	EXP 	Created imgRed = ImageStim(__class__=<class 'psychopy.visual.image.ImageStim'>, autoLog=True, color=array([1., 1., 1.]), colorSpace='rgb', contrast=1.0, depth=-1.0, flipHoriz=False, flipVert=False, image='sin', interpolate=True, mask=None, maskParams=None, name='imgRed', opacity=1.0, ori=1.0, pos=array([0., 0.]), size=array([1., 1.]), texRes=128, units='pix', win=Window(...))
14.4181 	EXP 	Created imgBlue = ImageStim(__class__=<class 'psychopy.visual.image.ImageStim'>, autoLog=True, color=array([1., 1., 1.]), colorSpace='rgb', contrast=1.0, depth=-2.0, flipHoriz=False, flipVert=False, image='sin', interpolate=True, mask=None, maskParams=None, name='imgBlue', opacity=1.0, ori=1.0, pos=array([0., 0.]), size=array([1., 1.]), texRes=128, units='pix', win=Window(...))
14.4194 	EXP 	Created imgGreen = ImageStim(__class__=<class 'psychopy.visual.image.ImageStim'>, autoLog=True, color=array([1., 1., 1.]), colorSpace='rgb', contrast=1.0, depth=-3.0, flipHoriz=False, flipVert=False, image='sin', interpolate=True, mask=None, maskParams=None, name='imgGreen', opacity=1.0, ori=1.0, pos=array([0., 0.]), size=array([1., 1.]), texRes=128, units='pix', win=Window(...))
14.4213 	EXP 	Created imgYellow = ImageStim(__class__=<class 'psychopy.visual.image.ImageStim'>, autoLog=True, color=array([1., 1., 1.]), colorSpace='rgb', contrast=1.0, depth=-4.0, flipHoriz=False, flipVert=False, image='sin', interpolate=True, mask=None, maskParams=None, name='imgYellow', opacity=1.0, ori=1.0, pos=array([0., 0.]), size=array([1., 1.]), texRes=128, units='pix', win=Window(...))
14.4215 	EXP 	window1: mouseVisible = True
14.4615 	EXP 	Created thanksText = TextStim(__class__=<class 'psychopy.visual.text.TextStim'>, alignHoriz=method-wrapper(...), alignText='center', alignVert=method-wrapper(...), anchorHoriz='center', anchorVert='center', antialias=True, autoLog=True, bold=False, color=array([1., 1., 1.]), colorSpace='rgb', contrast=1.0, depth=0.0, flipHoriz=False, flipVert=False, font='Arial', fontFiles=[], height=0.1, italic=False, languageStyle='Arabic', name='thanksText', opacity=1.0, ori=0, pos=array([0., 0.]), rgb=array([1., 1., 1.]), text='ﻥﻮﻣﺯﺁ ﻥﺎﯾﺎﭘ\n\n!ﻢﯾﺭﺍﺰﮕﺳﺎﭙﺳ ﺭﺎﯿﺴﺑ ﺎﻤﺷ ﺯﺍ', units='height', win=Window(...), wrapWidth=1)
14.5077 	EXP 	instrTxt1: autoDraw = True
14.5077 	EXP 	imgStart1: autoDraw = True
15.8463 	DATA 	Mouse: Left button down, pos=(971,249)
15.9750 	DATA 	Mouse:  Left button up, pos=(971,249)
17.1085 	DATA 	Mouse: Left button down, pos=(966,264)
17.2590 	DATA 	Mouse:  Left button up, pos=(966,264)
17.4090 	DATA 	Mouse: Left button down, pos=(966,264)
17.5576 	DATA 	Mouse:  Left button up, pos=(966,265)
17.6419 	DATA 	Mouse: Left button down, pos=(966,265)
17.7915 	DATA 	Mouse:  Left button up, pos=(966,265)
17.8790 	DATA 	Mouse: Left button down, pos=(966,266)
18.0084 	DATA 	Mouse:  Left button up, pos=(966,266)
18.1080 	DATA 	Mouse: Left button down, pos=(966,266)
18.2256 	DATA 	Mouse:  Left button up, pos=(966,266)
18.3120 	DATA 	Mouse: Left button down, pos=(966,266)
18.4413 	DATA 	Mouse:  Left button up, pos=(966,266)
18.5420 	DATA 	Mouse: Left button down, pos=(966,266)
18.6745 	DATA 	Mouse:  Left button up, pos=(967,267)
19.4631 	DATA 	Mouse: Left button down, pos=(975,209)
19.6080 	DATA 	Mouse:  Left button up, pos=(974,209)
19.7597 	DATA 	Mouse: Left button down, pos=(974,209)
19.9276 	DATA 	Mouse:  Left button up, pos=(974,209)
20.9244 	DATA 	Mouse: Left button down, pos=(954,284)
21.1420 	DATA 	Mouse:  Left button up, pos=(954,284)
22.0409 	DATA 	Mouse: Left button down, pos=(979,243)
22.1910 	DATA 	Mouse:  Left button up, pos=(979,243)
22.3075 	DATA 	Mouse: Left button down, pos=(979,245)
22.4415 	DATA 	Mouse:  Left button up, pos=(979,245)
22.5114 	DATA 	Mouse: Left button down, pos=(979,245)
22.6237 	DATA 	Mouse:  Left button up, pos=(978,247)
22.7107 	DATA 	Mouse: Left button down, pos=(977,248)
22.8238 	DATA 	Mouse:  Left button up, pos=(977,248)
22.8907 	DATA 	Mouse: Left button down, pos=(977,248)
23.0239 	DATA 	Mouse:  Left button up, pos=(977,249)
23.4905 	DATA 	Mouse: Left button down, pos=(957,250)
23.6070 	DATA 	Mouse:  Left button up, pos=(957,250)
23.7073 	DATA 	Mouse: Left button down, pos=(957,250)
23.8240 	DATA 	Mouse:  Left button up, pos=(957,250)
23.9071 	DATA 	Mouse: Left button down, pos=(957,250)
24.0571 	DATA 	Mouse:  Left button up, pos=(957,250)
24.3237 	DATA 	Mouse: Left button down, pos=(957,250)
24.4401 	DATA 	Mouse:  Left button up, pos=(957,250)
24.5265 	DATA 	Mouse: Left button down, pos=(957,250)
24.6903 	DATA 	Mouse:  Left button up, pos=(957,250)
24.9069 	DATA 	Mouse: Left button down, pos=(957,250)
25.0234 	DATA 	Mouse:  Left button up, pos=(957,250)
25.1069 	DATA 	Mouse: Left button down, pos=(957,250)
25.4236 	DATA 	Mouse:  Left button up, pos=(957,250)
25.5081 	DATA 	Mouse: Left button down, pos=(957,250)
25.6069 	DATA 	Mouse:  Left button up, pos=(957,250)
25.6902 	DATA 	Mouse: Left button down, pos=(957,250)
25.8232 	DATA 	Mouse:  Left button up, pos=(957,250)
27.0901 	DATA 	Keypress: escape
27.4123 	EXP 	window1: mouseVisible = True
