1.0855 	WARNING 	We strongly recommend you activate the PTB sound engine in PsychoPy prefs as the preferred audio engine. Its timing is vastly superior. Your prefs are currently set to use ['sounddevice', 'PTB', 'pyo', 'pygame'] (in that order).
19.2515 	WARNING 	User requested fullscreen with size [1536  864], but screen is actually [1920, 1080]. Using actual size
20.7223 	EXP 	Created window1 = Window(allowGUI=False, allowStencil=False, args=UNKNOWN, autoLog=True, bitsMode=UNKNOWN, blendMode='avg', bpc=(8, 8, 8), color=array([0., 0., 0.]), colorSpace='rgb', depthBits=8, fullscr=<method-wrapper '__getattribute__' of attributeSetter object at 0x0000015E898DC3C8>, gamma=None, gammaErrorPolicy='raise', kwargs=UNKNOWN, lms=UNKNOWN, monitor=<psychopy.monitors.calibTools.Monitor object at 0x0000015E89929BE0>, multiSample=False, name='window1', numSamples=2, pos=[0.0, 0.0], screen=0, size=array([1920, 1080]), stencilBits=0, stereo=False, units='height', useFBO=True, useRetina=False, viewOri=0.0, viewPos=None, viewScale=None, waitBlanking=True, winType='pyglet')
20.7228 	EXP 	window1: mouseVisible = True
20.7229 	EXP 	window1: recordFrameIntervals = False
20.8875 	EXP 	window1: recordFrameIntervals = True
21.0706 	EXP 	window1: recordFrameIntervals = False
21.3168 	EXP 	Created instrTxt1 = TextStim(__class__=<class 'psychopy.visual.text.TextStim'>, alignHoriz=method-wrapper(...), alignText='center', alignVert=method-wrapper(...), anchorHoriz='center', anchorVert='center', antialias=True, autoLog=True, bold=False, color=array([1., 1., 1.]), colorSpace='rgb', contrast=1.0, depth=0.0, flipHoriz=False, flipVert=False, font='Arial', fontFiles=[], height=0.05, italic=False, languageStyle='Arabic', name='instrTxt1', opacity=1.0, ori=0, pos=array([0., 0.]), rgb=array([1., 1., 1.]), text=str(...), units='height', win=Window(...), wrapWidth=1)
21.3198 	EXP 	Created imgStart1 = ImageStim(__class__=<class 'psychopy.visual.image.ImageStim'>, autoLog=True, color=array([1., 1., 1.]), colorSpace='rgb', contrast=1.0, depth=-1.0, flipHoriz=False, flipVert=False, image='Start.jpg', interpolate=True, mask=None, maskParams=None, name='imgStart1', opacity=1.0, ori=0.0, pos=array([-1., -9.]), size=array([5., 5.]), texRes=128, units='deg', win=Window(...))
21.3200 	EXP 	window1: mouseVisible = True
21.3463 	EXP 	Created targetTxt = TextStim(__class__=<class 'psychopy.visual.text.TextStim'>, alignHoriz=method-wrapper(...), alignText='center', alignVert=method-wrapper(...), anchorHoriz='center', anchorVert='center', antialias=True, autoLog=True, bold=False, color='white', colorSpace='named', contrast=1.0, depth=0.0, flipHoriz=False, flipVert=False, font='Arial', fontFiles=[], height=0.1, italic=False, languageStyle='Arabic', name='targetTxt', opacity=1.0, ori=0, pos=array([0., 0.]), rgb=array([255., 255., 255.]), text='default text', units='height', win=Window(...), wrapWidth=1)
21.3478 	EXP 	Created imgRed = ImageStim(__class__=<class 'psychopy.visual.image.ImageStim'>, autoLog=True, color=array([1., 1., 1.]), colorSpace='rgb', contrast=1.0, depth=-1.0, flipHoriz=False, flipVert=False, image='sin', interpolate=True, mask=None, maskParams=None, name='imgRed', opacity=1.0, ori=1.0, pos=array([0., 0.]), size=array([1., 1.]), texRes=128, units='deg', win=Window(...))
21.3492 	EXP 	Created imgBlue = ImageStim(__class__=<class 'psychopy.visual.image.ImageStim'>, autoLog=True, color=array([1., 1., 1.]), colorSpace='rgb', contrast=1.0, depth=-2.0, flipHoriz=False, flipVert=False, image='sin', interpolate=True, mask=None, maskParams=None, name='imgBlue', opacity=1.0, ori=1.0, pos=array([0., 0.]), size=array([1., 1.]), texRes=128, units='deg', win=Window(...))
21.3506 	EXP 	Created imgGreen = ImageStim(__class__=<class 'psychopy.visual.image.ImageStim'>, autoLog=True, color=array([1., 1., 1.]), colorSpace='rgb', contrast=1.0, depth=-3.0, flipHoriz=False, flipVert=False, image='sin', interpolate=True, mask=None, maskParams=None, name='imgGreen', opacity=1.0, ori=1.0, pos=array([0., 0.]), size=array([1., 1.]), texRes=128, units='deg', win=Window(...))
21.3520 	EXP 	Created imgYellow = ImageStim(__class__=<class 'psychopy.visual.image.ImageStim'>, autoLog=True, color=array([1., 1., 1.]), colorSpace='rgb', contrast=1.0, depth=-4.0, flipHoriz=False, flipVert=False, image='sin', interpolate=True, mask=None, maskParams=None, name='imgYellow', opacity=1.0, ori=1.0, pos=array([0., 0.]), size=array([1., 1.]), texRes=128, units='deg', win=Window(...))
21.3521 	EXP 	window1: mouseVisible = True
21.3527 	EXP 	Created feedbackTxt = TextStim(__class__=<class 'psychopy.visual.text.TextStim'>, alignHoriz=method-wrapper(...), alignText='center', alignVert=method-wrapper(...), anchorHoriz='center', anchorVert='center', antialias=True, autoLog=True, bold=False, color=array([1., 1., 1.]), colorSpace='rgb', contrast=1.0, depth=-1.0, flipHoriz=False, flipVert=False, font='Arial', fontFiles=[], height=0.1, italic=False, languageStyle='Arabic', name='feedbackTxt', opacity=1.0, ori=0, pos=array([0., 0.]), rgb=array([1., 1., 1.]), text='', units='height', win=Window(...), wrapWidth=1)
21.3782 	EXP 	Created instrTxt = TextStim(__class__=<class 'psychopy.visual.text.TextStim'>, alignHoriz=method-wrapper(...), alignText='center', alignVert=method-wrapper(...), anchorHoriz='center', anchorVert='center', antialias=True, autoLog=True, bold=False, color=array([1., 1., 1.]), colorSpace='rgb', contrast=1.0, depth=0.0, flipHoriz=False, flipVert=False, font='Arial', fontFiles=[], height=0.05, italic=False, languageStyle='Arabic', name='instrTxt', opacity=1.0, ori=0, pos=array([0., 0.]), rgb=array([1., 1., 1.]), text=str(...), units='height', win=Window(...), wrapWidth=1)
21.3803 	EXP 	Created imgStart = ImageStim(__class__=<class 'psychopy.visual.image.ImageStim'>, autoLog=True, color=array([1., 1., 1.]), colorSpace='rgb', contrast=1.0, depth=-1.0, flipHoriz=False, flipVert=False, image='Start.jpg', interpolate=True, mask=None, maskParams=None, name='imgStart', opacity=1.0, ori=0.0, pos=array([-1., -9.]), size=array([5., 5.]), texRes=128, units='deg', win=Window(...))
21.3804 	EXP 	window1: mouseVisible = True
21.3865 	EXP 	Created targetTxt = TextStim(__class__=<class 'psychopy.visual.text.TextStim'>, alignHoriz=method-wrapper(...), alignText='center', alignVert=method-wrapper(...), anchorHoriz='center', anchorVert='center', antialias=True, autoLog=True, bold=False, color='white', colorSpace='named', contrast=1.0, depth=0.0, flipHoriz=False, flipVert=False, font='Arial', fontFiles=[], height=0.1, italic=False, languageStyle='Arabic', name='targetTxt', opacity=1.0, ori=0, pos=array([0., 0.]), rgb=array([255., 255., 255.]), text='default text', units='height', win=Window(...), wrapWidth=1)
21.3883 	EXP 	Created imgRed = ImageStim(__class__=<class 'psychopy.visual.image.ImageStim'>, autoLog=True, color=array([1., 1., 1.]), colorSpace='rgb', contrast=1.0, depth=-1.0, flipHoriz=False, flipVert=False, image='sin', interpolate=True, mask=None, maskParams=None, name='imgRed', opacity=1.0, ori=1.0, pos=array([0., 0.]), size=array([1., 1.]), texRes=128, units='deg', win=Window(...))
21.3903 	EXP 	Created imgBlue = ImageStim(__class__=<class 'psychopy.visual.image.ImageStim'>, autoLog=True, color=array([1., 1., 1.]), colorSpace='rgb', contrast=1.0, depth=-2.0, flipHoriz=False, flipVert=False, image='sin', interpolate=True, mask=None, maskParams=None, name='imgBlue', opacity=1.0, ori=1.0, pos=array([0., 0.]), size=array([1., 1.]), texRes=128, units='deg', win=Window(...))
21.3918 	EXP 	Created imgGreen = ImageStim(__class__=<class 'psychopy.visual.image.ImageStim'>, autoLog=True, color=array([1., 1., 1.]), colorSpace='rgb', contrast=1.0, depth=-3.0, flipHoriz=False, flipVert=False, image='sin', interpolate=True, mask=None, maskParams=None, name='imgGreen', opacity=1.0, ori=1.0, pos=array([0., 0.]), size=array([1., 1.]), texRes=128, units='deg', win=Window(...))
21.3936 	EXP 	Created imgYellow = ImageStim(__class__=<class 'psychopy.visual.image.ImageStim'>, autoLog=True, color=array([1., 1., 1.]), colorSpace='rgb', contrast=1.0, depth=-4.0, flipHoriz=False, flipVert=False, image='sin', interpolate=True, mask=None, maskParams=None, name='imgYellow', opacity=1.0, ori=1.0, pos=array([0., 0.]), size=array([1., 1.]), texRes=128, units='deg', win=Window(...))
21.3938 	EXP 	window1: mouseVisible = True
21.4313 	EXP 	Created thanksText = TextStim(__class__=<class 'psychopy.visual.text.TextStim'>, alignHoriz=method-wrapper(...), alignText='center', alignVert=method-wrapper(...), anchorHoriz='center', anchorVert='center', antialias=True, autoLog=True, bold=False, color=array([1., 1., 1.]), colorSpace='rgb', contrast=1.0, depth=0.0, flipHoriz=False, flipVert=False, font='Arial', fontFiles=[], height=0.1, italic=False, languageStyle='Arabic', name='thanksText', opacity=1.0, ori=0, pos=array([0., 0.]), rgb=array([1., 1., 1.]), text='ﻥﻮﻣﺯﺁ ﻥﺎﯾﺎﭘ\n\n!ﻢﯾﺭﺍﺰﮕﺳﺎﭙﺳ ﺭﺎﯿﺴﺑ ﺎﻤﺷ ﺯﺍ', units='height', win=Window(...), wrapWidth=1)
21.4702 	EXP 	instrTxt1: autoDraw = True
21.4702 	EXP 	imgStart1: autoDraw = True
23.5550 	DATA 	Mouse: Left button down, pos=(918,192)
23.5968 	EXP 	Imported practice.xlsx as conditions, 8 conditions, 4 params
23.5975 	EXP 	Created sequence: random, trialTypes=8, nReps=5, seed=None
23.5981 	EXP 	New trial (rep=0, index=0): OrderedDict([('word', 'زرد'), ('colour', 'green'), ('congruent', 0), ('corrAns', 'imgGreen')])
23.6367 	EXP 	instrTxt1: autoDraw = False
23.6367 	EXP 	imgStart1: autoDraw = False
23.6367 	EXP 	targetTxt: color = 'green (named)'
23.6367 	EXP 	targetTxt: text = 'زرد'
23.6367 	EXP 	imgRed: opacity = 1.0
23.6367 	EXP 	imgRed: pos = array([-1., -5.])
23.6367 	EXP 	imgRed: size = array([0.6, 0.6])
23.6367 	EXP 	imgRed: ori = 0.0
23.6367 	EXP 	imgRed: image = 'Red.jpg'
23.6367 	EXP 	imgBlue: opacity = 1.0
23.6367 	EXP 	imgBlue: pos = array([ 0., -5.])
23.6367 	EXP 	imgBlue: size = array([0.6, 0.6])
23.6367 	EXP 	imgBlue: ori = 1.0
23.6367 	EXP 	imgBlue: image = 'Blue.jpg'
23.6367 	EXP 	imgGreen: opacity = 1.0
23.6367 	EXP 	imgGreen: pos = array([ 1., -5.])
23.6367 	EXP 	imgGreen: size = array([0.6, 0.6])
23.6367 	EXP 	imgGreen: ori = 2.0
23.6367 	EXP 	imgGreen: image = 'Green.jpg'
23.6367 	EXP 	imgYellow: opacity = 1.0
23.6367 	EXP 	imgYellow: pos = array([ 2., -5.])
23.6367 	EXP 	imgYellow: size = array([0.6, 0.6])
23.6367 	EXP 	imgYellow: ori = 3.0
23.6367 	EXP 	imgYellow: image = 'Yellow.jpg'
23.6367 	EXP 	targetTxt: autoDraw = True
23.6367 	EXP 	imgRed: autoDraw = True
23.6367 	EXP 	imgBlue: autoDraw = True
23.6367 	EXP 	imgGreen: autoDraw = True
23.6367 	EXP 	imgYellow: autoDraw = True
23.6580 	DATA 	Mouse:  Left button up, pos=(918,192)
25.0265 	DATA 	Mouse: Left button down, pos=(996,371)
25.1792 	EXP 	window1: mouseVisible = True
